<?xml version="1.0" encoding="UTF-8" standalone="no"?>
<!DOCTYPE log SYSTEM "logger.dtd">
<log>
<record>
  <date>2019-12-19T11:58:07</date>
  <millis>1576774687341</millis>
  <sequence>0</sequence>
  <level>START</level>
  <class>com.kms.katalon.core.logging.XmlKeywordLogger</class>
  <method>startSuite</method>
  <thread>1</thread>
  <message>Start Test Suite : Test Suites/Correspondencia/FlujoCompleto</message>
  <nestedLevel>0</nestedLevel>
  <property name="name">FlujoCompleto</property>
  <property name="description"></property>
  <property name="id">Test Suites/Correspondencia/FlujoCompleto</property>
</record>
<record>
  <date>2019-12-19T11:58:07</date>
  <millis>1576774687354</millis>
  <sequence>1</sequence>
  <level>RUN_DATA</level>
  <class>com.kms.katalon.core.logging.XmlKeywordLogger</class>
  <method>logMessage</method>
  <thread>1</thread>
  <message>hostName = Lgarciaa - P-Lgarciaa.intergrupo.com</message>
  <nestedLevel>0</nestedLevel>
  <property name="hostName">Lgarciaa - P-Lgarciaa.intergrupo.com</property>
</record>
<record>
  <date>2019-12-19T11:58:07</date>
  <millis>1576774687356</millis>
  <sequence>2</sequence>
  <level>RUN_DATA</level>
  <class>com.kms.katalon.core.logging.XmlKeywordLogger</class>
  <method>logMessage</method>
  <thread>1</thread>
  <message>os = Windows 10 64bit</message>
  <nestedLevel>0</nestedLevel>
  <property name="os">Windows 10 64bit</property>
</record>
<record>
  <date>2019-12-19T11:58:07</date>
  <millis>1576774687356</millis>
  <sequence>3</sequence>
  <level>RUN_DATA</level>
  <class>com.kms.katalon.core.logging.XmlKeywordLogger</class>
  <method>logMessage</method>
  <thread>1</thread>
  <message>hostAddress = 10.60.6.13</message>
  <nestedLevel>0</nestedLevel>
  <property name="hostAddress">10.60.6.13</property>
</record>
<record>
  <date>2019-12-19T11:58:07</date>
  <millis>1576774687357</millis>
  <sequence>4</sequence>
  <level>RUN_DATA</level>
  <class>com.kms.katalon.core.logging.XmlKeywordLogger</class>
  <method>logMessage</method>
  <thread>1</thread>
  <message>katalonVersion = 7.1.0.1</message>
  <nestedLevel>0</nestedLevel>
  <property name="katalonVersion">7.1.0.1</property>
</record>
<record>
  <date>2019-12-19T11:58:07</date>
  <millis>1576774687545</millis>
  <sequence>5</sequence>
  <level>START</level>
  <class>com.kms.katalon.core.logging.XmlKeywordLogger</class>
  <method>startTest</method>
  <thread>1</thread>
  <message>Start Test Case : Test Cases/Ejecutivo_Responsable/CriterioTecnico</message>
  <nestedLevel>1</nestedLevel>
  <property name="name">Test Cases/Ejecutivo_Responsable/CriterioTecnico</property>
  <property name="description"></property>
  <property name="id">Test Cases/Ejecutivo_Responsable/CriterioTecnico</property>
  <property name="source">F:\\Proyectos\\CAF_FlujoCorrespondencia\\Test Cases\\Ejecutivo_Responsable\\CriterioTecnico.tc</property>
  <property name="tag"></property>
  <property name="isOptional">false</property>
</record>
<record>
  <date>2019-12-19T11:58:07</date>
  <millis>1576774687860</millis>
  <sequence>7</sequence>
  <level>START</level>
  <class>com.kms.katalon.core.logging.XmlKeywordLogger</class>
  <method>startKeyword</method>
  <thread>1</thread>
  <message>Start action : callTestCase(findTestCase(\&amp;quot;Representante/InicioSesion_AccesoCorreo\&amp;quot;), [:], STOP_ON_FAILURE)</message>
  <nestedLevel>1</nestedLevel>
  <property name="startLine">19</property>
  <property name="stepIndex">1</property>
</record>
<record>
  <date>2019-12-19T11:58:08</date>
  <millis>1576774688033</millis>
  <sequence>10</sequence>
  <level>START</level>
  <class>com.kms.katalon.core.logging.XmlKeywordLogger</class>
  <method>startTest</method>
  <thread>1</thread>
  <message>Start Test Case : Test Cases/Representante/InicioSesion_AccesoCorreo</message>
  <nestedLevel>2</nestedLevel>
  <property name="name">Test Cases/Representante/InicioSesion_AccesoCorreo</property>
  <property name="description"></property>
  <property name="id">Test Cases/Representante/InicioSesion_AccesoCorreo</property>
  <property name="source">F:\\Proyectos\\CAF_FlujoCorrespondencia\\Test Cases\\Representante\\InicioSesion_AccesoCorreo.tc</property>
  <property name="tag"></property>
  <property name="isOptional">false</property>
</record>
<record>
  <date>2019-12-19T11:58:08</date>
  <millis>1576774688214</millis>
  <sequence>12</sequence>
  <level>START</level>
  <class>com.kms.katalon.core.logging.XmlKeywordLogger</class>
  <method>startKeyword</method>
  <thread>1</thread>
  <message>Start action : openBrowser(\&amp;quot;\&amp;quot;)</message>
  <nestedLevel>1</nestedLevel>
  <property name="startLine">19</property>
  <property name="stepIndex">1</property>
</record>
<record>
  <date>2019-12-19T11:58:08</date>
  <millis>1576774688407</millis>
  <sequence>14</sequence>
  <level>INFO</level>
  <class>com.kms.katalon.core.logging.XmlKeywordLogger</class>
  <method>logMessage</method>
  <thread>1</thread>
  <message>Starting &amp;apos;Chrome&amp;apos; driver</message>
  <nestedLevel>2</nestedLevel>
</record>
<record>
  <date>2019-12-19T11:58:08</date>
  <millis>1576774688442</millis>
  <sequence>16</sequence>
  <level>INFO</level>
  <class>com.kms.katalon.core.logging.XmlKeywordLogger</class>
  <method>logMessage</method>
  <thread>1</thread>
  <message>Action delay is set to 0 seconds</message>
  <nestedLevel>2</nestedLevel>
</record>
<record>
  <date>2019-12-19T11:58:15</date>
  <millis>1576774695727</millis>
  <sequence>18</sequence>
  <level>RUN_DATA</level>
  <class>com.kms.katalon.core.logging.XmlKeywordLogger</class>
  <method>logMessage</method>
  <thread>1</thread>
  <message>sessionId = 74721f0fa0e6781c2142924b3e00f195</message>
  <nestedLevel>2</nestedLevel>
  <property name="sessionId">74721f0fa0e6781c2142924b3e00f195</property>
</record>
<record>
  <date>2019-12-19T11:58:15</date>
  <millis>1576774695750</millis>
  <sequence>19</sequence>
  <level>RUN_DATA</level>
  <class>com.kms.katalon.core.logging.XmlKeywordLogger</class>
  <method>logMessage</method>
  <thread>1</thread>
  <message>browser = Chrome 79.0.3945.88</message>
  <nestedLevel>2</nestedLevel>
  <property name="browser">Chrome 79.0.3945.88</property>
</record>
<record>
  <date>2019-12-19T11:58:15</date>
  <millis>1576774695751</millis>
  <sequence>20</sequence>
  <level>RUN_DATA</level>
  <class>com.kms.katalon.core.logging.XmlKeywordLogger</class>
  <method>logMessage</method>
  <thread>1</thread>
  <message>platform = Windows 10</message>
  <nestedLevel>2</nestedLevel>
  <property name="platform">Windows 10</property>
</record>
<record>
  <date>2019-12-19T11:58:15</date>
  <millis>1576774695752</millis>
  <sequence>21</sequence>
  <level>RUN_DATA</level>
  <class>com.kms.katalon.core.logging.XmlKeywordLogger</class>
  <method>logMessage</method>
  <thread>1</thread>
  <message>seleniumVersion = 3.141.59</message>
  <nestedLevel>2</nestedLevel>
  <property name="seleniumVersion">3.141.59</property>
</record>
<record>
  <date>2019-12-19T11:58:15</date>
  <millis>1576774695753</millis>
  <sequence>22</sequence>
  <level>RUN_DATA</level>
  <class>com.kms.katalon.core.logging.XmlKeywordLogger</class>
  <method>logMessage</method>
  <thread>1</thread>
  <message>proxyInformation = ProxyInformation{proxyOption=NO_PROXY, proxyServerType=HTTP, password=, proxyServerAddress=, proxyServerPort=0}</message>
  <nestedLevel>2</nestedLevel>
  <property name="proxyInformation">ProxyInformation{proxyOption=NO_PROXY, proxyServerType=HTTP, password=, proxyServerAddress=, proxyServerPort=0}</property>
</record>
<record>
  <date>2019-12-19T11:58:15</date>
  <millis>1576774695778</millis>
  <sequence>23</sequence>
  <level>PASSED</level>
  <class>com.kms.katalon.core.logging.XmlKeywordLogger</class>
  <method>logMessage</method>
  <thread>1</thread>
  <message>Browser is opened with url: &amp;apos;&amp;apos;</message>
  <nestedLevel>2</nestedLevel>
</record>
<record>
  <date>2019-12-19T11:58:15</date>
  <millis>1576774695779</millis>
  <sequence>24</sequence>
  <level>END</level>
  <class>com.kms.katalon.core.logging.XmlKeywordLogger</class>
  <method>endKeyword</method>
  <thread>1</thread>
  <message>End action : openBrowser(\&amp;quot;\&amp;quot;)</message>
  <nestedLevel>1</nestedLevel>
</record>
<record>
  <date>2019-12-19T11:58:15</date>
  <millis>1576774695780</millis>
  <sequence>25</sequence>
  <level>START</level>
  <class>com.kms.katalon.core.logging.XmlKeywordLogger</class>
  <method>startKeyword</method>
  <thread>1</thread>
  <message>Start action : navigateToUrl(\&amp;quot;https://login.microsoftonline.com/common/oauth2/authorize?client_id=00000002-0000-0ff1-ce00-000000000000&amp;amp;redirect_uri=https%3a%2f%2foutlook.office365.com%2fowa%2f&amp;amp;resource=00000002-0000-0ff1-ce00-000000000000&amp;amp;response_mode=form_post&amp;amp;response_type=code+id_token&amp;amp;scope=openid&amp;amp;msafed=0&amp;amp;client-request-id=90e6bfa9-e6ec-46ab-82c3-1c848ab25309&amp;amp;protectedtoken=true&amp;amp;nonce=637105585405285449.f41578f0-f800-4006-b334-7ecc8f885085&amp;amp;state=DcsxEoAwCAVRouNxMD8GAh5HM9Jaen0p9nVbiGjNlqwgIRvdGlRdBXqkcu4hTc0DHA6wAIPv3oXtmdPDXeFa8t3q-131Bw\&amp;quot;)</message>
  <nestedLevel>1</nestedLevel>
  <property name="startLine">21</property>
  <property name="stepIndex">2</property>
</record>
<record>
  <date>2019-12-19T11:58:16</date>
  <millis>1576774696486</millis>
  <sequence>28</sequence>
  <level>PASSED</level>
  <class>com.kms.katalon.core.logging.XmlKeywordLogger</class>
  <method>logMessage</method>
  <thread>1</thread>
  <message>Navigate to &amp;apos;https://login.microsoftonline.com/common/oauth2/authorize?client_id=00000002-0000-0ff1-ce00-000000000000&amp;amp;redirect_uri=https%3a%2f%2foutlook.office365.com%2fowa%2f&amp;amp;resource=00000002-0000-0ff1-ce00-000000000000&amp;amp;response_mode=form_post&amp;amp;response_type=code+id_token&amp;amp;scope=openid&amp;amp;msafed=0&amp;amp;client-request-id=90e6bfa9-e6ec-46ab-82c3-1c848ab25309&amp;amp;protectedtoken=true&amp;amp;nonce=637105585405285449.f41578f0-f800-4006-b334-7ecc8f885085&amp;amp;state=DcsxEoAwCAVRouNxMD8GAh5HM9Jaen0p9nVbiGjNlqwgIRvdGlRdBXqkcu4hTc0DHA6wAIPv3oXtmdPDXeFa8t3q-131Bw&amp;apos; successfully</message>
  <nestedLevel>2</nestedLevel>
</record>
<record>
  <date>2019-12-19T11:58:16</date>
  <millis>1576774696487</millis>
  <sequence>29</sequence>
  <level>END</level>
  <class>com.kms.katalon.core.logging.XmlKeywordLogger</class>
  <method>endKeyword</method>
  <thread>1</thread>
  <message>End action : navigateToUrl(\&amp;quot;https://login.microsoftonline.com/common/oauth2/authorize?client_id=00000002-0000-0ff1-ce00-000000000000&amp;amp;redirect_uri=https%3a%2f%2foutlook.office365.com%2fowa%2f&amp;amp;resource=00000002-0000-0ff1-ce00-000000000000&amp;amp;response_mode=form_post&amp;amp;response_type=code+id_token&amp;amp;scope=openid&amp;amp;msafed=0&amp;amp;client-request-id=90e6bfa9-e6ec-46ab-82c3-1c848ab25309&amp;amp;protectedtoken=true&amp;amp;nonce=637105585405285449.f41578f0-f800-4006-b334-7ecc8f885085&amp;amp;state=DcsxEoAwCAVRouNxMD8GAh5HM9Jaen0p9nVbiGjNlqwgIRvdGlRdBXqkcu4hTc0DHA6wAIPv3oXtmdPDXeFa8t3q-131Bw\&amp;quot;)</message>
  <nestedLevel>1</nestedLevel>
</record>
<record>
  <date>2019-12-19T11:58:16</date>
  <millis>1576774696488</millis>
  <sequence>30</sequence>
  <level>START</level>
  <class>com.kms.katalon.core.logging.XmlKeywordLogger</class>
  <method>startKeyword</method>
  <thread>1</thread>
  <message>Start action : setText(findTestObject(\&amp;quot;Object Repository/Representante/input_to continue to Outlook_loginfmt\&amp;quot;), \&amp;quot;Lgarciaa@intergrupo.com\&amp;quot;)</message>
  <nestedLevel>1</nestedLevel>
  <property name="startLine">23</property>
  <property name="stepIndex">3</property>
</record>
<record>
  <date>2019-12-19T11:58:18</date>
  <millis>1576774698198</millis>
  <sequence>40</sequence>
  <level>PASSED</level>
  <class>com.kms.katalon.core.logging.XmlKeywordLogger</class>
  <method>logMessage</method>
  <thread>1</thread>
  <message>Text &amp;apos;Lgarciaa@intergrupo.com&amp;apos; is set on object &amp;apos;Object Repository/Representante/input_to continue to Outlook_loginfmt&amp;apos;</message>
  <nestedLevel>2</nestedLevel>
</record>
<record>
  <date>2019-12-19T11:58:18</date>
  <millis>1576774698199</millis>
  <sequence>41</sequence>
  <level>END</level>
  <class>com.kms.katalon.core.logging.XmlKeywordLogger</class>
  <method>endKeyword</method>
  <thread>1</thread>
  <message>End action : setText(findTestObject(\&amp;quot;Object Repository/Representante/input_to continue to Outlook_loginfmt\&amp;quot;), \&amp;quot;Lgarciaa@intergrupo.com\&amp;quot;)</message>
  <nestedLevel>1</nestedLevel>
</record>
<record>
  <date>2019-12-19T11:58:18</date>
  <millis>1576774698199</millis>
  <sequence>42</sequence>
  <level>START</level>
  <class>com.kms.katalon.core.logging.XmlKeywordLogger</class>
  <method>startKeyword</method>
  <thread>1</thread>
  <message>Start action : click(findTestObject(\&amp;quot;Object Repository/Representante/input_to continue to Outlook_idSIButton9\&amp;quot;))</message>
  <nestedLevel>1</nestedLevel>
  <property name="startLine">25</property>
  <property name="stepIndex">4</property>
</record>
<record>
  <date>2019-12-19T11:58:18</date>
  <millis>1576774698657</millis>
  <sequence>52</sequence>
  <level>PASSED</level>
  <class>com.kms.katalon.core.logging.XmlKeywordLogger</class>
  <method>logMessage</method>
  <thread>1</thread>
  <message>Object: &amp;apos;Object Repository/Representante/input_to continue to Outlook_idSIButton9&amp;apos; is clicked on</message>
  <nestedLevel>2</nestedLevel>
</record>
<record>
  <date>2019-12-19T11:58:18</date>
  <millis>1576774698658</millis>
  <sequence>53</sequence>
  <level>END</level>
  <class>com.kms.katalon.core.logging.XmlKeywordLogger</class>
  <method>endKeyword</method>
  <thread>1</thread>
  <message>End action : click(findTestObject(\&amp;quot;Object Repository/Representante/input_to continue to Outlook_idSIButton9\&amp;quot;))</message>
  <nestedLevel>1</nestedLevel>
</record>
<record>
  <date>2019-12-19T11:58:18</date>
  <millis>1576774698659</millis>
  <sequence>54</sequence>
  <level>START</level>
  <class>com.kms.katalon.core.logging.XmlKeywordLogger</class>
  <method>startKeyword</method>
  <thread>1</thread>
  <message>Start action : setEncryptedText(findTestObject(\&amp;quot;Object Repository/Representante/input_Enter password_passwd\&amp;quot;), \&amp;quot;ZOlv4XWAQZkh7wlYSNhOVA==\&amp;quot;)</message>
  <nestedLevel>1</nestedLevel>
  <property name="startLine">27</property>
  <property name="stepIndex">5</property>
</record>
<record>
  <date>2019-12-19T11:58:19</date>
  <millis>1576774699825</millis>
  <sequence>64</sequence>
  <level>PASSED</level>
  <class>com.kms.katalon.core.logging.XmlKeywordLogger</class>
  <method>logMessage</method>
  <thread>1</thread>
  <message>Text ****** has been set on object &amp;apos;Object Repository/Representante/input_Enter password_passwd&amp;apos;</message>
  <nestedLevel>2</nestedLevel>
</record>
<record>
  <date>2019-12-19T11:58:19</date>
  <millis>1576774699827</millis>
  <sequence>65</sequence>
  <level>END</level>
  <class>com.kms.katalon.core.logging.XmlKeywordLogger</class>
  <method>endKeyword</method>
  <thread>1</thread>
  <message>End action : setEncryptedText(findTestObject(\&amp;quot;Object Repository/Representante/input_Enter password_passwd\&amp;quot;), \&amp;quot;ZOlv4XWAQZkh7wlYSNhOVA==\&amp;quot;)</message>
  <nestedLevel>1</nestedLevel>
</record>
<record>
  <date>2019-12-19T11:58:19</date>
  <millis>1576774699828</millis>
  <sequence>66</sequence>
  <level>START</level>
  <class>com.kms.katalon.core.logging.XmlKeywordLogger</class>
  <method>startKeyword</method>
  <thread>1</thread>
  <message>Start action : click(findTestObject(\&amp;quot;Object Repository/Representante/input_to continue to Outlook_idSIButton9\&amp;quot;))</message>
  <nestedLevel>1</nestedLevel>
  <property name="startLine">29</property>
  <property name="stepIndex">6</property>
</record>
<record>
  <date>2019-12-19T11:58:20</date>
  <millis>1576774700981</millis>
  <sequence>76</sequence>
  <level>PASSED</level>
  <class>com.kms.katalon.core.logging.XmlKeywordLogger</class>
  <method>logMessage</method>
  <thread>1</thread>
  <message>Object: &amp;apos;Object Repository/Representante/input_to continue to Outlook_idSIButton9&amp;apos; is clicked on</message>
  <nestedLevel>2</nestedLevel>
</record>
<record>
  <date>2019-12-19T11:58:20</date>
  <millis>1576774700982</millis>
  <sequence>77</sequence>
  <level>END</level>
  <class>com.kms.katalon.core.logging.XmlKeywordLogger</class>
  <method>endKeyword</method>
  <thread>1</thread>
  <message>End action : click(findTestObject(\&amp;quot;Object Repository/Representante/input_to continue to Outlook_idSIButton9\&amp;quot;))</message>
  <nestedLevel>1</nestedLevel>
</record>
<record>
  <date>2019-12-19T11:58:20</date>
  <millis>1576774700982</millis>
  <sequence>78</sequence>
  <level>START</level>
  <class>com.kms.katalon.core.logging.XmlKeywordLogger</class>
  <method>startKeyword</method>
  <thread>1</thread>
  <message>Start action : click(findTestObject(\&amp;quot;Object Repository/Representante/input_concat(Don  t show this again)_idBtn_Back\&amp;quot;))</message>
  <nestedLevel>1</nestedLevel>
  <property name="startLine">31</property>
  <property name="stepIndex">7</property>
</record>
<record>
  <date>2019-12-19T11:58:30</date>
  <millis>1576774710814</millis>
  <sequence>88</sequence>
  <level>PASSED</level>
  <class>com.kms.katalon.core.logging.XmlKeywordLogger</class>
  <method>logMessage</method>
  <thread>1</thread>
  <message>Object: &amp;apos;Object Repository/Representante/input_concat(Don  t show this again)_idBtn_Back&amp;apos; is clicked on</message>
  <nestedLevel>2</nestedLevel>
</record>
<record>
  <date>2019-12-19T11:58:30</date>
  <millis>1576774710816</millis>
  <sequence>89</sequence>
  <level>END</level>
  <class>com.kms.katalon.core.logging.XmlKeywordLogger</class>
  <method>endKeyword</method>
  <thread>1</thread>
  <message>End action : click(findTestObject(\&amp;quot;Object Repository/Representante/input_concat(Don  t show this again)_idBtn_Back\&amp;quot;))</message>
  <nestedLevel>1</nestedLevel>
</record>
<record>
  <date>2019-12-19T11:58:30</date>
  <millis>1576774710817</millis>
  <sequence>90</sequence>
  <level>START</level>
  <class>com.kms.katalon.core.logging.XmlKeywordLogger</class>
  <method>startKeyword</method>
  <thread>1</thread>
  <message>Start action : maximizeWindow(STOP_ON_FAILURE)</message>
  <nestedLevel>1</nestedLevel>
  <property name="startLine">33</property>
  <property name="stepIndex">8</property>
</record>
<record>
  <date>2019-12-19T11:58:35</date>
  <millis>1576774715002</millis>
  <sequence>92</sequence>
  <level>PASSED</level>
  <class>com.kms.katalon.core.logging.XmlKeywordLogger</class>
  <method>logMessage</method>
  <thread>1</thread>
  <message>Current window maximized</message>
  <nestedLevel>2</nestedLevel>
</record>
<record>
  <date>2019-12-19T11:58:35</date>
  <millis>1576774715002</millis>
  <sequence>93</sequence>
  <level>END</level>
  <class>com.kms.katalon.core.logging.XmlKeywordLogger</class>
  <method>endKeyword</method>
  <thread>1</thread>
  <message>End action : maximizeWindow(STOP_ON_FAILURE)</message>
  <nestedLevel>1</nestedLevel>
</record>
<record>
  <date>2019-12-19T11:58:35</date>
  <millis>1576774715003</millis>
  <sequence>94</sequence>
  <level>PASSED</level>
  <class>com.kms.katalon.core.logging.XmlKeywordLogger</class>
  <method>logMessage</method>
  <thread>1</thread>
  <message>Test Cases/Representante/InicioSesion_AccesoCorreo</message>
  <nestedLevel>2</nestedLevel>
</record>
<record>
  <date>2019-12-19T11:58:35</date>
  <millis>1576774715003</millis>
  <sequence>95</sequence>
  <level>END</level>
  <class>com.kms.katalon.core.logging.XmlKeywordLogger</class>
  <method>endTest</method>
  <thread>1</thread>
  <message>End Test Case : Test Cases/Representante/InicioSesion_AccesoCorreo</message>
  <nestedLevel>1</nestedLevel>
</record>
<record>
  <date>2019-12-19T11:58:35</date>
  <millis>1576774715004</millis>
  <sequence>96</sequence>
  <level>INFO</level>
  <class>com.kms.katalon.core.logging.XmlKeywordLogger</class>
  <method>logMessage</method>
  <thread>1</thread>
  <message>=================== Smart XPath Report =======================</message>
  <nestedLevel>1</nestedLevel>
</record>
<record>
  <date>2019-12-19T11:58:35</date>
  <millis>1576774715004</millis>
  <sequence>97</sequence>
  <level>INFO</level>
  <class>com.kms.katalon.core.logging.XmlKeywordLogger</class>
  <method>logMessage</method>
  <thread>1</thread>
  <message>Refer to the link below to preview and approve auto healing on broken test objects.</message>
  <nestedLevel>1</nestedLevel>
</record>
<record>
  <date>2019-12-19T11:58:35</date>
  <millis>1576774715004</millis>
  <sequence>98</sequence>
  <level>INFO</level>
  <class>com.kms.katalon.core.logging.XmlKeywordLogger</class>
  <method>logMessage</method>
  <thread>1</thread>
  <message>https://docs.katalon.com/katalon-studio/docs/auto-healing-smart-xpath.html</message>
  <nestedLevel>1</nestedLevel>
</record>
<record>
  <date>2019-12-19T11:58:35</date>
  <millis>1576774715004</millis>
  <sequence>99</sequence>
  <level>INFO</level>
  <class>com.kms.katalon.core.logging.XmlKeywordLogger</class>
  <method>logMessage</method>
  <thread>1</thread>
  <message>===============================================================</message>
  <nestedLevel>1</nestedLevel>
</record>
<record>
  <date>2019-12-19T11:58:35</date>
  <millis>1576774715009</millis>
  <sequence>100</sequence>
  <level>PASSED</level>
  <class>com.kms.katalon.core.logging.XmlKeywordLogger</class>
  <method>logMessage</method>
  <thread>1</thread>
  <message>Call Test Case &amp;apos;Test Cases/Representante/InicioSesion_AccesoCorreo&amp;apos; successfully</message>
  <nestedLevel>1</nestedLevel>
</record>
<record>
  <date>2019-12-19T11:58:35</date>
  <millis>1576774715009</millis>
  <sequence>101</sequence>
  <level>END</level>
  <class>com.kms.katalon.core.logging.XmlKeywordLogger</class>
  <method>endKeyword</method>
  <thread>1</thread>
  <message>End action : callTestCase(findTestCase(\&amp;quot;Representante/InicioSesion_AccesoCorreo\&amp;quot;), [:], STOP_ON_FAILURE)</message>
  <nestedLevel>1</nestedLevel>
</record>
<record>
  <date>2019-12-19T11:58:35</date>
  <millis>1576774715009</millis>
  <sequence>102</sequence>
  <level>START</level>
  <class>com.kms.katalon.core.logging.XmlKeywordLogger</class>
  <method>startKeyword</method>
  <thread>1</thread>
  <message>Start action : click(findTestObject(\&amp;quot;CriterioTecnico/span_20191062 PRUEBA - APROBACIN CRITERIO TCNICO\&amp;quot;))</message>
  <nestedLevel>1</nestedLevel>
  <property name="startLine">21</property>
  <property name="stepIndex">2</property>
</record>
<record>
  <date>2019-12-19T11:59:21</date>
  <millis>1576774761576</millis>
  <sequence>108</sequence>
  <level>INFO</level>
  <class>com.kms.katalon.core.logging.XmlKeywordLogger</class>
  <method>logMessage</method>
  <thread>1</thread>
  <message>Unable to find the element located by &amp;apos;By.xpath: //div[@id=&amp;apos;AQAAAMjoylsBAAAA0EwIpwAAAAA=&amp;apos;]/div/div/div/div[2]/div[2]/div/span&amp;apos;. Please recheck the objects properties to make sure the desired element is located. </message>
  <nestedLevel>1</nestedLevel>
</record>
<record>
  <date>2019-12-19T11:59:21</date>
  <millis>1576774761580</millis>
  <sequence>109</sequence>
  <level>INFO</level>
  <class>com.kms.katalon.core.logging.XmlKeywordLogger</class>
  <method>logMessage</method>
  <thread>1</thread>
  <message>[SMART_XPATH] Auto-trying out other XPath values in the test object.</message>
  <nestedLevel>1</nestedLevel>
</record>
<record>
  <date>2019-12-19T11:59:21</date>
  <millis>1576774761887</millis>
  <sequence>110</sequence>
  <level>INFO</level>
  <class>com.kms.katalon.core.logging.XmlKeywordLogger</class>
  <method>logMessage</method>
  <thread>1</thread>
  <message>[SMART_XPATH] FAILED XPATH: &amp;apos;//div[@id=&amp;apos;AQAAAMjoylsBAAAA0EwIpwAAAAA=&amp;apos;]/div/div/div/div[2]/div[2]/div/span&amp;apos;.</message>
  <nestedLevel>1</nestedLevel>
</record>
<record>
  <date>2019-12-19T11:59:22</date>
  <millis>1576774762227</millis>
  <sequence>111</sequence>
  <level>INFO</level>
  <class>com.kms.katalon.core.logging.XmlKeywordLogger</class>
  <method>logMessage</method>
  <thread>1</thread>
  <message>[SMART_XPATH] WORKING XPATH: &amp;apos;(.//*[normalize-space(text()) and normalize-space(.)=&amp;apos;cafpruebassp@intergrupo.com&amp;apos;])[1]/following::span[5]&amp;apos;.</message>
  <nestedLevel>1</nestedLevel>
</record>
<record>
  <date>2019-12-19T11:59:22</date>
  <millis>1576774762942</millis>
  <sequence>112</sequence>
  <level>INFO</level>
  <class>com.kms.katalon.core.logging.XmlKeywordLogger</class>
  <method>logMessage</method>
  <thread>1</thread>
  <message>[SMART_XPATH] Screenshot: F:/Proyectos/CAF_FlujoCorrespondencia/Reports/smart_xpath/Object Repository/CriterioTecnico/span_20191062 PRUEBA - APROBACIN CRITERIO TCNICO_neighbor_0.png</message>
  <nestedLevel>1</nestedLevel>
</record>
<record>
  <date>2019-12-19T11:59:23</date>
  <millis>1576774763319</millis>
  <sequence>113</sequence>
  <level>INFO</level>
  <class>com.kms.katalon.core.logging.XmlKeywordLogger</class>
  <method>logMessage</method>
  <thread>1</thread>
  <message>[SMART_XPATH] WORKING XPATH: &amp;apos;(.//*[normalize-space(text()) and normalize-space(.)=&amp;apos;C&amp;apos;])[1]/following::span[6]&amp;apos;.</message>
  <nestedLevel>1</nestedLevel>
</record>
<record>
  <date>2019-12-19T11:59:23</date>
  <millis>1576774763829</millis>
  <sequence>114</sequence>
  <level>INFO</level>
  <class>com.kms.katalon.core.logging.XmlKeywordLogger</class>
  <method>logMessage</method>
  <thread>1</thread>
  <message>[SMART_XPATH] Screenshot: F:/Proyectos/CAF_FlujoCorrespondencia/Reports/smart_xpath/Object Repository/CriterioTecnico/span_20191062 PRUEBA - APROBACIN CRITERIO TCNICO_neighbor_1.png</message>
  <nestedLevel>1</nestedLevel>
</record>
<record>
  <date>2019-12-19T11:59:24</date>
  <millis>1576774764155</millis>
  <sequence>115</sequence>
  <level>INFO</level>
  <class>com.kms.katalon.core.logging.XmlKeywordLogger</class>
  <method>logMessage</method>
  <thread>1</thread>
  <message>[SMART_XPATH] WORKING XPATH: &amp;apos;(.//*[normalize-space(text()) and normalize-space(.)=&amp;apos;C&amp;apos;])[2]/preceding::span[3]&amp;apos;.</message>
  <nestedLevel>1</nestedLevel>
</record>
<record>
  <date>2019-12-19T11:59:24</date>
  <millis>1576774764696</millis>
  <sequence>116</sequence>
  <level>INFO</level>
  <class>com.kms.katalon.core.logging.XmlKeywordLogger</class>
  <method>logMessage</method>
  <thread>1</thread>
  <message>[SMART_XPATH] Screenshot: F:/Proyectos/CAF_FlujoCorrespondencia/Reports/smart_xpath/Object Repository/CriterioTecnico/span_20191062 PRUEBA - APROBACIN CRITERIO TCNICO_neighbor_2.png</message>
  <nestedLevel>1</nestedLevel>
</record>
<record>
  <date>2019-12-19T11:59:25</date>
  <millis>1576774765025</millis>
  <sequence>117</sequence>
  <level>INFO</level>
  <class>com.kms.katalon.core.logging.XmlKeywordLogger</class>
  <method>logMessage</method>
  <thread>1</thread>
  <message>[SMART_XPATH] WORKING XPATH: &amp;apos;(.//*[normalize-space(text()) and normalize-space(.)=&amp;apos;cafpruebassp@intergrupo.com&amp;apos;])[2]/preceding::span[4]&amp;apos;.</message>
  <nestedLevel>1</nestedLevel>
</record>
<record>
  <date>2019-12-19T11:59:25</date>
  <millis>1576774765460</millis>
  <sequence>118</sequence>
  <level>INFO</level>
  <class>com.kms.katalon.core.logging.XmlKeywordLogger</class>
  <method>logMessage</method>
  <thread>1</thread>
  <message>[SMART_XPATH] Screenshot: F:/Proyectos/CAF_FlujoCorrespondencia/Reports/smart_xpath/Object Repository/CriterioTecnico/span_20191062 PRUEBA - APROBACIN CRITERIO TCNICO_neighbor_3.png</message>
  <nestedLevel>1</nestedLevel>
</record>
<record>
  <date>2019-12-19T11:59:25</date>
  <millis>1576774765760</millis>
  <sequence>119</sequence>
  <level>INFO</level>
  <class>com.kms.katalon.core.logging.XmlKeywordLogger</class>
  <method>logMessage</method>
  <thread>1</thread>
  <message>[SMART_XPATH] WORKING XPATH: &amp;apos;//*/text()[normalize-space(.)=&amp;apos;[20191062] PRUEBA - APROBACI\u00D3N CRITERIO T\u00C9CNICO&amp;apos;]/parent::*&amp;apos;.</message>
  <nestedLevel>1</nestedLevel>
</record>
<record>
  <date>2019-12-19T11:59:26</date>
  <millis>1576774766269</millis>
  <sequence>120</sequence>
  <level>INFO</level>
  <class>com.kms.katalon.core.logging.XmlKeywordLogger</class>
  <method>logMessage</method>
  <thread>1</thread>
  <message>[SMART_XPATH] Screenshot: F:/Proyectos/CAF_FlujoCorrespondencia/Reports/smart_xpath/Object Repository/CriterioTecnico/span_20191062 PRUEBA - APROBACIN CRITERIO TCNICO_neighbor_4.png</message>
  <nestedLevel>1</nestedLevel>
</record>
<record>
  <date>2019-12-19T11:59:26</date>
  <millis>1576774766564</millis>
  <sequence>121</sequence>
  <level>INFO</level>
  <class>com.kms.katalon.core.logging.XmlKeywordLogger</class>
  <method>logMessage</method>
  <thread>1</thread>
  <message>[SMART_XPATH] WORKING XPATH: &amp;apos;//div/div[2]/div/div/div/div/div/div[2]/div/div/div/div[2]/div[2]/div/span&amp;apos;.</message>
  <nestedLevel>1</nestedLevel>
</record>
<record>
  <date>2019-12-19T11:59:27</date>
  <millis>1576774767033</millis>
  <sequence>122</sequence>
  <level>INFO</level>
  <class>com.kms.katalon.core.logging.XmlKeywordLogger</class>
  <method>logMessage</method>
  <thread>1</thread>
  <message>[SMART_XPATH] Screenshot: F:/Proyectos/CAF_FlujoCorrespondencia/Reports/smart_xpath/Object Repository/CriterioTecnico/span_20191062 PRUEBA - APROBACIN CRITERIO TCNICO_position.png</message>
  <nestedLevel>1</nestedLevel>
</record>
<record>
  <date>2019-12-19T11:59:27</date>
  <millis>1576774767050</millis>
  <sequence>124</sequence>
  <level>ERROR</level>
  <class>com.kms.katalon.core.logging.XmlKeywordLogger</class>
  <method>logMessage</method>
  <thread>1</thread>
  <message>[SMART_XPATH] F:\\Proyectos\\CAF_FlujoCorrespondencia\\Reports\\smart_xpath\\waiting-for-approval.json (The system cannot find the file specified)</message>
  <nestedLevel>1</nestedLevel>
  <property name="failed.exception.class">java.io.FileNotFoundException</property>
  <property name="failed.exception.stacktrace">java.io.FileNotFoundException: F:\\Proyectos\\CAF_FlujoCorrespondencia\\Reports\\smart_xpath\\waiting-for-approval.json (The system cannot find the file specified)\r\n\tat com.kms.katalon.core.webui.common.internal.SmartXPathController.readExistingBrokenTestObjects(SmartXPathController.java:118)\r\n\tat com.kms.katalon.core.webui.common.internal.SmartXPathController.registerBrokenTestObject(SmartXPathController.java:94)\r\n\tat com.kms.katalon.core.webui.common.WebUiCommonHelper.findWebElementsWithSmartXPath(WebUiCommonHelper.java:870)\r\n\tat com.kms.katalon.core.webui.common.WebUiCommonHelper.findWebElements(WebUiCommonHelper.java:783)\r\n\tat com.kms.katalon.core.webui.common.WebUiCommonHelper.findWebElement(WebUiCommonHelper.java:1109)\r\n\tat com.kms.katalon.core.webui.keyword.internal.WebUIAbstractKeyword.findWebElement(WebUIAbstractKeyword.groovy:27)\r\n\tat com.kms.katalon.core.webui.keyword.internal.WebUIAbstractKeyword.findWebElement(WebUIAbstractKeyword.groovy:26)\r\n\tat com.kms.katalon.core.webui.keyword.builtin.ClickKeyword$_click_closure1.doCall(ClickKeyword.groovy:68)\r\n\tat com.kms.katalon.core.webui.keyword.builtin.ClickKeyword$_click_closure1.call(ClickKeyword.groovy)\r\n\tat com.kms.katalon.core.webui.keyword.internal.WebUIKeywordMain.runKeyword(WebUIKeywordMain.groovy:20)\r\n\tat com.kms.katalon.core.webui.keyword.builtin.ClickKeyword.click(ClickKeyword.groovy:103)\r\n\tat com.kms.katalon.core.webui.keyword.builtin.ClickKeyword.execute(ClickKeyword.groovy:43)\r\n\tat com.kms.katalon.core.keyword.internal.KeywordExecutor.executeKeywordForPlatform(KeywordExecutor.groovy:60)\r\n\tat com.kms.katalon.core.webui.keyword.WebUiBuiltInKeywords.click(WebUiBuiltInKeywords.groovy:616)\r\n\tat com.kms.katalon.core.webui.keyword.WebUiBuiltInKeywords$click$2.call(Unknown Source)\r\n\tat CriterioTecnico.run(CriterioTecnico:21)\r\n\tat com.kms.katalon.core.main.ScriptEngine.run(ScriptEngine.java:194)\r\n\tat com.kms.katalon.core.main.ScriptEngine.runScriptAsRawText(ScriptEngine.java:119)\r\n\tat com.kms.katalon.core.main.TestCaseExecutor.runScript(TestCaseExecutor.java:337)\r\n\tat com.kms.katalon.core.main.TestCaseExecutor.doExecute(TestCaseExecutor.java:328)\r\n\tat com.kms.katalon.core.main.TestCaseExecutor.processExecutionPhase(TestCaseExecutor.java:307)\r\n\tat com.kms.katalon.core.main.TestCaseExecutor.accessMainPhase(TestCaseExecutor.java:299)\r\n\tat com.kms.katalon.core.main.TestCaseExecutor.execute(TestCaseExecutor.java:233)\r\n\tat com.kms.katalon.core.main.TestSuiteExecutor.accessTestCaseMainPhase(TestSuiteExecutor.java:169)\r\n\tat com.kms.katalon.core.main.TestSuiteExecutor.accessTestSuiteMainPhase(TestSuiteExecutor.java:142)\r\n\tat com.kms.katalon.core.main.TestSuiteExecutor.execute(TestSuiteExecutor.java:91)\r\n\tat com.kms.katalon.core.main.TestCaseMain.startTestSuite(TestCaseMain.java:157)\r\n\tat com.kms.katalon.core.main.TestCaseMain$startTestSuite$0.call(Unknown Source)\r\n\tat TempTestSuite1576774684516.run(TempTestSuite1576774684516.groovy:36)\r\n</property>
  <property name="failed.exception.message">F:\\Proyectos\\CAF_FlujoCorrespondencia\\Reports\\smart_xpath\\waiting-for-approval.json (The system cannot find the file specified)</property>
</record>
<record>
  <date>2019-12-19T11:59:27</date>
  <millis>1576774767053</millis>
  <sequence>125</sequence>
  <level>ERROR</level>
  <class>com.kms.katalon.core.logging.XmlKeywordLogger</class>
  <method>logMessage</method>
  <thread>1</thread>
  <message>[SMART_XPATH] F:/Proyectos/CAF_FlujoCorrespondencia/Reports/smart_xpath/waiting-for-approval.json does not exist or is provided by Smart XPath Plugin!</message>
  <nestedLevel>1</nestedLevel>
</record>
<record>
  <date>2019-12-19T11:59:27</date>
  <millis>1576774767053</millis>
  <sequence>126</sequence>
  <level>INFO</level>
  <class>com.kms.katalon.core.logging.XmlKeywordLogger</class>
  <method>logMessage</method>
  <thread>1</thread>
  <message>[SMART_XPATH] Selected Smart XPath: &amp;apos;(.//*[normalize-space(text()) and normalize-space(.)=&amp;apos;cafpruebassp@intergrupo.com&amp;apos;])[1]/following::span[5]&amp;apos;.</message>
  <nestedLevel>1</nestedLevel>
</record>
<record>
  <date>2019-12-19T11:59:27</date>
  <millis>1576774767054</millis>
  <sequence>127</sequence>
  <level>INFO</level>
  <class>com.kms.katalon.core.logging.XmlKeywordLogger</class>
  <method>logMessage</method>
  <thread>1</thread>
  <message>[SMART_XPATH] Continuing executing the test case!</message>
  <nestedLevel>1</nestedLevel>
</record>
<record>
  <date>2019-12-19T11:59:27</date>
  <millis>1576774767370</millis>
  <sequence>131</sequence>
  <level>PASSED</level>
  <class>com.kms.katalon.core.logging.XmlKeywordLogger</class>
  <method>logMessage</method>
  <thread>1</thread>
  <message>Object: &amp;apos;Object Repository/CriterioTecnico/span_20191062 PRUEBA - APROBACIN CRITERIO TCNICO&amp;apos; is clicked on</message>
  <nestedLevel>1</nestedLevel>
</record>
<record>
  <date>2019-12-19T11:59:27</date>
  <millis>1576774767371</millis>
  <sequence>132</sequence>
  <level>END</level>
  <class>com.kms.katalon.core.logging.XmlKeywordLogger</class>
  <method>endKeyword</method>
  <thread>1</thread>
  <message>End action : click(findTestObject(\&amp;quot;CriterioTecnico/span_20191062 PRUEBA - APROBACIN CRITERIO TCNICO\&amp;quot;))</message>
  <nestedLevel>1</nestedLevel>
</record>
<record>
  <date>2019-12-19T11:59:27</date>
  <millis>1576774767371</millis>
  <sequence>133</sequence>
  <level>START</level>
  <class>com.kms.katalon.core.logging.XmlKeywordLogger</class>
  <method>startKeyword</method>
  <thread>1</thread>
  <message>Start action : click(findTestObject(\&amp;quot;CriterioTecnico/a_CORRESPONDENCIA\&amp;quot;))</message>
  <nestedLevel>1</nestedLevel>
  <property name="startLine">23</property>
  <property name="stepIndex">3</property>
</record>
<record>
  <date>2019-12-19T11:59:28</date>
  <millis>1576774768344</millis>
  <sequence>143</sequence>
  <level>PASSED</level>
  <class>com.kms.katalon.core.logging.XmlKeywordLogger</class>
  <method>logMessage</method>
  <thread>1</thread>
  <message>Object: &amp;apos;Object Repository/CriterioTecnico/a_CORRESPONDENCIA&amp;apos; is clicked on</message>
  <nestedLevel>1</nestedLevel>
</record>
<record>
  <date>2019-12-19T11:59:28</date>
  <millis>1576774768345</millis>
  <sequence>144</sequence>
  <level>END</level>
  <class>com.kms.katalon.core.logging.XmlKeywordLogger</class>
  <method>endKeyword</method>
  <thread>1</thread>
  <message>End action : click(findTestObject(\&amp;quot;CriterioTecnico/a_CORRESPONDENCIA\&amp;quot;))</message>
  <nestedLevel>1</nestedLevel>
</record>
<record>
  <date>2019-12-19T11:59:28</date>
  <millis>1576774768345</millis>
  <sequence>145</sequence>
  <level>START</level>
  <class>com.kms.katalon.core.logging.XmlKeywordLogger</class>
  <method>startKeyword</method>
  <thread>1</thread>
  <message>Start action : switchToWindowTitle(\&amp;quot;Control Correspondencia - 20191062\&amp;quot;)</message>
  <nestedLevel>1</nestedLevel>
  <property name="startLine">25</property>
  <property name="stepIndex">4</property>
</record>
<record>
  <date>2019-12-19T11:59:32</date>
  <millis>1576774772469</millis>
  <sequence>148</sequence>
  <level>PASSED</level>
  <class>com.kms.katalon.core.logging.XmlKeywordLogger</class>
  <method>logMessage</method>
  <thread>1</thread>
  <message>Switched to window with title: &amp;apos;Control Correspondencia - 20191062&amp;apos;</message>
  <nestedLevel>1</nestedLevel>
</record>
<record>
  <date>2019-12-19T11:59:32</date>
  <millis>1576774772471</millis>
  <sequence>149</sequence>
  <level>END</level>
  <class>com.kms.katalon.core.logging.XmlKeywordLogger</class>
  <method>endKeyword</method>
  <thread>1</thread>
  <message>End action : switchToWindowTitle(\&amp;quot;Control Correspondencia - 20191062\&amp;quot;)</message>
  <nestedLevel>1</nestedLevel>
</record>
<record>
  <date>2019-12-19T11:59:32</date>
  <millis>1576774772472</millis>
  <sequence>150</sequence>
  <level>START</level>
  <class>com.kms.katalon.core.logging.XmlKeywordLogger</class>
  <method>startKeyword</method>
  <thread>1</thread>
  <message>Start action : click(findTestObject(\&amp;quot;CriterioTecnico/button_Completar tarea de aprobacin_Toggle25\&amp;quot;))</message>
  <nestedLevel>1</nestedLevel>
  <property name="startLine">27</property>
  <property name="stepIndex">5</property>
</record>
<record>
  <date>2019-12-19T11:59:33</date>
  <millis>1576774773035</millis>
  <sequence>160</sequence>
  <level>PASSED</level>
  <class>com.kms.katalon.core.logging.XmlKeywordLogger</class>
  <method>logMessage</method>
  <thread>1</thread>
  <message>Object: &amp;apos;Object Repository/CriterioTecnico/button_Completar tarea de aprobacin_Toggle25&amp;apos; is clicked on</message>
  <nestedLevel>1</nestedLevel>
</record>
<record>
  <date>2019-12-19T11:59:33</date>
  <millis>1576774773036</millis>
  <sequence>161</sequence>
  <level>END</level>
  <class>com.kms.katalon.core.logging.XmlKeywordLogger</class>
  <method>endKeyword</method>
  <thread>1</thread>
  <message>End action : click(findTestObject(\&amp;quot;CriterioTecnico/button_Completar tarea de aprobacin_Toggle25\&amp;quot;))</message>
  <nestedLevel>1</nestedLevel>
</record>
<record>
  <date>2019-12-19T11:59:33</date>
  <millis>1576774773036</millis>
  <sequence>162</sequence>
  <level>START</level>
  <class>com.kms.katalon.core.logging.XmlKeywordLogger</class>
  <method>startKeyword</method>
  <thread>1</thread>
  <message>Start action : click(findTestObject(\&amp;quot;CriterioTecnico/label_Aprobar\&amp;quot;))</message>
  <nestedLevel>1</nestedLevel>
  <property name="startLine">29</property>
  <property name="stepIndex">6</property>
</record>
<record>
  <date>2019-12-19T11:59:33</date>
  <millis>1576774773672</millis>
  <sequence>172</sequence>
  <level>PASSED</level>
  <class>com.kms.katalon.core.logging.XmlKeywordLogger</class>
  <method>logMessage</method>
  <thread>1</thread>
  <message>Object: &amp;apos;Object Repository/CriterioTecnico/label_Aprobar&amp;apos; is clicked on</message>
  <nestedLevel>1</nestedLevel>
</record>
<record>
  <date>2019-12-19T11:59:33</date>
  <millis>1576774773674</millis>
  <sequence>173</sequence>
  <level>END</level>
  <class>com.kms.katalon.core.logging.XmlKeywordLogger</class>
  <method>endKeyword</method>
  <thread>1</thread>
  <message>End action : click(findTestObject(\&amp;quot;CriterioTecnico/label_Aprobar\&amp;quot;))</message>
  <nestedLevel>1</nestedLevel>
</record>
<record>
  <date>2019-12-19T11:59:33</date>
  <millis>1576774773674</millis>
  <sequence>174</sequence>
  <level>START</level>
  <class>com.kms.katalon.core.logging.XmlKeywordLogger</class>
  <method>startKeyword</method>
  <thread>1</thread>
  <message>Start action : delay(3)</message>
  <nestedLevel>1</nestedLevel>
  <property name="startLine">31</property>
  <property name="stepIndex">7</property>
</record>
<record>
  <date>2019-12-19T11:59:36</date>
  <millis>1576774776685</millis>
  <sequence>176</sequence>
  <level>PASSED</level>
  <class>com.kms.katalon.core.logging.XmlKeywordLogger</class>
  <method>logMessage</method>
  <thread>1</thread>
  <message>Delayed 3 second(s)</message>
  <nestedLevel>1</nestedLevel>
</record>
<record>
  <date>2019-12-19T11:59:36</date>
  <millis>1576774776688</millis>
  <sequence>177</sequence>
  <level>END</level>
  <class>com.kms.katalon.core.logging.XmlKeywordLogger</class>
  <method>endKeyword</method>
  <thread>1</thread>
  <message>End action : delay(3)</message>
  <nestedLevel>1</nestedLevel>
</record>
<record>
  <date>2019-12-19T11:59:36</date>
  <millis>1576774776690</millis>
  <sequence>178</sequence>
  <level>START</level>
  <class>com.kms.katalon.core.logging.XmlKeywordLogger</class>
  <method>startKeyword</method>
  <thread>1</thread>
  <message>Start action : click(findTestObject(\&amp;quot;CriterioTecnico/div_Guardar\&amp;quot;))</message>
  <nestedLevel>1</nestedLevel>
  <property name="startLine">33</property>
  <property name="stepIndex">8</property>
</record>
<record>
  <date>2019-12-19T11:59:37</date>
  <millis>1576774777152</millis>
  <sequence>188</sequence>
  <level>PASSED</level>
  <class>com.kms.katalon.core.logging.XmlKeywordLogger</class>
  <method>logMessage</method>
  <thread>1</thread>
  <message>Object: &amp;apos;Object Repository/CriterioTecnico/div_Guardar&amp;apos; is clicked on</message>
  <nestedLevel>1</nestedLevel>
</record>
<record>
  <date>2019-12-19T11:59:37</date>
  <millis>1576774777152</millis>
  <sequence>189</sequence>
  <level>END</level>
  <class>com.kms.katalon.core.logging.XmlKeywordLogger</class>
  <method>endKeyword</method>
  <thread>1</thread>
  <message>End action : click(findTestObject(\&amp;quot;CriterioTecnico/div_Guardar\&amp;quot;))</message>
  <nestedLevel>1</nestedLevel>
</record>
<record>
  <date>2019-12-19T11:59:37</date>
  <millis>1576774777153</millis>
  <sequence>190</sequence>
  <level>START</level>
  <class>com.kms.katalon.core.logging.XmlKeywordLogger</class>
  <method>startKeyword</method>
  <thread>1</thread>
  <message>Start action : click(findTestObject(\&amp;quot;CriterioTecnico/button_Guardar\&amp;quot;))</message>
  <nestedLevel>1</nestedLevel>
  <property name="startLine">35</property>
  <property name="stepIndex">9</property>
</record>
<record>
  <date>2019-12-19T12:00:22</date>
  <millis>1576774822604</millis>
  <sequence>196</sequence>
  <level>INFO</level>
  <class>com.kms.katalon.core.logging.XmlKeywordLogger</class>
  <method>logMessage</method>
  <thread>1</thread>
  <message>Unable to find the element located by &amp;apos;By.xpath: (//button[@type=&amp;apos;button&amp;apos;])[34]&amp;apos;. Please recheck the objects properties to make sure the desired element is located. </message>
  <nestedLevel>1</nestedLevel>
</record>
<record>
  <date>2019-12-19T12:00:22</date>
  <millis>1576774822606</millis>
  <sequence>197</sequence>
  <level>INFO</level>
  <class>com.kms.katalon.core.logging.XmlKeywordLogger</class>
  <method>logMessage</method>
  <thread>1</thread>
  <message>[SMART_XPATH] Auto-trying out other XPath values in the test object.</message>
  <nestedLevel>1</nestedLevel>
</record>
<record>
  <date>2019-12-19T12:00:22</date>
  <millis>1576774822887</millis>
  <sequence>198</sequence>
  <level>INFO</level>
  <class>com.kms.katalon.core.logging.XmlKeywordLogger</class>
  <method>logMessage</method>
  <thread>1</thread>
  <message>[SMART_XPATH] FAILED XPATH: &amp;apos;(//button[@type=&amp;apos;button&amp;apos;])[34]&amp;apos;.</message>
  <nestedLevel>1</nestedLevel>
</record>
<record>
  <date>2019-12-19T12:00:23</date>
  <millis>1576774823193</millis>
  <sequence>199</sequence>
  <level>INFO</level>
  <class>com.kms.katalon.core.logging.XmlKeywordLogger</class>
  <method>logMessage</method>
  <thread>1</thread>
  <message>[SMART_XPATH] FAILED XPATH: &amp;apos;//div[@id=&amp;apos;correspondencia-edicion-cewp-container&amp;apos;]/div/div/div[33]/button&amp;apos;.</message>
  <nestedLevel>1</nestedLevel>
</record>
<record>
  <date>2019-12-19T12:00:23</date>
  <millis>1576774823498</millis>
  <sequence>200</sequence>
  <level>INFO</level>
  <class>com.kms.katalon.core.logging.XmlKeywordLogger</class>
  <method>logMessage</method>
  <thread>1</thread>
  <message>[SMART_XPATH] FAILED XPATH: &amp;apos;(.//*[normalize-space(text()) and normalize-space(.)=&amp;apos;No&amp;apos;])[1]/following::button[1]&amp;apos;.</message>
  <nestedLevel>1</nestedLevel>
</record>
<record>
  <date>2019-12-19T12:00:23</date>
  <millis>1576774823797</millis>
  <sequence>201</sequence>
  <level>INFO</level>
  <class>com.kms.katalon.core.logging.XmlKeywordLogger</class>
  <method>logMessage</method>
  <thread>1</thread>
  <message>[SMART_XPATH] FAILED XPATH: &amp;apos;(.//*[normalize-space(text()) and normalize-space(.)=&amp;apos;Completar tarea de aprobaci\u00F3n&amp;apos;])[1]/following::button[2]&amp;apos;.</message>
  <nestedLevel>1</nestedLevel>
</record>
<record>
  <date>2019-12-19T12:00:24</date>
  <millis>1576774824104</millis>
  <sequence>202</sequence>
  <level>INFO</level>
  <class>com.kms.katalon.core.logging.XmlKeywordLogger</class>
  <method>logMessage</method>
  <thread>1</thread>
  <message>[SMART_XPATH] FAILED XPATH: &amp;apos;(.//*[normalize-space(text()) and normalize-space(.)=&amp;apos;Cancelar&amp;apos;])[1]/preceding::button[1]&amp;apos;.</message>
  <nestedLevel>1</nestedLevel>
</record>
<record>
  <date>2019-12-19T12:00:24</date>
  <millis>1576774824403</millis>
  <sequence>203</sequence>
  <level>INFO</level>
  <class>com.kms.katalon.core.logging.XmlKeywordLogger</class>
  <method>logMessage</method>
  <thread>1</thread>
  <message>[SMART_XPATH] FAILED XPATH: &amp;apos;//div[33]/button&amp;apos;.</message>
  <nestedLevel>1</nestedLevel>
</record>
<record>
  <date>2019-12-19T12:00:24</date>
  <millis>1576774824403</millis>
  <sequence>204</sequence>
  <level>INFO</level>
  <class>com.kms.katalon.core.logging.XmlKeywordLogger</class>
  <method>logMessage</method>
  <thread>1</thread>
  <message>[SMART_XPATH] No working XPath is found.</message>
  <nestedLevel>1</nestedLevel>
</record>
<record>
  <date>2019-12-19T12:00:24</date>
  <millis>1576774824791</millis>
  <sequence>208</sequence>
  <level>FAILED</level>
  <class>com.kms.katalon.core.logging.XmlKeywordLogger</class>
  <method>logMessage</method>
  <thread>1</thread>
  <message>Unable to click on object &amp;apos;Object Repository/CriterioTecnico/button_Guardar&amp;apos; (Root cause: com.kms.katalon.core.exception.StepFailedException: Unable to click on object &amp;apos;Object Repository/CriterioTecnico/button_Guardar&amp;apos;\r\n\tat com.kms.katalon.core.webui.keyword.internal.WebUIKeywordMain.stepFailed(WebUIKeywordMain.groovy:64)\r\n\tat com.kms.katalon.core.webui.keyword.internal.WebUIKeywordMain.runKeyword(WebUIKeywordMain.groovy:26)\r\n\tat com.kms.katalon.core.webui.keyword.builtin.ClickKeyword.click(ClickKeyword.groovy:103)\r\n\tat com.kms.katalon.core.webui.keyword.builtin.ClickKeyword.execute(ClickKeyword.groovy:43)\r\n\tat com.kms.katalon.core.keyword.internal.KeywordExecutor.executeKeywordForPlatform(KeywordExecutor.groovy:60)\r\n\tat com.kms.katalon.core.webui.keyword.WebUiBuiltInKeywords.click(WebUiBuiltInKeywords.groovy:616)\r\n\tat com.kms.katalon.core.webui.keyword.WebUiBuiltInKeywords$click$2.call(Unknown Source)\r\n\tat CriterioTecnico.run(CriterioTecnico:35)\r\n\tat com.kms.katalon.core.main.ScriptEngine.run(ScriptEngine.java:194)\r\n\tat com.kms.katalon.core.main.ScriptEngine.runScriptAsRawText(ScriptEngine.java:119)\r\n\tat com.kms.katalon.core.main.TestCaseExecutor.runScript(TestCaseExecutor.java:337)\r\n\tat com.kms.katalon.core.main.TestCaseExecutor.doExecute(TestCaseExecutor.java:328)\r\n\tat com.kms.katalon.core.main.TestCaseExecutor.processExecutionPhase(TestCaseExecutor.java:307)\r\n\tat com.kms.katalon.core.main.TestCaseExecutor.accessMainPhase(TestCaseExecutor.java:299)\r\n\tat com.kms.katalon.core.main.TestCaseExecutor.execute(TestCaseExecutor.java:233)\r\n\tat com.kms.katalon.core.main.TestSuiteExecutor.accessTestCaseMainPhase(TestSuiteExecutor.java:169)\r\n\tat com.kms.katalon.core.main.TestSuiteExecutor.accessTestSuiteMainPhase(TestSuiteExecutor.java:142)\r\n\tat com.kms.katalon.core.main.TestSuiteExecutor.execute(TestSuiteExecutor.java:91)\r\n\tat com.kms.katalon.core.main.TestCaseMain.startTestSuite(TestCaseMain.java:157)\r\n\tat com.kms.katalon.core.main.TestCaseMain$startTestSuite$0.call(Unknown Source)\r\n\tat TempTestSuite1576774684516.run(TempTestSuite1576774684516.groovy:36)\r\nCaused by: com.kms.katalon.core.webui.exception.WebElementNotFoundException: Web element with id: &amp;apos;Object Repository/CriterioTecnico/button_Guardar&amp;apos; located by &amp;apos;By.xpath: (//button[@type=&amp;apos;button&amp;apos;])[34]&amp;apos; not found\r\n\tat com.kms.katalon.core.webui.common.WebUiCommonHelper.findWebElement(WebUiCommonHelper.java:1113)\r\n\tat com.kms.katalon.core.webui.keyword.internal.WebUIAbstractKeyword.findWebElement(WebUIAbstractKeyword.groovy:27)\r\n\tat com.kms.katalon.core.webui.keyword.internal.WebUIAbstractKeyword.findWebElement(WebUIAbstractKeyword.groovy:26)\r\n\tat com.kms.katalon.core.webui.keyword.builtin.ClickKeyword$_click_closure1.doCall(ClickKeyword.groovy:68)\r\n\tat com.kms.katalon.core.webui.keyword.builtin.ClickKeyword$_click_closure1.call(ClickKeyword.groovy)\r\n\tat com.kms.katalon.core.webui.keyword.internal.WebUIKeywordMain.runKeyword(WebUIKeywordMain.groovy:20)\r\n\tat com.kms.katalon.core.webui.keyword.builtin.ClickKeyword.click(ClickKeyword.groovy:103)\r\n\tat com.kms.katalon.core.webui.keyword.builtin.ClickKeyword.execute(ClickKeyword.groovy:43)\r\n\tat com.kms.katalon.core.keyword.internal.KeywordExecutor.executeKeywordForPlatform(KeywordExecutor.groovy:60)\r\n\tat com.kms.katalon.core.webui.keyword.WebUiBuiltInKeywords.click(WebUiBuiltInKeywords.groovy:616)\r\n\tat com.kms.katalon.core.webui.keyword.WebUiBuiltInKeywords$click$2.call(Unknown Source)\r\n\tat Script1575391245116.run(Script1575391245116.groovy:35)\r\n\t... 13 more\r\n)</message>
  <nestedLevel>1</nestedLevel>
  <property name="failed.exception.class">com.kms.katalon.core.webui.exception.WebElementNotFoundException</property>
  <property name="attachment">1576774824405.png</property>
  <property name="failed.exception.stacktrace">com.kms.katalon.core.webui.exception.WebElementNotFoundException: Web element with id: &apos;Object Repository/CriterioTecnico/button_Guardar&apos; located by &apos;By.xpath: (//button[@type=&apos;button&apos;])[34]&apos; not found\r\n\tat com.kms.katalon.core.webui.common.WebUiCommonHelper.findWebElement(WebUiCommonHelper.java:1113)\r\n\tat com.kms.katalon.core.webui.keyword.internal.WebUIAbstractKeyword.findWebElement(WebUIAbstractKeyword.groovy:27)\r\n\tat com.kms.katalon.core.webui.keyword.internal.WebUIAbstractKeyword.findWebElement(WebUIAbstractKeyword.groovy:26)\r\n\tat com.kms.katalon.core.webui.keyword.builtin.ClickKeyword$_click_closure1.doCall(ClickKeyword.groovy:68)\r\n\tat com.kms.katalon.core.webui.keyword.builtin.ClickKeyword$_click_closure1.call(ClickKeyword.groovy)\r\n\tat com.kms.katalon.core.webui.keyword.internal.WebUIKeywordMain.runKeyword(WebUIKeywordMain.groovy:20)\r\n\tat com.kms.katalon.core.webui.keyword.builtin.ClickKeyword.click(ClickKeyword.groovy:103)\r\n\tat com.kms.katalon.core.webui.keyword.builtin.ClickKeyword.execute(ClickKeyword.groovy:43)\r\n\tat com.kms.katalon.core.keyword.internal.KeywordExecutor.executeKeywordForPlatform(KeywordExecutor.groovy:60)\r\n\tat com.kms.katalon.core.webui.keyword.WebUiBuiltInKeywords.click(WebUiBuiltInKeywords.groovy:616)\r\n\tat com.kms.katalon.core.webui.keyword.WebUiBuiltInKeywords$click$2.call(Unknown Source)\r\n\tat CriterioTecnico.run(CriterioTecnico:35)\r\n\tat com.kms.katalon.core.main.ScriptEngine.run(ScriptEngine.java:194)\r\n\tat com.kms.katalon.core.main.ScriptEngine.runScriptAsRawText(ScriptEngine.java:119)\r\n\tat com.kms.katalon.core.main.TestCaseExecutor.runScript(TestCaseExecutor.java:337)\r\n\tat com.kms.katalon.core.main.TestCaseExecutor.doExecute(TestCaseExecutor.java:328)\r\n\tat com.kms.katalon.core.main.TestCaseExecutor.processExecutionPhase(TestCaseExecutor.java:307)\r\n\tat com.kms.katalon.core.main.TestCaseExecutor.accessMainPhase(TestCaseExecutor.java:299)\r\n\tat com.kms.katalon.core.main.TestCaseExecutor.execute(TestCaseExecutor.java:233)\r\n\tat com.kms.katalon.core.main.TestSuiteExecutor.accessTestCaseMainPhase(TestSuiteExecutor.java:169)\r\n\tat com.kms.katalon.core.main.TestSuiteExecutor.accessTestSuiteMainPhase(TestSuiteExecutor.java:142)\r\n\tat com.kms.katalon.core.main.TestSuiteExecutor.execute(TestSuiteExecutor.java:91)\r\n\tat com.kms.katalon.core.main.TestCaseMain.startTestSuite(TestCaseMain.java:157)\r\n\tat com.kms.katalon.core.main.TestCaseMain$startTestSuite$0.call(Unknown Source)\r\n\tat TempTestSuite1576774684516.run(TempTestSuite1576774684516.groovy:36)\r\n</property>
  <property name="failed.exception.message">Web element with id: &apos;Object Repository/CriterioTecnico/button_Guardar&apos; located by &apos;By.xpath: (//button[@type=&apos;button&apos;])[34]&apos; not found</property>
</record>
<record>
  <date>2019-12-19T12:00:24</date>
  <millis>1576774824793</millis>
  <sequence>209</sequence>
  <level>END</level>
  <class>com.kms.katalon.core.logging.XmlKeywordLogger</class>
  <method>endKeyword</method>
  <thread>1</thread>
  <message>End action : click(findTestObject(\&amp;quot;CriterioTecnico/button_Guardar\&amp;quot;))</message>
  <nestedLevel>1</nestedLevel>
</record>
<record>
  <date>2019-12-19T12:00:24</date>
  <millis>1576774824794</millis>
  <sequence>212</sequence>
  <level>FAILED</level>
  <class>com.kms.katalon.core.logging.XmlKeywordLogger</class>
  <method>logMessage</method>
  <thread>1</thread>
  <message>Test Cases/Ejecutivo_Responsable/CriterioTecnico FAILED.\nReason:\ncom.kms.katalon.core.exception.StepFailedException: Unable to click on object &amp;apos;Object Repository/CriterioTecnico/button_Guardar&amp;apos;\r\n\tat com.kms.katalon.core.webui.keyword.internal.WebUIKeywordMain.stepFailed(WebUIKeywordMain.groovy:64)\r\n\tat com.kms.katalon.core.webui.keyword.internal.WebUIKeywordMain.runKeyword(WebUIKeywordMain.groovy:26)\r\n\tat com.kms.katalon.core.webui.keyword.builtin.ClickKeyword.click(ClickKeyword.groovy:103)\r\n\tat com.kms.katalon.core.webui.keyword.builtin.ClickKeyword.execute(ClickKeyword.groovy:43)\r\n\tat com.kms.katalon.core.keyword.internal.KeywordExecutor.executeKeywordForPlatform(KeywordExecutor.groovy:60)\r\n\tat com.kms.katalon.core.webui.keyword.WebUiBuiltInKeywords.click(WebUiBuiltInKeywords.groovy:616)\r\n\tat com.kms.katalon.core.webui.keyword.WebUiBuiltInKeywords$click$2.call(Unknown Source)\r\n\tat CriterioTecnico.run(CriterioTecnico:35)\r\n\tat com.kms.katalon.core.main.ScriptEngine.run(ScriptEngine.java:194)\r\n\tat com.kms.katalon.core.main.ScriptEngine.runScriptAsRawText(ScriptEngine.java:119)\r\n\tat com.kms.katalon.core.main.TestCaseExecutor.runScript(TestCaseExecutor.java:337)\r\n\tat com.kms.katalon.core.main.TestCaseExecutor.doExecute(TestCaseExecutor.java:328)\r\n\tat com.kms.katalon.core.main.TestCaseExecutor.processExecutionPhase(TestCaseExecutor.java:307)\r\n\tat com.kms.katalon.core.main.TestCaseExecutor.accessMainPhase(TestCaseExecutor.java:299)\r\n\tat com.kms.katalon.core.main.TestCaseExecutor.execute(TestCaseExecutor.java:233)\r\n\tat com.kms.katalon.core.main.TestSuiteExecutor.accessTestCaseMainPhase(TestSuiteExecutor.java:169)\r\n\tat com.kms.katalon.core.main.TestSuiteExecutor.accessTestSuiteMainPhase(TestSuiteExecutor.java:142)\r\n\tat com.kms.katalon.core.main.TestSuiteExecutor.execute(TestSuiteExecutor.java:91)\r\n\tat com.kms.katalon.core.main.TestCaseMain.startTestSuite(TestCaseMain.java:157)\r\n\tat com.kms.katalon.core.main.TestCaseMain$startTestSuite$0.call(Unknown Source)\r\n\tat TempTestSuite1576774684516.run(TempTestSuite1576774684516.groovy:36)\r\nCaused by: com.kms.katalon.core.webui.exception.WebElementNotFoundException: Web element with id: &amp;apos;Object Repository/CriterioTecnico/button_Guardar&amp;apos; located by &amp;apos;By.xpath: (//button[@type=&amp;apos;button&amp;apos;])[34]&amp;apos; not found\r\n\tat com.kms.katalon.core.webui.common.WebUiCommonHelper.findWebElement(WebUiCommonHelper.java:1113)\r\n\tat com.kms.katalon.core.webui.keyword.internal.WebUIAbstractKeyword.findWebElement(WebUIAbstractKeyword.groovy:27)\r\n\tat com.kms.katalon.core.webui.keyword.internal.WebUIAbstractKeyword.findWebElement(WebUIAbstractKeyword.groovy:26)\r\n\tat com.kms.katalon.core.webui.keyword.builtin.ClickKeyword$_click_closure1.doCall(ClickKeyword.groovy:68)\r\n\tat com.kms.katalon.core.webui.keyword.builtin.ClickKeyword$_click_closure1.call(ClickKeyword.groovy)\r\n\tat com.kms.katalon.core.webui.keyword.internal.WebUIKeywordMain.runKeyword(WebUIKeywordMain.groovy:20)\r\n\t... 19 more\r\n</message>
  <exception>
    <message>com.kms.katalon.core.exception.StepFailedException: Unable to click on object 'Object Repository/CriterioTecnico/button_Guardar'</message>
    <frame>
      <class>com.kms.katalon.core.webui.keyword.internal.WebUIKeywordMain</class>
      <method>stepFailed</method>
      <line>64</line>
    </frame>
    <frame>
      <class>com.kms.katalon.core.webui.keyword.internal.WebUIKeywordMain</class>
      <method>runKeyword</method>
      <line>26</line>
    </frame>
    <frame>
      <class>com.kms.katalon.core.webui.keyword.builtin.ClickKeyword</class>
      <method>click</method>
      <line>103</line>
    </frame>
    <frame>
      <class>com.kms.katalon.core.webui.keyword.builtin.ClickKeyword</class>
      <method>execute</method>
      <line>43</line>
    </frame>
    <frame>
      <class>com.kms.katalon.core.keyword.internal.KeywordExecutor</class>
      <method>executeKeywordForPlatform</method>
      <line>60</line>
    </frame>
    <frame>
      <class>com.kms.katalon.core.webui.keyword.WebUiBuiltInKeywords</class>
      <method>click</method>
      <line>616</line>
    </frame>
    <frame>
      <class>com.kms.katalon.core.webui.keyword.WebUiBuiltInKeywords$click$2</class>
      <method>call</method>
    </frame>
    <frame>
      <class>CriterioTecnico</class>
      <method>run</method>
      <line>35</line>
    </frame>
    <frame>
      <class>com.kms.katalon.core.main.ScriptEngine</class>
      <method>run</method>
      <line>194</line>
    </frame>
    <frame>
      <class>com.kms.katalon.core.main.ScriptEngine</class>
      <method>runScriptAsRawText</method>
      <line>119</line>
    </frame>
    <frame>
      <class>com.kms.katalon.core.main.TestCaseExecutor</class>
      <method>runScript</method>
      <line>337</line>
    </frame>
    <frame>
      <class>com.kms.katalon.core.main.TestCaseExecutor</class>
      <method>doExecute</method>
      <line>328</line>
    </frame>
    <frame>
      <class>com.kms.katalon.core.main.TestCaseExecutor</class>
      <method>processExecutionPhase</method>
      <line>307</line>
    </frame>
    <frame>
      <class>com.kms.katalon.core.main.TestCaseExecutor</class>
      <method>accessMainPhase</method>
      <line>299</line>
    </frame>
    <frame>
      <class>com.kms.katalon.core.main.TestCaseExecutor</class>
      <method>execute</method>
      <line>233</line>
    </frame>
    <frame>
      <class>com.kms.katalon.core.main.TestSuiteExecutor</class>
      <method>accessTestCaseMainPhase</method>
      <line>169</line>
    </frame>
    <frame>
      <class>com.kms.katalon.core.main.TestSuiteExecutor</class>
      <method>accessTestSuiteMainPhase</method>
      <line>142</line>
    </frame>
    <frame>
      <class>com.kms.katalon.core.main.TestSuiteExecutor</class>
      <method>execute</method>
      <line>91</line>
    </frame>
    <frame>
      <class>com.kms.katalon.core.main.TestCaseMain</class>
      <method>startTestSuite</method>
      <line>157</line>
    </frame>
    <frame>
      <class>com.kms.katalon.core.main.TestCaseMain$startTestSuite$0</class>
      <method>call</method>
    </frame>
    <frame>
      <class>TempTestSuite1576774684516</class>
      <method>run</method>
      <line>36</line>
    </frame>
  </exception>
  <nestedLevel>0</nestedLevel>
  <property name="failed.exception.stacktrace">com.kms.katalon.core.webui.exception.WebElementNotFoundException: Web element with id: &apos;Object Repository/CriterioTecnico/button_Guardar&apos; located by &apos;By.xpath: (//button[@type=&apos;button&apos;])[34]&apos; not found\r\n\tat com.kms.katalon.core.webui.common.WebUiCommonHelper.findWebElement(WebUiCommonHelper.java:1113)\r\n\tat com.kms.katalon.core.webui.keyword.internal.WebUIAbstractKeyword.findWebElement(WebUIAbstractKeyword.groovy:27)\r\n\tat com.kms.katalon.core.webui.keyword.internal.WebUIAbstractKeyword.findWebElement(WebUIAbstractKeyword.groovy:26)\r\n\tat com.kms.katalon.core.webui.keyword.builtin.ClickKeyword$_click_closure1.doCall(ClickKeyword.groovy:68)\r\n\tat com.kms.katalon.core.webui.keyword.builtin.ClickKeyword$_click_closure1.call(ClickKeyword.groovy)\r\n\tat com.kms.katalon.core.webui.keyword.internal.WebUIKeywordMain.runKeyword(WebUIKeywordMain.groovy:20)\r\n\tat com.kms.katalon.core.webui.keyword.builtin.ClickKeyword.click(ClickKeyword.groovy:103)\r\n\tat com.kms.katalon.core.webui.keyword.builtin.ClickKeyword.execute(ClickKeyword.groovy:43)\r\n\tat com.kms.katalon.core.keyword.internal.KeywordExecutor.executeKeywordForPlatform(KeywordExecutor.groovy:60)\r\n\tat com.kms.katalon.core.webui.keyword.WebUiBuiltInKeywords.click(WebUiBuiltInKeywords.groovy:616)\r\n\tat com.kms.katalon.core.webui.keyword.WebUiBuiltInKeywords$click$2.call(Unknown Source)\r\n\tat CriterioTecnico.run(CriterioTecnico:35)\r\n\tat com.kms.katalon.core.main.ScriptEngine.run(ScriptEngine.java:194)\r\n\tat com.kms.katalon.core.main.ScriptEngine.runScriptAsRawText(ScriptEngine.java:119)\r\n\tat com.kms.katalon.core.main.TestCaseExecutor.runScript(TestCaseExecutor.java:337)\r\n\tat com.kms.katalon.core.main.TestCaseExecutor.doExecute(TestCaseExecutor.java:328)\r\n\tat com.kms.katalon.core.main.TestCaseExecutor.processExecutionPhase(TestCaseExecutor.java:307)\r\n\tat com.kms.katalon.core.main.TestCaseExecutor.accessMainPhase(TestCaseExecutor.java:299)\r\n\tat com.kms.katalon.core.main.TestCaseExecutor.execute(TestCaseExecutor.java:233)\r\n\tat com.kms.katalon.core.main.TestSuiteExecutor.accessTestCaseMainPhase(TestSuiteExecutor.java:169)\r\n\tat com.kms.katalon.core.main.TestSuiteExecutor.accessTestSuiteMainPhase(TestSuiteExecutor.java:142)\r\n\tat com.kms.katalon.core.main.TestSuiteExecutor.execute(TestSuiteExecutor.java:91)\r\n\tat com.kms.katalon.core.main.TestCaseMain.startTestSuite(TestCaseMain.java:157)\r\n\tat com.kms.katalon.core.main.TestCaseMain$startTestSuite$0.call(Unknown Source)\r\n\tat TempTestSuite1576774684516.run(TempTestSuite1576774684516.groovy:36)\r\n</property>
  <property name="failed.exception.class">com.kms.katalon.core.webui.exception.WebElementNotFoundException</property>
  <property name="failed.exception.message">Web element with id: &apos;Object Repository/CriterioTecnico/button_Guardar&apos; located by &apos;By.xpath: (//button[@type=&apos;button&apos;])[34]&apos; not found</property>
</record>
<record>
  <date>2019-12-19T12:00:24</date>
  <millis>1576774824802</millis>
  <sequence>214</sequence>
  <level>END</level>
  <class>com.kms.katalon.core.logging.XmlKeywordLogger</class>
  <method>endTest</method>
  <thread>1</thread>
  <message>End Test Case : Test Cases/Ejecutivo_Responsable/CriterioTecnico</message>
  <nestedLevel>0</nestedLevel>
</record>
<record>
  <date>2019-12-19T12:00:24</date>
  <millis>1576774824803</millis>
  <sequence>215</sequence>
  <level>INFO</level>
  <class>com.kms.katalon.core.logging.XmlKeywordLogger</class>
  <method>logMessage</method>
  <thread>1</thread>
  <message>=================== Smart XPath Report =======================</message>
  <nestedLevel>0</nestedLevel>
</record>
<record>
  <date>2019-12-19T12:00:24</date>
  <millis>1576774824803</millis>
  <sequence>216</sequence>
  <level>INFO</level>
  <class>com.kms.katalon.core.logging.XmlKeywordLogger</class>
  <method>logMessage</method>
  <thread>1</thread>
  <message>Refer to the link below to preview and approve auto healing on broken test objects.</message>
  <nestedLevel>0</nestedLevel>
</record>
<record>
  <date>2019-12-19T12:00:24</date>
  <millis>1576774824804</millis>
  <sequence>217</sequence>
  <level>INFO</level>
  <class>com.kms.katalon.core.logging.XmlKeywordLogger</class>
  <method>logMessage</method>
  <thread>1</thread>
  <message>https://docs.katalon.com/katalon-studio/docs/auto-healing-smart-xpath.html</message>
  <nestedLevel>0</nestedLevel>
</record>
<record>
  <date>2019-12-19T12:00:24</date>
  <millis>1576774824804</millis>
  <sequence>218</sequence>
  <level>INFO</level>
  <class>com.kms.katalon.core.logging.XmlKeywordLogger</class>
  <method>logMessage</method>
  <thread>1</thread>
  <message>===============================================================</message>
  <nestedLevel>0</nestedLevel>
</record>
<record>
  <date>2019-12-19T12:00:25</date>
  <millis>1576774825661</millis>
  <sequence>219</sequence>
  <level>END</level>
  <class>com.kms.katalon.core.logging.XmlKeywordLogger</class>
  <method>endSuite</method>
  <thread>1</thread>
  <message>End Test Suite : Test Suites/Correspondencia/FlujoCompleto</message>
  <nestedLevel>0</nestedLevel>
</record>
</log>
