<?xml version="1.0" encoding="UTF-8" standalone="no"?>
<!DOCTYPE log SYSTEM "logger.dtd">
<log>
<record>
  <date>2019-12-19T08:49:22</date>
  <millis>1576763362857</millis>
  <sequence>0</sequence>
  <level>START</level>
  <class>com.kms.katalon.core.logging.XmlKeywordLogger</class>
  <method>startSuite</method>
  <thread>1</thread>
  <message>Start Test Suite : Test Suites/Correspondencia/FlujoCompleto</message>
  <nestedLevel>0</nestedLevel>
  <property name="name">FlujoCompleto</property>
  <property name="description"></property>
  <property name="id">Test Suites/Correspondencia/FlujoCompleto</property>
</record>
<record>
  <date>2019-12-19T08:49:22</date>
  <millis>1576763362871</millis>
  <sequence>1</sequence>
  <level>RUN_DATA</level>
  <class>com.kms.katalon.core.logging.XmlKeywordLogger</class>
  <method>logMessage</method>
  <thread>1</thread>
  <message>hostName = Lgarciaa - P-Lgarciaa.intergrupo.com</message>
  <nestedLevel>0</nestedLevel>
  <property name="hostName">Lgarciaa - P-Lgarciaa.intergrupo.com</property>
</record>
<record>
  <date>2019-12-19T08:49:22</date>
  <millis>1576763362890</millis>
  <sequence>2</sequence>
  <level>RUN_DATA</level>
  <class>com.kms.katalon.core.logging.XmlKeywordLogger</class>
  <method>logMessage</method>
  <thread>1</thread>
  <message>os = Windows 10 64bit</message>
  <nestedLevel>0</nestedLevel>
  <property name="os">Windows 10 64bit</property>
</record>
<record>
  <date>2019-12-19T08:49:22</date>
  <millis>1576763362891</millis>
  <sequence>3</sequence>
  <level>RUN_DATA</level>
  <class>com.kms.katalon.core.logging.XmlKeywordLogger</class>
  <method>logMessage</method>
  <thread>1</thread>
  <message>hostAddress = 10.60.6.13</message>
  <nestedLevel>0</nestedLevel>
  <property name="hostAddress">10.60.6.13</property>
</record>
<record>
  <date>2019-12-19T08:49:22</date>
  <millis>1576763362891</millis>
  <sequence>4</sequence>
  <level>RUN_DATA</level>
  <class>com.kms.katalon.core.logging.XmlKeywordLogger</class>
  <method>logMessage</method>
  <thread>1</thread>
  <message>katalonVersion = 7.1.0.1</message>
  <nestedLevel>0</nestedLevel>
  <property name="katalonVersion">7.1.0.1</property>
</record>
<record>
  <date>2019-12-19T08:49:23</date>
  <millis>1576763363048</millis>
  <sequence>5</sequence>
  <level>START</level>
  <class>com.kms.katalon.core.logging.XmlKeywordLogger</class>
  <method>startTest</method>
  <thread>1</thread>
  <message>Start Test Case : Test Cases/Recepcion/Crear_Flujo</message>
  <nestedLevel>1</nestedLevel>
  <property name="name">Test Cases/Recepcion/Crear_Flujo</property>
  <property name="description"></property>
  <property name="id">Test Cases/Recepcion/Crear_Flujo</property>
  <property name="source">F:\\Proyectos\\CAF_FlujoCorrespondencia\\Test Cases\\Recepcion\\Crear_Flujo.tc</property>
  <property name="tag"></property>
  <property name="isOptional">false</property>
</record>
<record>
  <date>2019-12-19T08:49:23</date>
  <millis>1576763363353</millis>
  <sequence>7</sequence>
  <level>START</level>
  <class>com.kms.katalon.core.logging.XmlKeywordLogger</class>
  <method>startKeyword</method>
  <thread>1</thread>
  <message>Start action : callTestCase(findTestCase(\&amp;quot;IniciarSesion_AplicacionCAF/IngresarPaginaPrincipal_CAF\&amp;quot;), [:], STOP_ON_FAILURE)</message>
  <nestedLevel>1</nestedLevel>
  <property name="startLine">19</property>
  <property name="stepIndex">1</property>
</record>
<record>
  <date>2019-12-19T08:49:23</date>
  <millis>1576763363461</millis>
  <sequence>10</sequence>
  <level>START</level>
  <class>com.kms.katalon.core.logging.XmlKeywordLogger</class>
  <method>startTest</method>
  <thread>1</thread>
  <message>Start Test Case : Test Cases/IniciarSesion_AplicacionCAF/IngresarPaginaPrincipal_CAF</message>
  <nestedLevel>2</nestedLevel>
  <property name="name">Test Cases/IniciarSesion_AplicacionCAF/IngresarPaginaPrincipal_CAF</property>
  <property name="description"></property>
  <property name="id">Test Cases/IniciarSesion_AplicacionCAF/IngresarPaginaPrincipal_CAF</property>
  <property name="source">F:\\Proyectos\\CAF_FlujoCorrespondencia\\Test Cases\\IniciarSesion_AplicacionCAF\\IngresarPaginaPrincipal_CAF.tc</property>
  <property name="tag"></property>
  <property name="isOptional">false</property>
</record>
<record>
  <date>2019-12-19T08:49:23</date>
  <millis>1576763363573</millis>
  <sequence>12</sequence>
  <level>START</level>
  <class>com.kms.katalon.core.logging.XmlKeywordLogger</class>
  <method>startKeyword</method>
  <thread>1</thread>
  <message>Start action : openBrowser(\&amp;quot;\&amp;quot;)</message>
  <nestedLevel>1</nestedLevel>
  <property name="startLine">18</property>
  <property name="stepIndex">1</property>
</record>
<record>
  <date>2019-12-19T08:49:23</date>
  <millis>1576763363707</millis>
  <sequence>14</sequence>
  <level>INFO</level>
  <class>com.kms.katalon.core.logging.XmlKeywordLogger</class>
  <method>logMessage</method>
  <thread>1</thread>
  <message>Starting &amp;apos;Chrome&amp;apos; driver</message>
  <nestedLevel>2</nestedLevel>
</record>
<record>
  <date>2019-12-19T08:49:23</date>
  <millis>1576763363733</millis>
  <sequence>16</sequence>
  <level>INFO</level>
  <class>com.kms.katalon.core.logging.XmlKeywordLogger</class>
  <method>logMessage</method>
  <thread>1</thread>
  <message>Action delay is set to 0 seconds</message>
  <nestedLevel>2</nestedLevel>
</record>
<record>
  <date>2019-12-19T08:49:30</date>
  <millis>1576763370646</millis>
  <sequence>18</sequence>
  <level>RUN_DATA</level>
  <class>com.kms.katalon.core.logging.XmlKeywordLogger</class>
  <method>logMessage</method>
  <thread>1</thread>
  <message>sessionId = adce61dc7dd41389587eff311bab34bd</message>
  <nestedLevel>2</nestedLevel>
  <property name="sessionId">adce61dc7dd41389587eff311bab34bd</property>
</record>
<record>
  <date>2019-12-19T08:49:30</date>
  <millis>1576763370658</millis>
  <sequence>19</sequence>
  <level>RUN_DATA</level>
  <class>com.kms.katalon.core.logging.XmlKeywordLogger</class>
  <method>logMessage</method>
  <thread>1</thread>
  <message>browser = Chrome 79.0.3945.88</message>
  <nestedLevel>2</nestedLevel>
  <property name="browser">Chrome 79.0.3945.88</property>
</record>
<record>
  <date>2019-12-19T08:49:30</date>
  <millis>1576763370658</millis>
  <sequence>20</sequence>
  <level>RUN_DATA</level>
  <class>com.kms.katalon.core.logging.XmlKeywordLogger</class>
  <method>logMessage</method>
  <thread>1</thread>
  <message>platform = Windows 10</message>
  <nestedLevel>2</nestedLevel>
  <property name="platform">Windows 10</property>
</record>
<record>
  <date>2019-12-19T08:49:30</date>
  <millis>1576763370659</millis>
  <sequence>21</sequence>
  <level>RUN_DATA</level>
  <class>com.kms.katalon.core.logging.XmlKeywordLogger</class>
  <method>logMessage</method>
  <thread>1</thread>
  <message>seleniumVersion = 3.141.59</message>
  <nestedLevel>2</nestedLevel>
  <property name="seleniumVersion">3.141.59</property>
</record>
<record>
  <date>2019-12-19T08:49:30</date>
  <millis>1576763370659</millis>
  <sequence>22</sequence>
  <level>RUN_DATA</level>
  <class>com.kms.katalon.core.logging.XmlKeywordLogger</class>
  <method>logMessage</method>
  <thread>1</thread>
  <message>proxyInformation = ProxyInformation{proxyOption=NO_PROXY, proxyServerType=HTTP, password=, proxyServerAddress=, proxyServerPort=0}</message>
  <nestedLevel>2</nestedLevel>
  <property name="proxyInformation">ProxyInformation{proxyOption=NO_PROXY, proxyServerType=HTTP, password=, proxyServerAddress=, proxyServerPort=0}</property>
</record>
<record>
  <date>2019-12-19T08:49:30</date>
  <millis>1576763370681</millis>
  <sequence>23</sequence>
  <level>PASSED</level>
  <class>com.kms.katalon.core.logging.XmlKeywordLogger</class>
  <method>logMessage</method>
  <thread>1</thread>
  <message>Browser is opened with url: &amp;apos;&amp;apos;</message>
  <nestedLevel>2</nestedLevel>
</record>
<record>
  <date>2019-12-19T08:49:30</date>
  <millis>1576763370681</millis>
  <sequence>24</sequence>
  <level>END</level>
  <class>com.kms.katalon.core.logging.XmlKeywordLogger</class>
  <method>endKeyword</method>
  <thread>1</thread>
  <message>End action : openBrowser(\&amp;quot;\&amp;quot;)</message>
  <nestedLevel>1</nestedLevel>
</record>
<record>
  <date>2019-12-19T08:49:30</date>
  <millis>1576763370681</millis>
  <sequence>25</sequence>
  <level>START</level>
  <class>com.kms.katalon.core.logging.XmlKeywordLogger</class>
  <method>startKeyword</method>
  <thread>1</thread>
  <message>Start action : maximizeWindow()</message>
  <nestedLevel>1</nestedLevel>
  <property name="startLine">20</property>
  <property name="stepIndex">2</property>
</record>
<record>
  <date>2019-12-19T08:49:34</date>
  <millis>1576763374856</millis>
  <sequence>27</sequence>
  <level>PASSED</level>
  <class>com.kms.katalon.core.logging.XmlKeywordLogger</class>
  <method>logMessage</method>
  <thread>1</thread>
  <message>Current window maximized</message>
  <nestedLevel>2</nestedLevel>
</record>
<record>
  <date>2019-12-19T08:49:34</date>
  <millis>1576763374858</millis>
  <sequence>28</sequence>
  <level>END</level>
  <class>com.kms.katalon.core.logging.XmlKeywordLogger</class>
  <method>endKeyword</method>
  <thread>1</thread>
  <message>End action : maximizeWindow()</message>
  <nestedLevel>1</nestedLevel>
</record>
<record>
  <date>2019-12-19T08:49:34</date>
  <millis>1576763374859</millis>
  <sequence>29</sequence>
  <level>START</level>
  <class>com.kms.katalon.core.logging.XmlKeywordLogger</class>
  <method>startKeyword</method>
  <thread>1</thread>
  <message>Start action : navigateToUrl(\&amp;quot;http://smdepbwsp02v:8004/sites/correspondencia/oecu/Lists/CSL_Correspondencia/AllItems.aspx\&amp;quot;)</message>
  <nestedLevel>1</nestedLevel>
  <property name="startLine">22</property>
  <property name="stepIndex">3</property>
</record>
<record>
  <date>2019-12-19T08:49:37</date>
  <millis>1576763377377</millis>
  <sequence>32</sequence>
  <level>PASSED</level>
  <class>com.kms.katalon.core.logging.XmlKeywordLogger</class>
  <method>logMessage</method>
  <thread>1</thread>
  <message>Navigate to &amp;apos;http://smdepbwsp02v:8004/sites/correspondencia/oecu/Lists/CSL_Correspondencia/AllItems.aspx&amp;apos; successfully</message>
  <nestedLevel>2</nestedLevel>
</record>
<record>
  <date>2019-12-19T08:49:37</date>
  <millis>1576763377378</millis>
  <sequence>33</sequence>
  <level>END</level>
  <class>com.kms.katalon.core.logging.XmlKeywordLogger</class>
  <method>endKeyword</method>
  <thread>1</thread>
  <message>End action : navigateToUrl(\&amp;quot;http://smdepbwsp02v:8004/sites/correspondencia/oecu/Lists/CSL_Correspondencia/AllItems.aspx\&amp;quot;)</message>
  <nestedLevel>1</nestedLevel>
</record>
<record>
  <date>2019-12-19T08:49:37</date>
  <millis>1576763377378</millis>
  <sequence>34</sequence>
  <level>PASSED</level>
  <class>com.kms.katalon.core.logging.XmlKeywordLogger</class>
  <method>logMessage</method>
  <thread>1</thread>
  <message>Test Cases/IniciarSesion_AplicacionCAF/IngresarPaginaPrincipal_CAF</message>
  <nestedLevel>2</nestedLevel>
</record>
<record>
  <date>2019-12-19T08:49:37</date>
  <millis>1576763377379</millis>
  <sequence>35</sequence>
  <level>END</level>
  <class>com.kms.katalon.core.logging.XmlKeywordLogger</class>
  <method>endTest</method>
  <thread>1</thread>
  <message>End Test Case : Test Cases/IniciarSesion_AplicacionCAF/IngresarPaginaPrincipal_CAF</message>
  <nestedLevel>1</nestedLevel>
</record>
<record>
  <date>2019-12-19T08:49:37</date>
  <millis>1576763377382</millis>
  <sequence>36</sequence>
  <level>INFO</level>
  <class>com.kms.katalon.core.logging.XmlKeywordLogger</class>
  <method>logMessage</method>
  <thread>1</thread>
  <message>=================== Smart XPath Report =======================</message>
  <nestedLevel>1</nestedLevel>
</record>
<record>
  <date>2019-12-19T08:49:37</date>
  <millis>1576763377383</millis>
  <sequence>37</sequence>
  <level>INFO</level>
  <class>com.kms.katalon.core.logging.XmlKeywordLogger</class>
  <method>logMessage</method>
  <thread>1</thread>
  <message>Refer to the link below to preview and approve auto healing on broken test objects.</message>
  <nestedLevel>1</nestedLevel>
</record>
<record>
  <date>2019-12-19T08:49:37</date>
  <millis>1576763377383</millis>
  <sequence>38</sequence>
  <level>INFO</level>
  <class>com.kms.katalon.core.logging.XmlKeywordLogger</class>
  <method>logMessage</method>
  <thread>1</thread>
  <message>https://docs.katalon.com/katalon-studio/docs/auto-healing-smart-xpath.html</message>
  <nestedLevel>1</nestedLevel>
</record>
<record>
  <date>2019-12-19T08:49:37</date>
  <millis>1576763377384</millis>
  <sequence>39</sequence>
  <level>INFO</level>
  <class>com.kms.katalon.core.logging.XmlKeywordLogger</class>
  <method>logMessage</method>
  <thread>1</thread>
  <message>===============================================================</message>
  <nestedLevel>1</nestedLevel>
</record>
<record>
  <date>2019-12-19T08:49:37</date>
  <millis>1576763377390</millis>
  <sequence>40</sequence>
  <level>PASSED</level>
  <class>com.kms.katalon.core.logging.XmlKeywordLogger</class>
  <method>logMessage</method>
  <thread>1</thread>
  <message>Call Test Case &amp;apos;Test Cases/IniciarSesion_AplicacionCAF/IngresarPaginaPrincipal_CAF&amp;apos; successfully</message>
  <nestedLevel>1</nestedLevel>
</record>
<record>
  <date>2019-12-19T08:49:37</date>
  <millis>1576763377391</millis>
  <sequence>41</sequence>
  <level>END</level>
  <class>com.kms.katalon.core.logging.XmlKeywordLogger</class>
  <method>endKeyword</method>
  <thread>1</thread>
  <message>End action : callTestCase(findTestCase(\&amp;quot;IniciarSesion_AplicacionCAF/IngresarPaginaPrincipal_CAF\&amp;quot;), [:], STOP_ON_FAILURE)</message>
  <nestedLevel>1</nestedLevel>
</record>
<record>
  <date>2019-12-19T08:49:37</date>
  <millis>1576763377391</millis>
  <sequence>42</sequence>
  <level>START</level>
  <class>com.kms.katalon.core.logging.XmlKeywordLogger</class>
  <method>startKeyword</method>
  <thread>1</thread>
  <message>Start action : click(findTestObject(\&amp;quot;Recepcion/Crear Flujo/span_nuevo elemento\&amp;quot;))</message>
  <nestedLevel>1</nestedLevel>
  <property name="startLine">21</property>
  <property name="stepIndex">2</property>
</record>
<record>
  <date>2019-12-19T08:49:39</date>
  <millis>1576763379078</millis>
  <sequence>52</sequence>
  <level>PASSED</level>
  <class>com.kms.katalon.core.logging.XmlKeywordLogger</class>
  <method>logMessage</method>
  <thread>1</thread>
  <message>Object: &amp;apos;Object Repository/Recepcion/Crear Flujo/span_nuevo elemento&amp;apos; is clicked on</message>
  <nestedLevel>1</nestedLevel>
</record>
<record>
  <date>2019-12-19T08:49:39</date>
  <millis>1576763379079</millis>
  <sequence>53</sequence>
  <level>END</level>
  <class>com.kms.katalon.core.logging.XmlKeywordLogger</class>
  <method>endKeyword</method>
  <thread>1</thread>
  <message>End action : click(findTestObject(\&amp;quot;Recepcion/Crear Flujo/span_nuevo elemento\&amp;quot;))</message>
  <nestedLevel>1</nestedLevel>
</record>
<record>
  <date>2019-12-19T08:49:39</date>
  <millis>1576763379079</millis>
  <sequence>54</sequence>
  <level>START</level>
  <class>com.kms.katalon.core.logging.XmlKeywordLogger</class>
  <method>startKeyword</method>
  <thread>1</thread>
  <message>Start action : click(findTestObject(\&amp;quot;Object Repository/Recepcion/Crear Flujo/input_Procedencia_procedencia-input\&amp;quot;))</message>
  <nestedLevel>1</nestedLevel>
  <property name="startLine">23</property>
  <property name="stepIndex">3</property>
</record>
<record>
  <date>2019-12-19T08:49:39</date>
  <millis>1576763379617</millis>
  <sequence>64</sequence>
  <level>PASSED</level>
  <class>com.kms.katalon.core.logging.XmlKeywordLogger</class>
  <method>logMessage</method>
  <thread>1</thread>
  <message>Object: &amp;apos;Object Repository/Recepcion/Crear Flujo/input_Procedencia_procedencia-input&amp;apos; is clicked on</message>
  <nestedLevel>1</nestedLevel>
</record>
<record>
  <date>2019-12-19T08:49:39</date>
  <millis>1576763379617</millis>
  <sequence>65</sequence>
  <level>END</level>
  <class>com.kms.katalon.core.logging.XmlKeywordLogger</class>
  <method>endKeyword</method>
  <thread>1</thread>
  <message>End action : click(findTestObject(\&amp;quot;Object Repository/Recepcion/Crear Flujo/input_Procedencia_procedencia-input\&amp;quot;))</message>
  <nestedLevel>1</nestedLevel>
</record>
<record>
  <date>2019-12-19T08:49:39</date>
  <millis>1576763379618</millis>
  <sequence>66</sequence>
  <level>START</level>
  <class>com.kms.katalon.core.logging.XmlKeywordLogger</class>
  <method>startKeyword</method>
  <thread>1</thread>
  <message>Start action : setText(findTestObject(\&amp;quot;Object Repository/Recepcion/Crear Flujo/input_Procedencia_procedencia-input\&amp;quot;), \&amp;quot;ECUADOR\&amp;quot;)</message>
  <nestedLevel>1</nestedLevel>
  <property name="startLine">25</property>
  <property name="stepIndex">4</property>
</record>
<record>
  <date>2019-12-19T08:49:40</date>
  <millis>1576763380185</millis>
  <sequence>76</sequence>
  <level>PASSED</level>
  <class>com.kms.katalon.core.logging.XmlKeywordLogger</class>
  <method>logMessage</method>
  <thread>1</thread>
  <message>Text &amp;apos;ECUADOR&amp;apos; is set on object &amp;apos;Object Repository/Recepcion/Crear Flujo/input_Procedencia_procedencia-input&amp;apos;</message>
  <nestedLevel>1</nestedLevel>
</record>
<record>
  <date>2019-12-19T08:49:40</date>
  <millis>1576763380185</millis>
  <sequence>77</sequence>
  <level>END</level>
  <class>com.kms.katalon.core.logging.XmlKeywordLogger</class>
  <method>endKeyword</method>
  <thread>1</thread>
  <message>End action : setText(findTestObject(\&amp;quot;Object Repository/Recepcion/Crear Flujo/input_Procedencia_procedencia-input\&amp;quot;), \&amp;quot;ECUADOR\&amp;quot;)</message>
  <nestedLevel>1</nestedLevel>
</record>
<record>
  <date>2019-12-19T08:49:40</date>
  <millis>1576763380185</millis>
  <sequence>78</sequence>
  <level>START</level>
  <class>com.kms.katalon.core.logging.XmlKeywordLogger</class>
  <method>startKeyword</method>
  <thread>1</thread>
  <message>Start action : setText(findTestObject(\&amp;quot;Object Repository/Recepcion/Crear Flujo/input_Tipo Documento_tipoDocumento-input\&amp;quot;), \&amp;quot;ORIGINAL\&amp;quot;)</message>
  <nestedLevel>1</nestedLevel>
  <property name="startLine">27</property>
  <property name="stepIndex">5</property>
</record>
<record>
  <date>2019-12-19T08:49:40</date>
  <millis>1576763380583</millis>
  <sequence>88</sequence>
  <level>PASSED</level>
  <class>com.kms.katalon.core.logging.XmlKeywordLogger</class>
  <method>logMessage</method>
  <thread>1</thread>
  <message>Text &amp;apos;ORIGINAL&amp;apos; is set on object &amp;apos;Object Repository/Recepcion/Crear Flujo/input_Tipo Documento_tipoDocumento-input&amp;apos;</message>
  <nestedLevel>1</nestedLevel>
</record>
<record>
  <date>2019-12-19T08:49:40</date>
  <millis>1576763380583</millis>
  <sequence>89</sequence>
  <level>END</level>
  <class>com.kms.katalon.core.logging.XmlKeywordLogger</class>
  <method>endKeyword</method>
  <thread>1</thread>
  <message>End action : setText(findTestObject(\&amp;quot;Object Repository/Recepcion/Crear Flujo/input_Tipo Documento_tipoDocumento-input\&amp;quot;), \&amp;quot;ORIGINAL\&amp;quot;)</message>
  <nestedLevel>1</nestedLevel>
</record>
<record>
  <date>2019-12-19T08:49:40</date>
  <millis>1576763380584</millis>
  <sequence>90</sequence>
  <level>START</level>
  <class>com.kms.katalon.core.logging.XmlKeywordLogger</class>
  <method>startKeyword</method>
  <thread>1</thread>
  <message>Start action : click(findTestObject(\&amp;quot;Object Repository/Recepcion/Crear Flujo/i_\&amp;quot;))</message>
  <nestedLevel>1</nestedLevel>
  <property name="startLine">29</property>
  <property name="stepIndex">6</property>
</record>
<record>
  <date>2019-12-19T08:49:41</date>
  <millis>1576763381036</millis>
  <sequence>100</sequence>
  <level>PASSED</level>
  <class>com.kms.katalon.core.logging.XmlKeywordLogger</class>
  <method>logMessage</method>
  <thread>1</thread>
  <message>Object: &amp;apos;Object Repository/Recepcion/Crear Flujo/i_&amp;apos; is clicked on</message>
  <nestedLevel>1</nestedLevel>
</record>
<record>
  <date>2019-12-19T08:49:41</date>
  <millis>1576763381037</millis>
  <sequence>101</sequence>
  <level>END</level>
  <class>com.kms.katalon.core.logging.XmlKeywordLogger</class>
  <method>endKeyword</method>
  <thread>1</thread>
  <message>End action : click(findTestObject(\&amp;quot;Object Repository/Recepcion/Crear Flujo/i_\&amp;quot;))</message>
  <nestedLevel>1</nestedLevel>
</record>
<record>
  <date>2019-12-19T08:49:41</date>
  <millis>1576763381037</millis>
  <sequence>102</sequence>
  <level>START</level>
  <class>com.kms.katalon.core.logging.XmlKeywordLogger</class>
  <method>startKeyword</method>
  <thread>1</thread>
  <message>Start action : click(findTestObject(\&amp;quot;Recepcion/Crear Flujo/span_20\&amp;quot;))</message>
  <nestedLevel>1</nestedLevel>
  <property name="startLine">31</property>
  <property name="stepIndex">7</property>
</record>
<record>
  <date>2019-12-19T08:49:41</date>
  <millis>1576763381590</millis>
  <sequence>112</sequence>
  <level>PASSED</level>
  <class>com.kms.katalon.core.logging.XmlKeywordLogger</class>
  <method>logMessage</method>
  <thread>1</thread>
  <message>Object: &amp;apos;Object Repository/Recepcion/Crear Flujo/span_20&amp;apos; is clicked on</message>
  <nestedLevel>1</nestedLevel>
</record>
<record>
  <date>2019-12-19T08:49:41</date>
  <millis>1576763381591</millis>
  <sequence>113</sequence>
  <level>END</level>
  <class>com.kms.katalon.core.logging.XmlKeywordLogger</class>
  <method>endKeyword</method>
  <thread>1</thread>
  <message>End action : click(findTestObject(\&amp;quot;Recepcion/Crear Flujo/span_20\&amp;quot;))</message>
  <nestedLevel>1</nestedLevel>
</record>
<record>
  <date>2019-12-19T08:49:41</date>
  <millis>1576763381591</millis>
  <sequence>114</sequence>
  <level>START</level>
  <class>com.kms.katalon.core.logging.XmlKeywordLogger</class>
  <method>startKeyword</method>
  <thread>1</thread>
  <message>Start action : setText(findTestObject(\&amp;quot;Recepcion/Crear Flujo/input_Nmero Oficio_numeroOficio\&amp;quot;), \&amp;quot;12\&amp;quot;)</message>
  <nestedLevel>1</nestedLevel>
  <property name="startLine">33</property>
  <property name="stepIndex">8</property>
</record>
<record>
  <date>2019-12-19T08:49:42</date>
  <millis>1576763382258</millis>
  <sequence>124</sequence>
  <level>PASSED</level>
  <class>com.kms.katalon.core.logging.XmlKeywordLogger</class>
  <method>logMessage</method>
  <thread>1</thread>
  <message>Text &amp;apos;12&amp;apos; is set on object &amp;apos;Object Repository/Recepcion/Crear Flujo/input_Nmero Oficio_numeroOficio&amp;apos;</message>
  <nestedLevel>1</nestedLevel>
</record>
<record>
  <date>2019-12-19T08:49:42</date>
  <millis>1576763382259</millis>
  <sequence>125</sequence>
  <level>END</level>
  <class>com.kms.katalon.core.logging.XmlKeywordLogger</class>
  <method>endKeyword</method>
  <thread>1</thread>
  <message>End action : setText(findTestObject(\&amp;quot;Recepcion/Crear Flujo/input_Nmero Oficio_numeroOficio\&amp;quot;), \&amp;quot;12\&amp;quot;)</message>
  <nestedLevel>1</nestedLevel>
</record>
<record>
  <date>2019-12-19T08:49:42</date>
  <millis>1576763382259</millis>
  <sequence>126</sequence>
  <level>START</level>
  <class>com.kms.katalon.core.logging.XmlKeywordLogger</class>
  <method>startKeyword</method>
  <thread>1</thread>
  <message>Start action : setText(findTestObject(\&amp;quot;Object Repository/Recepcion/Crear Flujo/input_Relacionado Con_relacionadoCon-input\&amp;quot;), \&amp;quot;CFA\&amp;quot;)</message>
  <nestedLevel>1</nestedLevel>
  <property name="startLine">35</property>
  <property name="stepIndex">9</property>
</record>
<record>
  <date>2019-12-19T08:49:42</date>
  <millis>1576763382809</millis>
  <sequence>136</sequence>
  <level>PASSED</level>
  <class>com.kms.katalon.core.logging.XmlKeywordLogger</class>
  <method>logMessage</method>
  <thread>1</thread>
  <message>Text &amp;apos;CFA&amp;apos; is set on object &amp;apos;Object Repository/Recepcion/Crear Flujo/input_Relacionado Con_relacionadoCon-input&amp;apos;</message>
  <nestedLevel>1</nestedLevel>
</record>
<record>
  <date>2019-12-19T08:49:42</date>
  <millis>1576763382809</millis>
  <sequence>137</sequence>
  <level>END</level>
  <class>com.kms.katalon.core.logging.XmlKeywordLogger</class>
  <method>endKeyword</method>
  <thread>1</thread>
  <message>End action : setText(findTestObject(\&amp;quot;Object Repository/Recepcion/Crear Flujo/input_Relacionado Con_relacionadoCon-input\&amp;quot;), \&amp;quot;CFA\&amp;quot;)</message>
  <nestedLevel>1</nestedLevel>
</record>
<record>
  <date>2019-12-19T08:49:42</date>
  <millis>1576763382809</millis>
  <sequence>138</sequence>
  <level>START</level>
  <class>com.kms.katalon.core.logging.XmlKeywordLogger</class>
  <method>startKeyword</method>
  <thread>1</thread>
  <message>Start action : setText(findTestObject(\&amp;quot;Object Repository/Recepcion/Crear Flujo/input_Nombre de Crdito_nombreCredito\&amp;quot;), \&amp;quot;PRUEBA\&amp;quot;)</message>
  <nestedLevel>1</nestedLevel>
  <property name="startLine">37</property>
  <property name="stepIndex">10</property>
</record>
<record>
  <date>2019-12-19T08:49:43</date>
  <millis>1576763383406</millis>
  <sequence>148</sequence>
  <level>PASSED</level>
  <class>com.kms.katalon.core.logging.XmlKeywordLogger</class>
  <method>logMessage</method>
  <thread>1</thread>
  <message>Text &amp;apos;PRUEBA&amp;apos; is set on object &amp;apos;Object Repository/Recepcion/Crear Flujo/input_Nombre de Crdito_nombreCredito&amp;apos;</message>
  <nestedLevel>1</nestedLevel>
</record>
<record>
  <date>2019-12-19T08:49:43</date>
  <millis>1576763383407</millis>
  <sequence>149</sequence>
  <level>END</level>
  <class>com.kms.katalon.core.logging.XmlKeywordLogger</class>
  <method>endKeyword</method>
  <thread>1</thread>
  <message>End action : setText(findTestObject(\&amp;quot;Object Repository/Recepcion/Crear Flujo/input_Nombre de Crdito_nombreCredito\&amp;quot;), \&amp;quot;PRUEBA\&amp;quot;)</message>
  <nestedLevel>1</nestedLevel>
</record>
<record>
  <date>2019-12-19T08:49:43</date>
  <millis>1576763383407</millis>
  <sequence>150</sequence>
  <level>START</level>
  <class>com.kms.katalon.core.logging.XmlKeywordLogger</class>
  <method>startKeyword</method>
  <thread>1</thread>
  <message>Start action : click(findTestObject(\&amp;quot;Recepcion/Crear Flujo/span_BANCO DE LA REPUBLICA\&amp;quot;))</message>
  <nestedLevel>1</nestedLevel>
  <property name="startLine">39</property>
  <property name="stepIndex">11</property>
</record>
<record>
  <date>2019-12-19T08:49:43</date>
  <millis>1576763383853</millis>
  <sequence>160</sequence>
  <level>PASSED</level>
  <class>com.kms.katalon.core.logging.XmlKeywordLogger</class>
  <method>logMessage</method>
  <thread>1</thread>
  <message>Object: &amp;apos;Object Repository/Recepcion/Crear Flujo/span_BANCO DE LA REPUBLICA&amp;apos; is clicked on</message>
  <nestedLevel>1</nestedLevel>
</record>
<record>
  <date>2019-12-19T08:49:43</date>
  <millis>1576763383853</millis>
  <sequence>161</sequence>
  <level>END</level>
  <class>com.kms.katalon.core.logging.XmlKeywordLogger</class>
  <method>endKeyword</method>
  <thread>1</thread>
  <message>End action : click(findTestObject(\&amp;quot;Recepcion/Crear Flujo/span_BANCO DE LA REPUBLICA\&amp;quot;))</message>
  <nestedLevel>1</nestedLevel>
</record>
<record>
  <date>2019-12-19T08:49:43</date>
  <millis>1576763383853</millis>
  <sequence>162</sequence>
  <level>START</level>
  <class>com.kms.katalon.core.logging.XmlKeywordLogger</class>
  <method>startKeyword</method>
  <thread>1</thread>
  <message>Start action : click(findTestObject(\&amp;quot;Recepcion/Crear Flujo/input_Cargo del Remitente (1)_cargoRemitenteA\&amp;quot;))</message>
  <nestedLevel>1</nestedLevel>
  <property name="startLine">41</property>
  <property name="stepIndex">12</property>
</record>
<record>
  <date>2019-12-19T08:49:44</date>
  <millis>1576763384407</millis>
  <sequence>172</sequence>
  <level>PASSED</level>
  <class>com.kms.katalon.core.logging.XmlKeywordLogger</class>
  <method>logMessage</method>
  <thread>1</thread>
  <message>Object: &amp;apos;Object Repository/Recepcion/Crear Flujo/input_Cargo del Remitente (1)_cargoRemitenteA&amp;apos; is clicked on</message>
  <nestedLevel>1</nestedLevel>
</record>
<record>
  <date>2019-12-19T08:49:44</date>
  <millis>1576763384408</millis>
  <sequence>173</sequence>
  <level>END</level>
  <class>com.kms.katalon.core.logging.XmlKeywordLogger</class>
  <method>endKeyword</method>
  <thread>1</thread>
  <message>End action : click(findTestObject(\&amp;quot;Recepcion/Crear Flujo/input_Cargo del Remitente (1)_cargoRemitenteA\&amp;quot;))</message>
  <nestedLevel>1</nestedLevel>
</record>
<record>
  <date>2019-12-19T08:49:44</date>
  <millis>1576763384408</millis>
  <sequence>174</sequence>
  <level>START</level>
  <class>com.kms.katalon.core.logging.XmlKeywordLogger</class>
  <method>startKeyword</method>
  <thread>1</thread>
  <message>Start action : setText(findTestObject(\&amp;quot;Recepcion/Crear Flujo/input_Nombre del Remitente (1)_nombreRemitenteA\&amp;quot;), \&amp;quot;Andres\&amp;quot;)</message>
  <nestedLevel>1</nestedLevel>
  <property name="startLine">43</property>
  <property name="stepIndex">13</property>
</record>
<record>
  <date>2019-12-19T08:49:45</date>
  <millis>1576763385050</millis>
  <sequence>184</sequence>
  <level>PASSED</level>
  <class>com.kms.katalon.core.logging.XmlKeywordLogger</class>
  <method>logMessage</method>
  <thread>1</thread>
  <message>Text &amp;apos;Andres&amp;apos; is set on object &amp;apos;Object Repository/Recepcion/Crear Flujo/input_Nombre del Remitente (1)_nombreRemitenteA&amp;apos;</message>
  <nestedLevel>1</nestedLevel>
</record>
<record>
  <date>2019-12-19T08:49:45</date>
  <millis>1576763385051</millis>
  <sequence>185</sequence>
  <level>END</level>
  <class>com.kms.katalon.core.logging.XmlKeywordLogger</class>
  <method>endKeyword</method>
  <thread>1</thread>
  <message>End action : setText(findTestObject(\&amp;quot;Recepcion/Crear Flujo/input_Nombre del Remitente (1)_nombreRemitenteA\&amp;quot;), \&amp;quot;Andres\&amp;quot;)</message>
  <nestedLevel>1</nestedLevel>
</record>
<record>
  <date>2019-12-19T08:49:45</date>
  <millis>1576763385051</millis>
  <sequence>186</sequence>
  <level>START</level>
  <class>com.kms.katalon.core.logging.XmlKeywordLogger</class>
  <method>startKeyword</method>
  <thread>1</thread>
  <message>Start action : setText(findTestObject(\&amp;quot;Recepcion/Crear Flujo/input_Cargo del Remitente (1)_cargoRemitenteA\&amp;quot;), \&amp;quot;DIRECTOR\&amp;quot;)</message>
  <nestedLevel>1</nestedLevel>
  <property name="startLine">45</property>
  <property name="stepIndex">14</property>
</record>
<record>
  <date>2019-12-19T08:49:45</date>
  <millis>1576763385472</millis>
  <sequence>196</sequence>
  <level>PASSED</level>
  <class>com.kms.katalon.core.logging.XmlKeywordLogger</class>
  <method>logMessage</method>
  <thread>1</thread>
  <message>Text &amp;apos;DIRECTOR&amp;apos; is set on object &amp;apos;Object Repository/Recepcion/Crear Flujo/input_Cargo del Remitente (1)_cargoRemitenteA&amp;apos;</message>
  <nestedLevel>1</nestedLevel>
</record>
<record>
  <date>2019-12-19T08:49:45</date>
  <millis>1576763385473</millis>
  <sequence>197</sequence>
  <level>END</level>
  <class>com.kms.katalon.core.logging.XmlKeywordLogger</class>
  <method>endKeyword</method>
  <thread>1</thread>
  <message>End action : setText(findTestObject(\&amp;quot;Recepcion/Crear Flujo/input_Cargo del Remitente (1)_cargoRemitenteA\&amp;quot;), \&amp;quot;DIRECTOR\&amp;quot;)</message>
  <nestedLevel>1</nestedLevel>
</record>
<record>
  <date>2019-12-19T08:49:45</date>
  <millis>1576763385473</millis>
  <sequence>198</sequence>
  <level>START</level>
  <class>com.kms.katalon.core.logging.XmlKeywordLogger</class>
  <method>startKeyword</method>
  <thread>1</thread>
  <message>Start action : setText(findTestObject(\&amp;quot;Recepcion/Crear Flujo/input_Nombre del Remitente (2)_nombreRemitenteB\&amp;quot;), \&amp;quot;DG\&amp;quot;)</message>
  <nestedLevel>1</nestedLevel>
  <property name="startLine">47</property>
  <property name="stepIndex">15</property>
</record>
<record>
  <date>2019-12-19T08:49:46</date>
  <millis>1576763386034</millis>
  <sequence>208</sequence>
  <level>PASSED</level>
  <class>com.kms.katalon.core.logging.XmlKeywordLogger</class>
  <method>logMessage</method>
  <thread>1</thread>
  <message>Text &amp;apos;DG&amp;apos; is set on object &amp;apos;Object Repository/Recepcion/Crear Flujo/input_Nombre del Remitente (2)_nombreRemitenteB&amp;apos;</message>
  <nestedLevel>1</nestedLevel>
</record>
<record>
  <date>2019-12-19T08:49:46</date>
  <millis>1576763386034</millis>
  <sequence>209</sequence>
  <level>END</level>
  <class>com.kms.katalon.core.logging.XmlKeywordLogger</class>
  <method>endKeyword</method>
  <thread>1</thread>
  <message>End action : setText(findTestObject(\&amp;quot;Recepcion/Crear Flujo/input_Nombre del Remitente (2)_nombreRemitenteB\&amp;quot;), \&amp;quot;DG\&amp;quot;)</message>
  <nestedLevel>1</nestedLevel>
</record>
<record>
  <date>2019-12-19T08:49:46</date>
  <millis>1576763386034</millis>
  <sequence>210</sequence>
  <level>START</level>
  <class>com.kms.katalon.core.logging.XmlKeywordLogger</class>
  <method>startKeyword</method>
  <thread>1</thread>
  <message>Start action : setText(findTestObject(\&amp;quot;Object Repository/Recepcion/Crear Flujo/input_Cargo del Remitente (2)_cargoRemitenteB\&amp;quot;), \&amp;quot;HOLA\&amp;quot;)</message>
  <nestedLevel>1</nestedLevel>
  <property name="startLine">49</property>
  <property name="stepIndex">16</property>
</record>
<record>
  <date>2019-12-19T08:49:46</date>
  <millis>1576763386439</millis>
  <sequence>220</sequence>
  <level>PASSED</level>
  <class>com.kms.katalon.core.logging.XmlKeywordLogger</class>
  <method>logMessage</method>
  <thread>1</thread>
  <message>Text &amp;apos;HOLA&amp;apos; is set on object &amp;apos;Object Repository/Recepcion/Crear Flujo/input_Cargo del Remitente (2)_cargoRemitenteB&amp;apos;</message>
  <nestedLevel>1</nestedLevel>
</record>
<record>
  <date>2019-12-19T08:49:46</date>
  <millis>1576763386439</millis>
  <sequence>221</sequence>
  <level>END</level>
  <class>com.kms.katalon.core.logging.XmlKeywordLogger</class>
  <method>endKeyword</method>
  <thread>1</thread>
  <message>End action : setText(findTestObject(\&amp;quot;Object Repository/Recepcion/Crear Flujo/input_Cargo del Remitente (2)_cargoRemitenteB\&amp;quot;), \&amp;quot;HOLA\&amp;quot;)</message>
  <nestedLevel>1</nestedLevel>
</record>
<record>
  <date>2019-12-19T08:49:46</date>
  <millis>1576763386439</millis>
  <sequence>222</sequence>
  <level>START</level>
  <class>com.kms.katalon.core.logging.XmlKeywordLogger</class>
  <method>startKeyword</method>
  <thread>1</thread>
  <message>Start action : setText(findTestObject(\&amp;quot;Object Repository/Recepcion/Crear Flujo/input_Dirigido a_ms-BasePicker-input input-144_1\&amp;quot;), \&amp;quot;Laura Vanessa Garc\u00EDa Agudelo\&amp;quot;)</message>
  <nestedLevel>1</nestedLevel>
  <property name="startLine">51</property>
  <property name="stepIndex">17</property>
</record>
<record>
  <date>2019-12-19T08:50:33</date>
  <millis>1576763433108</millis>
  <sequence>229</sequence>
  <level>INFO</level>
  <class>com.kms.katalon.core.logging.XmlKeywordLogger</class>
  <method>logMessage</method>
  <thread>1</thread>
  <message>Unable to find the element located by &amp;apos;By.xpath: id(\&amp;quot;correspondencia-nuevo-cewp-container\&amp;quot;)/div[@class=\&amp;quot;contenedor\&amp;quot;]/div[@class=\&amp;quot;ms-Fabric is-focusVisible root-86\&amp;quot;]/div[14]/div[@class=\&amp;quot;ms-BasePicker ms-PeoplePicker root-121\&amp;quot;]/div[@class=\&amp;quot;ms-FocusZone css-145\&amp;quot;]/div[@class=\&amp;quot;ms-SelectionZone\&amp;quot;]/div[@class=\&amp;quot;ms-BasePicker-text text-169\&amp;quot;]/input[@class=\&amp;quot;ms-BasePicker-input input-144\&amp;quot;][count(. | //*[@class = &amp;apos;ms-BasePicker-input input-144&amp;apos;]) = count(//*[@class = &amp;apos;ms-BasePicker-input input-144&amp;apos;])]&amp;apos;. Please recheck the objects properties to make sure the desired element is located. </message>
  <nestedLevel>1</nestedLevel>
</record>
<record>
  <date>2019-12-19T08:50:33</date>
  <millis>1576763433476</millis>
  <sequence>233</sequence>
  <level>FAILED</level>
  <class>com.kms.katalon.core.logging.XmlKeywordLogger</class>
  <method>logMessage</method>
  <thread>1</thread>
  <message>Unable to set text &amp;apos;Laura Vanessa Garc\u00EDa Agudelo&amp;apos; of object &amp;apos;Object Repository/Recepcion/Crear Flujo/input_Dirigido a_ms-BasePicker-input input-144_1&amp;apos; (Root cause: com.kms.katalon.core.exception.StepFailedException: Unable to set text &amp;apos;Laura Vanessa Garc\u00EDa Agudelo&amp;apos; of object &amp;apos;Object Repository/Recepcion/Crear Flujo/input_Dirigido a_ms-BasePicker-input input-144_1&amp;apos;\r\n\tat com.kms.katalon.core.webui.keyword.internal.WebUIKeywordMain.stepFailed(WebUIKeywordMain.groovy:64)\r\n\tat com.kms.katalon.core.webui.keyword.internal.WebUIKeywordMain.runKeyword(WebUIKeywordMain.groovy:26)\r\n\tat com.kms.katalon.core.webui.keyword.builtin.SetTextKeyword.setText(SetTextKeyword.groovy:66)\r\n\tat com.kms.katalon.core.webui.keyword.builtin.SetTextKeyword.execute(SetTextKeyword.groovy:37)\r\n\tat com.kms.katalon.core.keyword.internal.KeywordExecutor.executeKeywordForPlatform(KeywordExecutor.groovy:60)\r\n\tat com.kms.katalon.core.webui.keyword.WebUiBuiltInKeywords.setText(WebUiBuiltInKeywords.groovy:950)\r\n\tat com.kms.katalon.core.webui.keyword.WebUiBuiltInKeywords$setText$3.call(Unknown Source)\r\n\tat Crear_Flujo.run(Crear_Flujo:51)\r\n\tat com.kms.katalon.core.main.ScriptEngine.run(ScriptEngine.java:194)\r\n\tat com.kms.katalon.core.main.ScriptEngine.runScriptAsRawText(ScriptEngine.java:119)\r\n\tat com.kms.katalon.core.main.TestCaseExecutor.runScript(TestCaseExecutor.java:337)\r\n\tat com.kms.katalon.core.main.TestCaseExecutor.doExecute(TestCaseExecutor.java:328)\r\n\tat com.kms.katalon.core.main.TestCaseExecutor.processExecutionPhase(TestCaseExecutor.java:307)\r\n\tat com.kms.katalon.core.main.TestCaseExecutor.accessMainPhase(TestCaseExecutor.java:299)\r\n\tat com.kms.katalon.core.main.TestCaseExecutor.execute(TestCaseExecutor.java:233)\r\n\tat com.kms.katalon.core.main.TestSuiteExecutor.accessTestCaseMainPhase(TestSuiteExecutor.java:169)\r\n\tat com.kms.katalon.core.main.TestSuiteExecutor.accessTestSuiteMainPhase(TestSuiteExecutor.java:142)\r\n\tat com.kms.katalon.core.main.TestSuiteExecutor.execute(TestSuiteExecutor.java:91)\r\n\tat com.kms.katalon.core.main.TestCaseMain.startTestSuite(TestCaseMain.java:157)\r\n\tat com.kms.katalon.core.main.TestCaseMain$startTestSuite$0.call(Unknown Source)\r\n\tat TempTestSuite1576763360810.run(TempTestSuite1576763360810.groovy:36)\r\nCaused by: com.kms.katalon.core.webui.exception.WebElementNotFoundException: Web element with id: &amp;apos;Object Repository/Recepcion/Crear Flujo/input_Dirigido a_ms-BasePicker-input input-144_1&amp;apos; located by &amp;apos;By.xpath: id(\&amp;quot;correspondencia-nuevo-cewp-container\&amp;quot;)/div[@class=\&amp;quot;contenedor\&amp;quot;]/div[@class=\&amp;quot;ms-Fabric is-focusVisible root-86\&amp;quot;]/div[14]/div[@class=\&amp;quot;ms-BasePicker ms-PeoplePicker root-121\&amp;quot;]/div[@class=\&amp;quot;ms-FocusZone css-145\&amp;quot;]/div[@class=\&amp;quot;ms-SelectionZone\&amp;quot;]/div[@class=\&amp;quot;ms-BasePicker-text text-169\&amp;quot;]/input[@class=\&amp;quot;ms-BasePicker-input input-144\&amp;quot;][count(. | //*[@class = &amp;apos;ms-BasePicker-input input-144&amp;apos;]) = count(//*[@class = &amp;apos;ms-BasePicker-input input-144&amp;apos;])]&amp;apos; not found\r\n\tat com.kms.katalon.core.webui.common.WebUiCommonHelper.findWebElement(WebUiCommonHelper.java:1113)\r\n\tat com.kms.katalon.core.webui.keyword.internal.WebUIAbstractKeyword.findWebElement(WebUIAbstractKeyword.groovy:27)\r\n\tat com.kms.katalon.core.webui.keyword.internal.WebUIAbstractKeyword.findWebElement(WebUIAbstractKeyword.groovy:26)\r\n\tat com.kms.katalon.core.webui.keyword.builtin.SetTextKeyword$_setText_closure1.doCall(SetTextKeyword.groovy:51)\r\n\tat com.kms.katalon.core.webui.keyword.builtin.SetTextKeyword$_setText_closure1.call(SetTextKeyword.groovy)\r\n\tat com.kms.katalon.core.webui.keyword.internal.WebUIKeywordMain.runKeyword(WebUIKeywordMain.groovy:20)\r\n\tat com.kms.katalon.core.webui.keyword.builtin.SetTextKeyword.setText(SetTextKeyword.groovy:66)\r\n\tat com.kms.katalon.core.webui.keyword.builtin.SetTextKeyword.execute(SetTextKeyword.groovy:37)\r\n\tat com.kms.katalon.core.keyword.internal.KeywordExecutor.executeKeywordForPlatform(KeywordExecutor.groovy:60)\r\n\tat com.kms.katalon.core.webui.keyword.WebUiBuiltInKeywords.setText(WebUiBuiltInKeywords.groovy:950)\r\n\tat com.kms.katalon.core.webui.keyword.WebUiBuiltInKeywords$setText$3.call(Unknown Source)\r\n\tat Script1575391245909.run(Script1575391245909.groovy:51)\r\n\t... 13 more\r\n)</message>
  <nestedLevel>1</nestedLevel>
  <property name="failed.exception.class">com.kms.katalon.core.webui.exception.WebElementNotFoundException</property>
  <property name="attachment">1576763433112.png</property>
  <property name="failed.exception.stacktrace">com.kms.katalon.core.webui.exception.WebElementNotFoundException: Web element with id: &apos;Object Repository/Recepcion/Crear Flujo/input_Dirigido a_ms-BasePicker-input input-144_1&apos; located by &apos;By.xpath: id(\&quot;correspondencia-nuevo-cewp-container\&quot;)/div[@class=\&quot;contenedor\&quot;]/div[@class=\&quot;ms-Fabric is-focusVisible root-86\&quot;]/div[14]/div[@class=\&quot;ms-BasePicker ms-PeoplePicker root-121\&quot;]/div[@class=\&quot;ms-FocusZone css-145\&quot;]/div[@class=\&quot;ms-SelectionZone\&quot;]/div[@class=\&quot;ms-BasePicker-text text-169\&quot;]/input[@class=\&quot;ms-BasePicker-input input-144\&quot;][count(. | //*[@class = &apos;ms-BasePicker-input input-144&apos;]) = count(//*[@class = &apos;ms-BasePicker-input input-144&apos;])]&apos; not found\r\n\tat com.kms.katalon.core.webui.common.WebUiCommonHelper.findWebElement(WebUiCommonHelper.java:1113)\r\n\tat com.kms.katalon.core.webui.keyword.internal.WebUIAbstractKeyword.findWebElement(WebUIAbstractKeyword.groovy:27)\r\n\tat com.kms.katalon.core.webui.keyword.internal.WebUIAbstractKeyword.findWebElement(WebUIAbstractKeyword.groovy:26)\r\n\tat com.kms.katalon.core.webui.keyword.builtin.SetTextKeyword$_setText_closure1.doCall(SetTextKeyword.groovy:51)\r\n\tat com.kms.katalon.core.webui.keyword.builtin.SetTextKeyword$_setText_closure1.call(SetTextKeyword.groovy)\r\n\tat com.kms.katalon.core.webui.keyword.internal.WebUIKeywordMain.runKeyword(WebUIKeywordMain.groovy:20)\r\n\tat com.kms.katalon.core.webui.keyword.builtin.SetTextKeyword.setText(SetTextKeyword.groovy:66)\r\n\tat com.kms.katalon.core.webui.keyword.builtin.SetTextKeyword.execute(SetTextKeyword.groovy:37)\r\n\tat com.kms.katalon.core.keyword.internal.KeywordExecutor.executeKeywordForPlatform(KeywordExecutor.groovy:60)\r\n\tat com.kms.katalon.core.webui.keyword.WebUiBuiltInKeywords.setText(WebUiBuiltInKeywords.groovy:950)\r\n\tat com.kms.katalon.core.webui.keyword.WebUiBuiltInKeywords$setText$3.call(Unknown Source)\r\n\tat Crear_Flujo.run(Crear_Flujo:51)\r\n\tat com.kms.katalon.core.main.ScriptEngine.run(ScriptEngine.java:194)\r\n\tat com.kms.katalon.core.main.ScriptEngine.runScriptAsRawText(ScriptEngine.java:119)\r\n\tat com.kms.katalon.core.main.TestCaseExecutor.runScript(TestCaseExecutor.java:337)\r\n\tat com.kms.katalon.core.main.TestCaseExecutor.doExecute(TestCaseExecutor.java:328)\r\n\tat com.kms.katalon.core.main.TestCaseExecutor.processExecutionPhase(TestCaseExecutor.java:307)\r\n\tat com.kms.katalon.core.main.TestCaseExecutor.accessMainPhase(TestCaseExecutor.java:299)\r\n\tat com.kms.katalon.core.main.TestCaseExecutor.execute(TestCaseExecutor.java:233)\r\n\tat com.kms.katalon.core.main.TestSuiteExecutor.accessTestCaseMainPhase(TestSuiteExecutor.java:169)\r\n\tat com.kms.katalon.core.main.TestSuiteExecutor.accessTestSuiteMainPhase(TestSuiteExecutor.java:142)\r\n\tat com.kms.katalon.core.main.TestSuiteExecutor.execute(TestSuiteExecutor.java:91)\r\n\tat com.kms.katalon.core.main.TestCaseMain.startTestSuite(TestCaseMain.java:157)\r\n\tat com.kms.katalon.core.main.TestCaseMain$startTestSuite$0.call(Unknown Source)\r\n\tat TempTestSuite1576763360810.run(TempTestSuite1576763360810.groovy:36)\r\n</property>
  <property name="failed.exception.message">Web element with id: &apos;Object Repository/Recepcion/Crear Flujo/input_Dirigido a_ms-BasePicker-input input-144_1&apos; located by &apos;By.xpath: id(\&quot;correspondencia-nuevo-cewp-container\&quot;)/div[@class=\&quot;contenedor\&quot;]/div[@class=\&quot;ms-Fabric is-focusVisible root-86\&quot;]/div[14]/div[@class=\&quot;ms-BasePicker ms-PeoplePicker root-121\&quot;]/div[@class=\&quot;ms-FocusZone css-145\&quot;]/div[@class=\&quot;ms-SelectionZone\&quot;]/div[@class=\&quot;ms-BasePicker-text text-169\&quot;]/input[@class=\&quot;ms-BasePicker-input input-144\&quot;][count(. | //*[@class = &apos;ms-BasePicker-input input-144&apos;]) = count(//*[@class = &apos;ms-BasePicker-input input-144&apos;])]&apos; not found</property>
</record>
<record>
  <date>2019-12-19T08:50:33</date>
  <millis>1576763433477</millis>
  <sequence>234</sequence>
  <level>END</level>
  <class>com.kms.katalon.core.logging.XmlKeywordLogger</class>
  <method>endKeyword</method>
  <thread>1</thread>
  <message>End action : setText(findTestObject(\&amp;quot;Object Repository/Recepcion/Crear Flujo/input_Dirigido a_ms-BasePicker-input input-144_1\&amp;quot;), \&amp;quot;Laura Vanessa Garc\u00EDa Agudelo\&amp;quot;)</message>
  <nestedLevel>1</nestedLevel>
</record>
<record>
  <date>2019-12-19T08:50:33</date>
  <millis>1576763433478</millis>
  <sequence>237</sequence>
  <level>FAILED</level>
  <class>com.kms.katalon.core.logging.XmlKeywordLogger</class>
  <method>logMessage</method>
  <thread>1</thread>
  <message>Test Cases/Recepcion/Crear_Flujo FAILED.\nReason:\ncom.kms.katalon.core.exception.StepFailedException: Unable to set text &amp;apos;Laura Vanessa Garc\u00EDa Agudelo&amp;apos; of object &amp;apos;Object Repository/Recepcion/Crear Flujo/input_Dirigido a_ms-BasePicker-input input-144_1&amp;apos;\r\n\tat com.kms.katalon.core.webui.keyword.internal.WebUIKeywordMain.stepFailed(WebUIKeywordMain.groovy:64)\r\n\tat com.kms.katalon.core.webui.keyword.internal.WebUIKeywordMain.runKeyword(WebUIKeywordMain.groovy:26)\r\n\tat com.kms.katalon.core.webui.keyword.builtin.SetTextKeyword.setText(SetTextKeyword.groovy:66)\r\n\tat com.kms.katalon.core.webui.keyword.builtin.SetTextKeyword.execute(SetTextKeyword.groovy:37)\r\n\tat com.kms.katalon.core.keyword.internal.KeywordExecutor.executeKeywordForPlatform(KeywordExecutor.groovy:60)\r\n\tat com.kms.katalon.core.webui.keyword.WebUiBuiltInKeywords.setText(WebUiBuiltInKeywords.groovy:950)\r\n\tat com.kms.katalon.core.webui.keyword.WebUiBuiltInKeywords$setText$3.call(Unknown Source)\r\n\tat Crear_Flujo.run(Crear_Flujo:51)\r\n\tat com.kms.katalon.core.main.ScriptEngine.run(ScriptEngine.java:194)\r\n\tat com.kms.katalon.core.main.ScriptEngine.runScriptAsRawText(ScriptEngine.java:119)\r\n\tat com.kms.katalon.core.main.TestCaseExecutor.runScript(TestCaseExecutor.java:337)\r\n\tat com.kms.katalon.core.main.TestCaseExecutor.doExecute(TestCaseExecutor.java:328)\r\n\tat com.kms.katalon.core.main.TestCaseExecutor.processExecutionPhase(TestCaseExecutor.java:307)\r\n\tat com.kms.katalon.core.main.TestCaseExecutor.accessMainPhase(TestCaseExecutor.java:299)\r\n\tat com.kms.katalon.core.main.TestCaseExecutor.execute(TestCaseExecutor.java:233)\r\n\tat com.kms.katalon.core.main.TestSuiteExecutor.accessTestCaseMainPhase(TestSuiteExecutor.java:169)\r\n\tat com.kms.katalon.core.main.TestSuiteExecutor.accessTestSuiteMainPhase(TestSuiteExecutor.java:142)\r\n\tat com.kms.katalon.core.main.TestSuiteExecutor.execute(TestSuiteExecutor.java:91)\r\n\tat com.kms.katalon.core.main.TestCaseMain.startTestSuite(TestCaseMain.java:157)\r\n\tat com.kms.katalon.core.main.TestCaseMain$startTestSuite$0.call(Unknown Source)\r\n\tat TempTestSuite1576763360810.run(TempTestSuite1576763360810.groovy:36)\r\nCaused by: com.kms.katalon.core.webui.exception.WebElementNotFoundException: Web element with id: &amp;apos;Object Repository/Recepcion/Crear Flujo/input_Dirigido a_ms-BasePicker-input input-144_1&amp;apos; located by &amp;apos;By.xpath: id(\&amp;quot;correspondencia-nuevo-cewp-container\&amp;quot;)/div[@class=\&amp;quot;contenedor\&amp;quot;]/div[@class=\&amp;quot;ms-Fabric is-focusVisible root-86\&amp;quot;]/div[14]/div[@class=\&amp;quot;ms-BasePicker ms-PeoplePicker root-121\&amp;quot;]/div[@class=\&amp;quot;ms-FocusZone css-145\&amp;quot;]/div[@class=\&amp;quot;ms-SelectionZone\&amp;quot;]/div[@class=\&amp;quot;ms-BasePicker-text text-169\&amp;quot;]/input[@class=\&amp;quot;ms-BasePicker-input input-144\&amp;quot;][count(. | //*[@class = &amp;apos;ms-BasePicker-input input-144&amp;apos;]) = count(//*[@class = &amp;apos;ms-BasePicker-input input-144&amp;apos;])]&amp;apos; not found\r\n\tat com.kms.katalon.core.webui.common.WebUiCommonHelper.findWebElement(WebUiCommonHelper.java:1113)\r\n\tat com.kms.katalon.core.webui.keyword.internal.WebUIAbstractKeyword.findWebElement(WebUIAbstractKeyword.groovy:27)\r\n\tat com.kms.katalon.core.webui.keyword.internal.WebUIAbstractKeyword.findWebElement(WebUIAbstractKeyword.groovy:26)\r\n\tat com.kms.katalon.core.webui.keyword.builtin.SetTextKeyword$_setText_closure1.doCall(SetTextKeyword.groovy:51)\r\n\tat com.kms.katalon.core.webui.keyword.builtin.SetTextKeyword$_setText_closure1.call(SetTextKeyword.groovy)\r\n\tat com.kms.katalon.core.webui.keyword.internal.WebUIKeywordMain.runKeyword(WebUIKeywordMain.groovy:20)\r\n\t... 19 more\r\n</message>
  <exception>
    <message>com.kms.katalon.core.exception.StepFailedException: Unable to set text 'Laura Vanessa Garca Agudelo' of object 'Object Repository/Recepcion/Crear Flujo/input_Dirigido a_ms-BasePicker-input input-144_1'</message>
    <frame>
      <class>com.kms.katalon.core.webui.keyword.internal.WebUIKeywordMain</class>
      <method>stepFailed</method>
      <line>64</line>
    </frame>
    <frame>
      <class>com.kms.katalon.core.webui.keyword.internal.WebUIKeywordMain</class>
      <method>runKeyword</method>
      <line>26</line>
    </frame>
    <frame>
      <class>com.kms.katalon.core.webui.keyword.builtin.SetTextKeyword</class>
      <method>setText</method>
      <line>66</line>
    </frame>
    <frame>
      <class>com.kms.katalon.core.webui.keyword.builtin.SetTextKeyword</class>
      <method>execute</method>
      <line>37</line>
    </frame>
    <frame>
      <class>com.kms.katalon.core.keyword.internal.KeywordExecutor</class>
      <method>executeKeywordForPlatform</method>
      <line>60</line>
    </frame>
    <frame>
      <class>com.kms.katalon.core.webui.keyword.WebUiBuiltInKeywords</class>
      <method>setText</method>
      <line>950</line>
    </frame>
    <frame>
      <class>com.kms.katalon.core.webui.keyword.WebUiBuiltInKeywords$setText$3</class>
      <method>call</method>
    </frame>
    <frame>
      <class>Crear_Flujo</class>
      <method>run</method>
      <line>51</line>
    </frame>
    <frame>
      <class>com.kms.katalon.core.main.ScriptEngine</class>
      <method>run</method>
      <line>194</line>
    </frame>
    <frame>
      <class>com.kms.katalon.core.main.ScriptEngine</class>
      <method>runScriptAsRawText</method>
      <line>119</line>
    </frame>
    <frame>
      <class>com.kms.katalon.core.main.TestCaseExecutor</class>
      <method>runScript</method>
      <line>337</line>
    </frame>
    <frame>
      <class>com.kms.katalon.core.main.TestCaseExecutor</class>
      <method>doExecute</method>
      <line>328</line>
    </frame>
    <frame>
      <class>com.kms.katalon.core.main.TestCaseExecutor</class>
      <method>processExecutionPhase</method>
      <line>307</line>
    </frame>
    <frame>
      <class>com.kms.katalon.core.main.TestCaseExecutor</class>
      <method>accessMainPhase</method>
      <line>299</line>
    </frame>
    <frame>
      <class>com.kms.katalon.core.main.TestCaseExecutor</class>
      <method>execute</method>
      <line>233</line>
    </frame>
    <frame>
      <class>com.kms.katalon.core.main.TestSuiteExecutor</class>
      <method>accessTestCaseMainPhase</method>
      <line>169</line>
    </frame>
    <frame>
      <class>com.kms.katalon.core.main.TestSuiteExecutor</class>
      <method>accessTestSuiteMainPhase</method>
      <line>142</line>
    </frame>
    <frame>
      <class>com.kms.katalon.core.main.TestSuiteExecutor</class>
      <method>execute</method>
      <line>91</line>
    </frame>
    <frame>
      <class>com.kms.katalon.core.main.TestCaseMain</class>
      <method>startTestSuite</method>
      <line>157</line>
    </frame>
    <frame>
      <class>com.kms.katalon.core.main.TestCaseMain$startTestSuite$0</class>
      <method>call</method>
    </frame>
    <frame>
      <class>TempTestSuite1576763360810</class>
      <method>run</method>
      <line>36</line>
    </frame>
  </exception>
  <nestedLevel>0</nestedLevel>
  <property name="failed.exception.stacktrace">com.kms.katalon.core.webui.exception.WebElementNotFoundException: Web element with id: &apos;Object Repository/Recepcion/Crear Flujo/input_Dirigido a_ms-BasePicker-input input-144_1&apos; located by &apos;By.xpath: id(\&quot;correspondencia-nuevo-cewp-container\&quot;)/div[@class=\&quot;contenedor\&quot;]/div[@class=\&quot;ms-Fabric is-focusVisible root-86\&quot;]/div[14]/div[@class=\&quot;ms-BasePicker ms-PeoplePicker root-121\&quot;]/div[@class=\&quot;ms-FocusZone css-145\&quot;]/div[@class=\&quot;ms-SelectionZone\&quot;]/div[@class=\&quot;ms-BasePicker-text text-169\&quot;]/input[@class=\&quot;ms-BasePicker-input input-144\&quot;][count(. | //*[@class = &apos;ms-BasePicker-input input-144&apos;]) = count(//*[@class = &apos;ms-BasePicker-input input-144&apos;])]&apos; not found\r\n\tat com.kms.katalon.core.webui.common.WebUiCommonHelper.findWebElement(WebUiCommonHelper.java:1113)\r\n\tat com.kms.katalon.core.webui.keyword.internal.WebUIAbstractKeyword.findWebElement(WebUIAbstractKeyword.groovy:27)\r\n\tat com.kms.katalon.core.webui.keyword.internal.WebUIAbstractKeyword.findWebElement(WebUIAbstractKeyword.groovy:26)\r\n\tat com.kms.katalon.core.webui.keyword.builtin.SetTextKeyword$_setText_closure1.doCall(SetTextKeyword.groovy:51)\r\n\tat com.kms.katalon.core.webui.keyword.builtin.SetTextKeyword$_setText_closure1.call(SetTextKeyword.groovy)\r\n\tat com.kms.katalon.core.webui.keyword.internal.WebUIKeywordMain.runKeyword(WebUIKeywordMain.groovy:20)\r\n\tat com.kms.katalon.core.webui.keyword.builtin.SetTextKeyword.setText(SetTextKeyword.groovy:66)\r\n\tat com.kms.katalon.core.webui.keyword.builtin.SetTextKeyword.execute(SetTextKeyword.groovy:37)\r\n\tat com.kms.katalon.core.keyword.internal.KeywordExecutor.executeKeywordForPlatform(KeywordExecutor.groovy:60)\r\n\tat com.kms.katalon.core.webui.keyword.WebUiBuiltInKeywords.setText(WebUiBuiltInKeywords.groovy:950)\r\n\tat com.kms.katalon.core.webui.keyword.WebUiBuiltInKeywords$setText$3.call(Unknown Source)\r\n\tat Crear_Flujo.run(Crear_Flujo:51)\r\n\tat com.kms.katalon.core.main.ScriptEngine.run(ScriptEngine.java:194)\r\n\tat com.kms.katalon.core.main.ScriptEngine.runScriptAsRawText(ScriptEngine.java:119)\r\n\tat com.kms.katalon.core.main.TestCaseExecutor.runScript(TestCaseExecutor.java:337)\r\n\tat com.kms.katalon.core.main.TestCaseExecutor.doExecute(TestCaseExecutor.java:328)\r\n\tat com.kms.katalon.core.main.TestCaseExecutor.processExecutionPhase(TestCaseExecutor.java:307)\r\n\tat com.kms.katalon.core.main.TestCaseExecutor.accessMainPhase(TestCaseExecutor.java:299)\r\n\tat com.kms.katalon.core.main.TestCaseExecutor.execute(TestCaseExecutor.java:233)\r\n\tat com.kms.katalon.core.main.TestSuiteExecutor.accessTestCaseMainPhase(TestSuiteExecutor.java:169)\r\n\tat com.kms.katalon.core.main.TestSuiteExecutor.accessTestSuiteMainPhase(TestSuiteExecutor.java:142)\r\n\tat com.kms.katalon.core.main.TestSuiteExecutor.execute(TestSuiteExecutor.java:91)\r\n\tat com.kms.katalon.core.main.TestCaseMain.startTestSuite(TestCaseMain.java:157)\r\n\tat com.kms.katalon.core.main.TestCaseMain$startTestSuite$0.call(Unknown Source)\r\n\tat TempTestSuite1576763360810.run(TempTestSuite1576763360810.groovy:36)\r\n</property>
  <property name="failed.exception.class">com.kms.katalon.core.webui.exception.WebElementNotFoundException</property>
  <property name="failed.exception.message">Web element with id: &apos;Object Repository/Recepcion/Crear Flujo/input_Dirigido a_ms-BasePicker-input input-144_1&apos; located by &apos;By.xpath: id(\&quot;correspondencia-nuevo-cewp-container\&quot;)/div[@class=\&quot;contenedor\&quot;]/div[@class=\&quot;ms-Fabric is-focusVisible root-86\&quot;]/div[14]/div[@class=\&quot;ms-BasePicker ms-PeoplePicker root-121\&quot;]/div[@class=\&quot;ms-FocusZone css-145\&quot;]/div[@class=\&quot;ms-SelectionZone\&quot;]/div[@class=\&quot;ms-BasePicker-text text-169\&quot;]/input[@class=\&quot;ms-BasePicker-input input-144\&quot;][count(. | //*[@class = &apos;ms-BasePicker-input input-144&apos;]) = count(//*[@class = &apos;ms-BasePicker-input input-144&apos;])]&apos; not found</property>
</record>
<record>
  <date>2019-12-19T08:50:33</date>
  <millis>1576763433481</millis>
  <sequence>239</sequence>
  <level>END</level>
  <class>com.kms.katalon.core.logging.XmlKeywordLogger</class>
  <method>endTest</method>
  <thread>1</thread>
  <message>End Test Case : Test Cases/Recepcion/Crear_Flujo</message>
  <nestedLevel>0</nestedLevel>
</record>
<record>
  <date>2019-12-19T08:50:33</date>
  <millis>1576763433481</millis>
  <sequence>240</sequence>
  <level>INFO</level>
  <class>com.kms.katalon.core.logging.XmlKeywordLogger</class>
  <method>logMessage</method>
  <thread>1</thread>
  <message>=================== Smart XPath Report =======================</message>
  <nestedLevel>0</nestedLevel>
</record>
<record>
  <date>2019-12-19T08:50:33</date>
  <millis>1576763433481</millis>
  <sequence>241</sequence>
  <level>INFO</level>
  <class>com.kms.katalon.core.logging.XmlKeywordLogger</class>
  <method>logMessage</method>
  <thread>1</thread>
  <message>Refer to the link below to preview and approve auto healing on broken test objects.</message>
  <nestedLevel>0</nestedLevel>
</record>
<record>
  <date>2019-12-19T08:50:33</date>
  <millis>1576763433481</millis>
  <sequence>242</sequence>
  <level>INFO</level>
  <class>com.kms.katalon.core.logging.XmlKeywordLogger</class>
  <method>logMessage</method>
  <thread>1</thread>
  <message>https://docs.katalon.com/katalon-studio/docs/auto-healing-smart-xpath.html</message>
  <nestedLevel>0</nestedLevel>
</record>
<record>
  <date>2019-12-19T08:50:33</date>
  <millis>1576763433481</millis>
  <sequence>243</sequence>
  <level>INFO</level>
  <class>com.kms.katalon.core.logging.XmlKeywordLogger</class>
  <method>logMessage</method>
  <thread>1</thread>
  <message>===============================================================</message>
  <nestedLevel>0</nestedLevel>
</record>
<record>
  <date>2019-12-19T08:50:33</date>
  <millis>1576763433481</millis>
  <sequence>244</sequence>
  <level>START</level>
  <class>com.kms.katalon.core.logging.XmlKeywordLogger</class>
  <method>startTest</method>
  <thread>1</thread>
  <message>Start Test Case : Test Cases/Representante/ControlCorrespondencia</message>
  <nestedLevel>1</nestedLevel>
  <property name="name">Test Cases/Representante/ControlCorrespondencia</property>
  <property name="description"></property>
  <property name="id">Test Cases/Representante/ControlCorrespondencia</property>
  <property name="source">F:\\Proyectos\\CAF_FlujoCorrespondencia\\Test Cases\\Representante\\ControlCorrespondencia.tc</property>
  <property name="tag"></property>
  <property name="isOptional">false</property>
</record>
<record>
  <date>2019-12-19T08:50:33</date>
  <millis>1576763433615</millis>
  <sequence>246</sequence>
  <level>START</level>
  <class>com.kms.katalon.core.logging.XmlKeywordLogger</class>
  <method>startKeyword</method>
  <thread>1</thread>
  <message>Start action : callTestCase(findTestCase(\&amp;quot;Representante/SeleccionarCorreo_Integrado\&amp;quot;), [:], STOP_ON_FAILURE)</message>
  <nestedLevel>1</nestedLevel>
  <property name="startLine">19</property>
  <property name="stepIndex">1</property>
</record>
<record>
  <date>2019-12-19T08:50:33</date>
  <millis>1576763433668</millis>
  <sequence>249</sequence>
  <level>START</level>
  <class>com.kms.katalon.core.logging.XmlKeywordLogger</class>
  <method>startTest</method>
  <thread>1</thread>
  <message>Start Test Case : Test Cases/Representante/SeleccionarCorreo_Integrado</message>
  <nestedLevel>2</nestedLevel>
  <property name="name">Test Cases/Representante/SeleccionarCorreo_Integrado</property>
  <property name="description"></property>
  <property name="id">Test Cases/Representante/SeleccionarCorreo_Integrado</property>
  <property name="source">F:\\Proyectos\\CAF_FlujoCorrespondencia\\Test Cases\\Representante\\SeleccionarCorreo_Integrado.tc</property>
  <property name="tag"></property>
  <property name="isOptional">false</property>
</record>
<record>
  <date>2019-12-19T08:50:33</date>
  <millis>1576763433762</millis>
  <sequence>251</sequence>
  <level>START</level>
  <class>com.kms.katalon.core.logging.XmlKeywordLogger</class>
  <method>startKeyword</method>
  <thread>1</thread>
  <message>Start action : callTestCase(findTestCase(\&amp;quot;Representante/InicioSesion_AccesoCorreo\&amp;quot;), [:], STOP_ON_FAILURE)</message>
  <nestedLevel>1</nestedLevel>
  <property name="startLine">18</property>
  <property name="stepIndex">1</property>
</record>
<record>
  <date>2019-12-19T08:50:33</date>
  <millis>1576763433820</millis>
  <sequence>254</sequence>
  <level>START</level>
  <class>com.kms.katalon.core.logging.XmlKeywordLogger</class>
  <method>startTest</method>
  <thread>1</thread>
  <message>Start Test Case : Test Cases/Representante/InicioSesion_AccesoCorreo</message>
  <nestedLevel>3</nestedLevel>
  <property name="name">Test Cases/Representante/InicioSesion_AccesoCorreo</property>
  <property name="description"></property>
  <property name="id">Test Cases/Representante/InicioSesion_AccesoCorreo</property>
  <property name="source">F:\\Proyectos\\CAF_FlujoCorrespondencia\\Test Cases\\Representante\\InicioSesion_AccesoCorreo.tc</property>
  <property name="tag"></property>
  <property name="isOptional">false</property>
</record>
<record>
  <date>2019-12-19T08:50:33</date>
  <millis>1576763433976</millis>
  <sequence>256</sequence>
  <level>START</level>
  <class>com.kms.katalon.core.logging.XmlKeywordLogger</class>
  <method>startKeyword</method>
  <thread>1</thread>
  <message>Start action : openBrowser(\&amp;quot;\&amp;quot;)</message>
  <nestedLevel>1</nestedLevel>
  <property name="startLine">19</property>
  <property name="stepIndex">1</property>
</record>
<record>
  <date>2019-12-19T08:50:33</date>
  <millis>1576763433977</millis>
  <sequence>258</sequence>
  <level>WARNING</level>
  <class>com.kms.katalon.core.logging.XmlKeywordLogger</class>
  <method>logMessage</method>
  <thread>1</thread>
  <message>A browser is already opened. Closing browser and opening a new one</message>
  <nestedLevel>3</nestedLevel>
</record>
<record>
  <date>2019-12-19T08:50:34</date>
  <millis>1576763434640</millis>
  <sequence>259</sequence>
  <level>INFO</level>
  <class>com.kms.katalon.core.logging.XmlKeywordLogger</class>
  <method>logMessage</method>
  <thread>1</thread>
  <message>Starting &amp;apos;Chrome&amp;apos; driver</message>
  <nestedLevel>3</nestedLevel>
</record>
