<?xml version="1.0" encoding="UTF-8" standalone="no"?>
<!DOCTYPE log SYSTEM "logger.dtd">
<log>
<record>
  <date>2019-12-19T11:03:13</date>
  <millis>1576771393308</millis>
  <sequence>0</sequence>
  <level>START</level>
  <class>com.kms.katalon.core.logging.XmlKeywordLogger</class>
  <method>startSuite</method>
  <thread>1</thread>
  <message>Start Test Suite : Test Suites/Correspondencia/FlujoCompleto</message>
  <nestedLevel>0</nestedLevel>
  <property name="name">FlujoCompleto</property>
  <property name="description"></property>
  <property name="id">Test Suites/Correspondencia/FlujoCompleto</property>
</record>
<record>
  <date>2019-12-19T11:03:13</date>
  <millis>1576771393321</millis>
  <sequence>1</sequence>
  <level>RUN_DATA</level>
  <class>com.kms.katalon.core.logging.XmlKeywordLogger</class>
  <method>logMessage</method>
  <thread>1</thread>
  <message>hostName = Lgarciaa - P-Lgarciaa.intergrupo.com</message>
  <nestedLevel>0</nestedLevel>
  <property name="hostName">Lgarciaa - P-Lgarciaa.intergrupo.com</property>
</record>
<record>
  <date>2019-12-19T11:03:13</date>
  <millis>1576771393322</millis>
  <sequence>2</sequence>
  <level>RUN_DATA</level>
  <class>com.kms.katalon.core.logging.XmlKeywordLogger</class>
  <method>logMessage</method>
  <thread>1</thread>
  <message>os = Windows 10 64bit</message>
  <nestedLevel>0</nestedLevel>
  <property name="os">Windows 10 64bit</property>
</record>
<record>
  <date>2019-12-19T11:03:13</date>
  <millis>1576771393323</millis>
  <sequence>3</sequence>
  <level>RUN_DATA</level>
  <class>com.kms.katalon.core.logging.XmlKeywordLogger</class>
  <method>logMessage</method>
  <thread>1</thread>
  <message>hostAddress = 10.60.6.13</message>
  <nestedLevel>0</nestedLevel>
  <property name="hostAddress">10.60.6.13</property>
</record>
<record>
  <date>2019-12-19T11:03:13</date>
  <millis>1576771393323</millis>
  <sequence>4</sequence>
  <level>RUN_DATA</level>
  <class>com.kms.katalon.core.logging.XmlKeywordLogger</class>
  <method>logMessage</method>
  <thread>1</thread>
  <message>katalonVersion = 7.1.0.1</message>
  <nestedLevel>0</nestedLevel>
  <property name="katalonVersion">7.1.0.1</property>
</record>
<record>
  <date>2019-12-19T11:03:13</date>
  <millis>1576771393509</millis>
  <sequence>5</sequence>
  <level>START</level>
  <class>com.kms.katalon.core.logging.XmlKeywordLogger</class>
  <method>startTest</method>
  <thread>1</thread>
  <message>Start Test Case : Test Cases/Representante/ControlCorrespondencia</message>
  <nestedLevel>1</nestedLevel>
  <property name="name">Test Cases/Representante/ControlCorrespondencia</property>
  <property name="description"></property>
  <property name="id">Test Cases/Representante/ControlCorrespondencia</property>
  <property name="source">F:\\Proyectos\\CAF_FlujoCorrespondencia\\Test Cases\\Representante\\ControlCorrespondencia.tc</property>
  <property name="tag"></property>
  <property name="isOptional">false</property>
</record>
<record>
  <date>2019-12-19T11:03:13</date>
  <millis>1576771393782</millis>
  <sequence>7</sequence>
  <level>START</level>
  <class>com.kms.katalon.core.logging.XmlKeywordLogger</class>
  <method>startKeyword</method>
  <thread>1</thread>
  <message>Start action : callTestCase(findTestCase(\&amp;quot;Representante/SeleccionarCorreo_Integrado\&amp;quot;), [:], STOP_ON_FAILURE)</message>
  <nestedLevel>1</nestedLevel>
  <property name="startLine">19</property>
  <property name="stepIndex">1</property>
</record>
<record>
  <date>2019-12-19T11:03:13</date>
  <millis>1576771393948</millis>
  <sequence>10</sequence>
  <level>START</level>
  <class>com.kms.katalon.core.logging.XmlKeywordLogger</class>
  <method>startTest</method>
  <thread>1</thread>
  <message>Start Test Case : Test Cases/Representante/SeleccionarCorreo_Integrado</message>
  <nestedLevel>2</nestedLevel>
  <property name="name">Test Cases/Representante/SeleccionarCorreo_Integrado</property>
  <property name="description"></property>
  <property name="id">Test Cases/Representante/SeleccionarCorreo_Integrado</property>
  <property name="source">F:\\Proyectos\\CAF_FlujoCorrespondencia\\Test Cases\\Representante\\SeleccionarCorreo_Integrado.tc</property>
  <property name="tag"></property>
  <property name="isOptional">false</property>
</record>
<record>
  <date>2019-12-19T11:03:14</date>
  <millis>1576771394067</millis>
  <sequence>12</sequence>
  <level>START</level>
  <class>com.kms.katalon.core.logging.XmlKeywordLogger</class>
  <method>startKeyword</method>
  <thread>1</thread>
  <message>Start action : callTestCase(findTestCase(\&amp;quot;Representante/InicioSesion_AccesoCorreo\&amp;quot;), [:], STOP_ON_FAILURE)</message>
  <nestedLevel>1</nestedLevel>
  <property name="startLine">18</property>
  <property name="stepIndex">1</property>
</record>
<record>
  <date>2019-12-19T11:03:14</date>
  <millis>1576771394125</millis>
  <sequence>15</sequence>
  <level>START</level>
  <class>com.kms.katalon.core.logging.XmlKeywordLogger</class>
  <method>startTest</method>
  <thread>1</thread>
  <message>Start Test Case : Test Cases/Representante/InicioSesion_AccesoCorreo</message>
  <nestedLevel>3</nestedLevel>
  <property name="name">Test Cases/Representante/InicioSesion_AccesoCorreo</property>
  <property name="description"></property>
  <property name="id">Test Cases/Representante/InicioSesion_AccesoCorreo</property>
  <property name="source">F:\\Proyectos\\CAF_FlujoCorrespondencia\\Test Cases\\Representante\\InicioSesion_AccesoCorreo.tc</property>
  <property name="tag"></property>
  <property name="isOptional">false</property>
</record>
<record>
  <date>2019-12-19T11:03:14</date>
  <millis>1576771394255</millis>
  <sequence>17</sequence>
  <level>START</level>
  <class>com.kms.katalon.core.logging.XmlKeywordLogger</class>
  <method>startKeyword</method>
  <thread>1</thread>
  <message>Start action : openBrowser(\&amp;quot;\&amp;quot;)</message>
  <nestedLevel>1</nestedLevel>
  <property name="startLine">19</property>
  <property name="stepIndex">1</property>
</record>
<record>
  <date>2019-12-19T11:03:14</date>
  <millis>1576771394392</millis>
  <sequence>19</sequence>
  <level>INFO</level>
  <class>com.kms.katalon.core.logging.XmlKeywordLogger</class>
  <method>logMessage</method>
  <thread>1</thread>
  <message>Starting &amp;apos;Chrome&amp;apos; driver</message>
  <nestedLevel>3</nestedLevel>
</record>
<record>
  <date>2019-12-19T11:03:14</date>
  <millis>1576771394418</millis>
  <sequence>21</sequence>
  <level>INFO</level>
  <class>com.kms.katalon.core.logging.XmlKeywordLogger</class>
  <method>logMessage</method>
  <thread>1</thread>
  <message>Action delay is set to 0 seconds</message>
  <nestedLevel>3</nestedLevel>
</record>
<record>
  <date>2019-12-19T11:03:21</date>
  <millis>1576771401305</millis>
  <sequence>23</sequence>
  <level>RUN_DATA</level>
  <class>com.kms.katalon.core.logging.XmlKeywordLogger</class>
  <method>logMessage</method>
  <thread>1</thread>
  <message>sessionId = d7b24acfe5b185daa6de754e1b808a8e</message>
  <nestedLevel>3</nestedLevel>
  <property name="sessionId">d7b24acfe5b185daa6de754e1b808a8e</property>
</record>
<record>
  <date>2019-12-19T11:03:21</date>
  <millis>1576771401317</millis>
  <sequence>24</sequence>
  <level>RUN_DATA</level>
  <class>com.kms.katalon.core.logging.XmlKeywordLogger</class>
  <method>logMessage</method>
  <thread>1</thread>
  <message>browser = Chrome 79.0.3945.88</message>
  <nestedLevel>3</nestedLevel>
  <property name="browser">Chrome 79.0.3945.88</property>
</record>
<record>
  <date>2019-12-19T11:03:21</date>
  <millis>1576771401317</millis>
  <sequence>25</sequence>
  <level>RUN_DATA</level>
  <class>com.kms.katalon.core.logging.XmlKeywordLogger</class>
  <method>logMessage</method>
  <thread>1</thread>
  <message>platform = Windows 10</message>
  <nestedLevel>3</nestedLevel>
  <property name="platform">Windows 10</property>
</record>
<record>
  <date>2019-12-19T11:03:21</date>
  <millis>1576771401317</millis>
  <sequence>26</sequence>
  <level>RUN_DATA</level>
  <class>com.kms.katalon.core.logging.XmlKeywordLogger</class>
  <method>logMessage</method>
  <thread>1</thread>
  <message>seleniumVersion = 3.141.59</message>
  <nestedLevel>3</nestedLevel>
  <property name="seleniumVersion">3.141.59</property>
</record>
<record>
  <date>2019-12-19T11:03:21</date>
  <millis>1576771401318</millis>
  <sequence>27</sequence>
  <level>RUN_DATA</level>
  <class>com.kms.katalon.core.logging.XmlKeywordLogger</class>
  <method>logMessage</method>
  <thread>1</thread>
  <message>proxyInformation = ProxyInformation{proxyOption=NO_PROXY, proxyServerType=HTTP, password=, proxyServerAddress=, proxyServerPort=0}</message>
  <nestedLevel>3</nestedLevel>
  <property name="proxyInformation">ProxyInformation{proxyOption=NO_PROXY, proxyServerType=HTTP, password=, proxyServerAddress=, proxyServerPort=0}</property>
</record>
<record>
  <date>2019-12-19T11:03:21</date>
  <millis>1576771401333</millis>
  <sequence>28</sequence>
  <level>PASSED</level>
  <class>com.kms.katalon.core.logging.XmlKeywordLogger</class>
  <method>logMessage</method>
  <thread>1</thread>
  <message>Browser is opened with url: &amp;apos;&amp;apos;</message>
  <nestedLevel>3</nestedLevel>
</record>
<record>
  <date>2019-12-19T11:03:21</date>
  <millis>1576771401333</millis>
  <sequence>29</sequence>
  <level>END</level>
  <class>com.kms.katalon.core.logging.XmlKeywordLogger</class>
  <method>endKeyword</method>
  <thread>1</thread>
  <message>End action : openBrowser(\&amp;quot;\&amp;quot;)</message>
  <nestedLevel>1</nestedLevel>
</record>
<record>
  <date>2019-12-19T11:03:21</date>
  <millis>1576771401333</millis>
  <sequence>30</sequence>
  <level>START</level>
  <class>com.kms.katalon.core.logging.XmlKeywordLogger</class>
  <method>startKeyword</method>
  <thread>1</thread>
  <message>Start action : navigateToUrl(\&amp;quot;https://login.microsoftonline.com/common/oauth2/authorize?client_id=00000002-0000-0ff1-ce00-000000000000&amp;amp;redirect_uri=https%3a%2f%2foutlook.office365.com%2fowa%2f&amp;amp;resource=00000002-0000-0ff1-ce00-000000000000&amp;amp;response_mode=form_post&amp;amp;response_type=code+id_token&amp;amp;scope=openid&amp;amp;msafed=0&amp;amp;client-request-id=90e6bfa9-e6ec-46ab-82c3-1c848ab25309&amp;amp;protectedtoken=true&amp;amp;nonce=637105585405285449.f41578f0-f800-4006-b334-7ecc8f885085&amp;amp;state=DcsxEoAwCAVRouNxMD8GAh5HM9Jaen0p9nVbiGjNlqwgIRvdGlRdBXqkcu4hTc0DHA6wAIPv3oXtmdPDXeFa8t3q-131Bw\&amp;quot;)</message>
  <nestedLevel>1</nestedLevel>
  <property name="startLine">21</property>
  <property name="stepIndex">2</property>
</record>
<record>
  <date>2019-12-19T11:03:22</date>
  <millis>1576771402199</millis>
  <sequence>33</sequence>
  <level>PASSED</level>
  <class>com.kms.katalon.core.logging.XmlKeywordLogger</class>
  <method>logMessage</method>
  <thread>1</thread>
  <message>Navigate to &amp;apos;https://login.microsoftonline.com/common/oauth2/authorize?client_id=00000002-0000-0ff1-ce00-000000000000&amp;amp;redirect_uri=https%3a%2f%2foutlook.office365.com%2fowa%2f&amp;amp;resource=00000002-0000-0ff1-ce00-000000000000&amp;amp;response_mode=form_post&amp;amp;response_type=code+id_token&amp;amp;scope=openid&amp;amp;msafed=0&amp;amp;client-request-id=90e6bfa9-e6ec-46ab-82c3-1c848ab25309&amp;amp;protectedtoken=true&amp;amp;nonce=637105585405285449.f41578f0-f800-4006-b334-7ecc8f885085&amp;amp;state=DcsxEoAwCAVRouNxMD8GAh5HM9Jaen0p9nVbiGjNlqwgIRvdGlRdBXqkcu4hTc0DHA6wAIPv3oXtmdPDXeFa8t3q-131Bw&amp;apos; successfully</message>
  <nestedLevel>3</nestedLevel>
</record>
<record>
  <date>2019-12-19T11:03:22</date>
  <millis>1576771402200</millis>
  <sequence>34</sequence>
  <level>END</level>
  <class>com.kms.katalon.core.logging.XmlKeywordLogger</class>
  <method>endKeyword</method>
  <thread>1</thread>
  <message>End action : navigateToUrl(\&amp;quot;https://login.microsoftonline.com/common/oauth2/authorize?client_id=00000002-0000-0ff1-ce00-000000000000&amp;amp;redirect_uri=https%3a%2f%2foutlook.office365.com%2fowa%2f&amp;amp;resource=00000002-0000-0ff1-ce00-000000000000&amp;amp;response_mode=form_post&amp;amp;response_type=code+id_token&amp;amp;scope=openid&amp;amp;msafed=0&amp;amp;client-request-id=90e6bfa9-e6ec-46ab-82c3-1c848ab25309&amp;amp;protectedtoken=true&amp;amp;nonce=637105585405285449.f41578f0-f800-4006-b334-7ecc8f885085&amp;amp;state=DcsxEoAwCAVRouNxMD8GAh5HM9Jaen0p9nVbiGjNlqwgIRvdGlRdBXqkcu4hTc0DHA6wAIPv3oXtmdPDXeFa8t3q-131Bw\&amp;quot;)</message>
  <nestedLevel>1</nestedLevel>
</record>
<record>
  <date>2019-12-19T11:03:22</date>
  <millis>1576771402201</millis>
  <sequence>35</sequence>
  <level>START</level>
  <class>com.kms.katalon.core.logging.XmlKeywordLogger</class>
  <method>startKeyword</method>
  <thread>1</thread>
  <message>Start action : setText(findTestObject(\&amp;quot;Object Repository/Representante/input_to continue to Outlook_loginfmt\&amp;quot;), \&amp;quot;Lgarciaa@intergrupo.com\&amp;quot;)</message>
  <nestedLevel>1</nestedLevel>
  <property name="startLine">23</property>
  <property name="stepIndex">3</property>
</record>
<record>
  <date>2019-12-19T11:03:24</date>
  <millis>1576771404016</millis>
  <sequence>45</sequence>
  <level>PASSED</level>
  <class>com.kms.katalon.core.logging.XmlKeywordLogger</class>
  <method>logMessage</method>
  <thread>1</thread>
  <message>Text &amp;apos;Lgarciaa@intergrupo.com&amp;apos; is set on object &amp;apos;Object Repository/Representante/input_to continue to Outlook_loginfmt&amp;apos;</message>
  <nestedLevel>3</nestedLevel>
</record>
<record>
  <date>2019-12-19T11:03:24</date>
  <millis>1576771404017</millis>
  <sequence>46</sequence>
  <level>END</level>
  <class>com.kms.katalon.core.logging.XmlKeywordLogger</class>
  <method>endKeyword</method>
  <thread>1</thread>
  <message>End action : setText(findTestObject(\&amp;quot;Object Repository/Representante/input_to continue to Outlook_loginfmt\&amp;quot;), \&amp;quot;Lgarciaa@intergrupo.com\&amp;quot;)</message>
  <nestedLevel>1</nestedLevel>
</record>
<record>
  <date>2019-12-19T11:03:24</date>
  <millis>1576771404017</millis>
  <sequence>47</sequence>
  <level>START</level>
  <class>com.kms.katalon.core.logging.XmlKeywordLogger</class>
  <method>startKeyword</method>
  <thread>1</thread>
  <message>Start action : click(findTestObject(\&amp;quot;Object Repository/Representante/input_to continue to Outlook_idSIButton9\&amp;quot;))</message>
  <nestedLevel>1</nestedLevel>
  <property name="startLine">25</property>
  <property name="stepIndex">4</property>
</record>
<record>
  <date>2019-12-19T11:03:24</date>
  <millis>1576771404367</millis>
  <sequence>57</sequence>
  <level>PASSED</level>
  <class>com.kms.katalon.core.logging.XmlKeywordLogger</class>
  <method>logMessage</method>
  <thread>1</thread>
  <message>Object: &amp;apos;Object Repository/Representante/input_to continue to Outlook_idSIButton9&amp;apos; is clicked on</message>
  <nestedLevel>3</nestedLevel>
</record>
<record>
  <date>2019-12-19T11:03:24</date>
  <millis>1576771404368</millis>
  <sequence>58</sequence>
  <level>END</level>
  <class>com.kms.katalon.core.logging.XmlKeywordLogger</class>
  <method>endKeyword</method>
  <thread>1</thread>
  <message>End action : click(findTestObject(\&amp;quot;Object Repository/Representante/input_to continue to Outlook_idSIButton9\&amp;quot;))</message>
  <nestedLevel>1</nestedLevel>
</record>
<record>
  <date>2019-12-19T11:03:24</date>
  <millis>1576771404368</millis>
  <sequence>59</sequence>
  <level>START</level>
  <class>com.kms.katalon.core.logging.XmlKeywordLogger</class>
  <method>startKeyword</method>
  <thread>1</thread>
  <message>Start action : setEncryptedText(findTestObject(\&amp;quot;Object Repository/Representante/input_Enter password_passwd\&amp;quot;), \&amp;quot;ZOlv4XWAQZkh7wlYSNhOVA==\&amp;quot;)</message>
  <nestedLevel>1</nestedLevel>
  <property name="startLine">27</property>
  <property name="stepIndex">5</property>
</record>
<record>
  <date>2019-12-19T11:03:25</date>
  <millis>1576771405418</millis>
  <sequence>69</sequence>
  <level>PASSED</level>
  <class>com.kms.katalon.core.logging.XmlKeywordLogger</class>
  <method>logMessage</method>
  <thread>1</thread>
  <message>Text ****** has been set on object &amp;apos;Object Repository/Representante/input_Enter password_passwd&amp;apos;</message>
  <nestedLevel>3</nestedLevel>
</record>
<record>
  <date>2019-12-19T11:03:25</date>
  <millis>1576771405418</millis>
  <sequence>70</sequence>
  <level>END</level>
  <class>com.kms.katalon.core.logging.XmlKeywordLogger</class>
  <method>endKeyword</method>
  <thread>1</thread>
  <message>End action : setEncryptedText(findTestObject(\&amp;quot;Object Repository/Representante/input_Enter password_passwd\&amp;quot;), \&amp;quot;ZOlv4XWAQZkh7wlYSNhOVA==\&amp;quot;)</message>
  <nestedLevel>1</nestedLevel>
</record>
<record>
  <date>2019-12-19T11:03:25</date>
  <millis>1576771405419</millis>
  <sequence>71</sequence>
  <level>START</level>
  <class>com.kms.katalon.core.logging.XmlKeywordLogger</class>
  <method>startKeyword</method>
  <thread>1</thread>
  <message>Start action : click(findTestObject(\&amp;quot;Object Repository/Representante/input_to continue to Outlook_idSIButton9\&amp;quot;))</message>
  <nestedLevel>1</nestedLevel>
  <property name="startLine">29</property>
  <property name="stepIndex">6</property>
</record>
<record>
  <date>2019-12-19T11:03:26</date>
  <millis>1576771406363</millis>
  <sequence>81</sequence>
  <level>PASSED</level>
  <class>com.kms.katalon.core.logging.XmlKeywordLogger</class>
  <method>logMessage</method>
  <thread>1</thread>
  <message>Object: &amp;apos;Object Repository/Representante/input_to continue to Outlook_idSIButton9&amp;apos; is clicked on</message>
  <nestedLevel>3</nestedLevel>
</record>
<record>
  <date>2019-12-19T11:03:26</date>
  <millis>1576771406364</millis>
  <sequence>82</sequence>
  <level>END</level>
  <class>com.kms.katalon.core.logging.XmlKeywordLogger</class>
  <method>endKeyword</method>
  <thread>1</thread>
  <message>End action : click(findTestObject(\&amp;quot;Object Repository/Representante/input_to continue to Outlook_idSIButton9\&amp;quot;))</message>
  <nestedLevel>1</nestedLevel>
</record>
<record>
  <date>2019-12-19T11:03:26</date>
  <millis>1576771406364</millis>
  <sequence>83</sequence>
  <level>START</level>
  <class>com.kms.katalon.core.logging.XmlKeywordLogger</class>
  <method>startKeyword</method>
  <thread>1</thread>
  <message>Start action : click(findTestObject(\&amp;quot;Object Repository/Representante/input_concat(Don  t show this again)_idBtn_Back\&amp;quot;))</message>
  <nestedLevel>1</nestedLevel>
  <property name="startLine">31</property>
  <property name="stepIndex">7</property>
</record>
<record>
  <date>2019-12-19T11:03:34</date>
  <millis>1576771414873</millis>
  <sequence>93</sequence>
  <level>PASSED</level>
  <class>com.kms.katalon.core.logging.XmlKeywordLogger</class>
  <method>logMessage</method>
  <thread>1</thread>
  <message>Object: &amp;apos;Object Repository/Representante/input_concat(Don  t show this again)_idBtn_Back&amp;apos; is clicked on</message>
  <nestedLevel>3</nestedLevel>
</record>
<record>
  <date>2019-12-19T11:03:34</date>
  <millis>1576771414874</millis>
  <sequence>94</sequence>
  <level>END</level>
  <class>com.kms.katalon.core.logging.XmlKeywordLogger</class>
  <method>endKeyword</method>
  <thread>1</thread>
  <message>End action : click(findTestObject(\&amp;quot;Object Repository/Representante/input_concat(Don  t show this again)_idBtn_Back\&amp;quot;))</message>
  <nestedLevel>1</nestedLevel>
</record>
<record>
  <date>2019-12-19T11:03:34</date>
  <millis>1576771414874</millis>
  <sequence>95</sequence>
  <level>START</level>
  <class>com.kms.katalon.core.logging.XmlKeywordLogger</class>
  <method>startKeyword</method>
  <thread>1</thread>
  <message>Start action : maximizeWindow(STOP_ON_FAILURE)</message>
  <nestedLevel>1</nestedLevel>
  <property name="startLine">33</property>
  <property name="stepIndex">8</property>
</record>
<record>
  <date>2019-12-19T11:03:39</date>
  <millis>1576771419019</millis>
  <sequence>97</sequence>
  <level>PASSED</level>
  <class>com.kms.katalon.core.logging.XmlKeywordLogger</class>
  <method>logMessage</method>
  <thread>1</thread>
  <message>Current window maximized</message>
  <nestedLevel>3</nestedLevel>
</record>
<record>
  <date>2019-12-19T11:03:39</date>
  <millis>1576771419019</millis>
  <sequence>98</sequence>
  <level>END</level>
  <class>com.kms.katalon.core.logging.XmlKeywordLogger</class>
  <method>endKeyword</method>
  <thread>1</thread>
  <message>End action : maximizeWindow(STOP_ON_FAILURE)</message>
  <nestedLevel>1</nestedLevel>
</record>
<record>
  <date>2019-12-19T11:03:39</date>
  <millis>1576771419019</millis>
  <sequence>99</sequence>
  <level>PASSED</level>
  <class>com.kms.katalon.core.logging.XmlKeywordLogger</class>
  <method>logMessage</method>
  <thread>1</thread>
  <message>Test Cases/Representante/InicioSesion_AccesoCorreo</message>
  <nestedLevel>3</nestedLevel>
</record>
<record>
  <date>2019-12-19T11:03:39</date>
  <millis>1576771419019</millis>
  <sequence>100</sequence>
  <level>END</level>
  <class>com.kms.katalon.core.logging.XmlKeywordLogger</class>
  <method>endTest</method>
  <thread>1</thread>
  <message>End Test Case : Test Cases/Representante/InicioSesion_AccesoCorreo</message>
  <nestedLevel>2</nestedLevel>
</record>
<record>
  <date>2019-12-19T11:03:39</date>
  <millis>1576771419020</millis>
  <sequence>101</sequence>
  <level>INFO</level>
  <class>com.kms.katalon.core.logging.XmlKeywordLogger</class>
  <method>logMessage</method>
  <thread>1</thread>
  <message>=================== Smart XPath Report =======================</message>
  <nestedLevel>2</nestedLevel>
</record>
<record>
  <date>2019-12-19T11:03:39</date>
  <millis>1576771419020</millis>
  <sequence>102</sequence>
  <level>INFO</level>
  <class>com.kms.katalon.core.logging.XmlKeywordLogger</class>
  <method>logMessage</method>
  <thread>1</thread>
  <message>Refer to the link below to preview and approve auto healing on broken test objects.</message>
  <nestedLevel>2</nestedLevel>
</record>
<record>
  <date>2019-12-19T11:03:39</date>
  <millis>1576771419020</millis>
  <sequence>103</sequence>
  <level>INFO</level>
  <class>com.kms.katalon.core.logging.XmlKeywordLogger</class>
  <method>logMessage</method>
  <thread>1</thread>
  <message>https://docs.katalon.com/katalon-studio/docs/auto-healing-smart-xpath.html</message>
  <nestedLevel>2</nestedLevel>
</record>
<record>
  <date>2019-12-19T11:03:39</date>
  <millis>1576771419021</millis>
  <sequence>104</sequence>
  <level>INFO</level>
  <class>com.kms.katalon.core.logging.XmlKeywordLogger</class>
  <method>logMessage</method>
  <thread>1</thread>
  <message>===============================================================</message>
  <nestedLevel>2</nestedLevel>
</record>
<record>
  <date>2019-12-19T11:03:39</date>
  <millis>1576771419025</millis>
  <sequence>105</sequence>
  <level>PASSED</level>
  <class>com.kms.katalon.core.logging.XmlKeywordLogger</class>
  <method>logMessage</method>
  <thread>1</thread>
  <message>Call Test Case &amp;apos;Test Cases/Representante/InicioSesion_AccesoCorreo&amp;apos; successfully</message>
  <nestedLevel>2</nestedLevel>
</record>
<record>
  <date>2019-12-19T11:03:39</date>
  <millis>1576771419025</millis>
  <sequence>106</sequence>
  <level>END</level>
  <class>com.kms.katalon.core.logging.XmlKeywordLogger</class>
  <method>endKeyword</method>
  <thread>1</thread>
  <message>End action : callTestCase(findTestCase(\&amp;quot;Representante/InicioSesion_AccesoCorreo\&amp;quot;), [:], STOP_ON_FAILURE)</message>
  <nestedLevel>1</nestedLevel>
</record>
<record>
  <date>2019-12-19T11:03:39</date>
  <millis>1576771419026</millis>
  <sequence>107</sequence>
  <level>START</level>
  <class>com.kms.katalon.core.logging.XmlKeywordLogger</class>
  <method>startKeyword</method>
  <thread>1</thread>
  <message>Start action : callTestCase(findTestCase(\&amp;quot;Representante/SeleccionarCorreo_EtapaRepresentante\&amp;quot;), [:], STOP_ON_FAILURE)</message>
  <nestedLevel>1</nestedLevel>
  <property name="startLine">20</property>
  <property name="stepIndex">2</property>
</record>
<record>
  <date>2019-12-19T11:03:39</date>
  <millis>1576771419081</millis>
  <sequence>110</sequence>
  <level>START</level>
  <class>com.kms.katalon.core.logging.XmlKeywordLogger</class>
  <method>startTest</method>
  <thread>1</thread>
  <message>Start Test Case : Test Cases/Representante/SeleccionarCorreo_EtapaRepresentante</message>
  <nestedLevel>3</nestedLevel>
  <property name="name">Test Cases/Representante/SeleccionarCorreo_EtapaRepresentante</property>
  <property name="description"></property>
  <property name="id">Test Cases/Representante/SeleccionarCorreo_EtapaRepresentante</property>
  <property name="source">F:\\Proyectos\\CAF_FlujoCorrespondencia\\Test Cases\\Representante\\SeleccionarCorreo_EtapaRepresentante.tc</property>
  <property name="tag"></property>
  <property name="isOptional">false</property>
</record>
<record>
  <date>2019-12-19T11:03:39</date>
  <millis>1576771419212</millis>
  <sequence>112</sequence>
  <level>START</level>
  <class>com.kms.katalon.core.logging.XmlKeywordLogger</class>
  <method>startKeyword</method>
  <thread>1</thread>
  <message>Start action : click(findTestObject(\&amp;quot;Representante/ContinuarFlujo/span_20191062 PRUEBA - APROBACIN REPRESENTANTE\&amp;quot;))</message>
  <nestedLevel>1</nestedLevel>
  <property name="startLine">19</property>
  <property name="stepIndex">1</property>
</record>
