<?xml version="1.0" encoding="UTF-8" standalone="no"?>
<!DOCTYPE log SYSTEM "logger.dtd">
<log>
<record>
  <date>2020-02-03T16:41:45</date>
  <millis>1580766105612</millis>
  <sequence>0</sequence>
  <level>START</level>
  <class>com.kms.katalon.core.logging.XmlKeywordLogger</class>
  <method>startSuite</method>
  <thread>1</thread>
  <message>Start Test Suite : Test Suites/Correspondencia/FlujoCompleto</message>
  <nestedLevel>0</nestedLevel>
  <property name="name">FlujoCompleto</property>
  <property name="description"></property>
  <property name="id">Test Suites/Correspondencia/FlujoCompleto</property>
</record>
<record>
  <date>2020-02-03T16:41:45</date>
  <millis>1580766105622</millis>
  <sequence>1</sequence>
  <level>RUN_DATA</level>
  <class>com.kms.katalon.core.logging.XmlKeywordLogger</class>
  <method>logMessage</method>
  <thread>1</thread>
  <message>hostName = Lgarciaa - P-Lgarciaa.intergrupo.com</message>
  <nestedLevel>0</nestedLevel>
  <property name="hostName">Lgarciaa - P-Lgarciaa.intergrupo.com</property>
</record>
<record>
  <date>2020-02-03T16:41:45</date>
  <millis>1580766105624</millis>
  <sequence>2</sequence>
  <level>RUN_DATA</level>
  <class>com.kms.katalon.core.logging.XmlKeywordLogger</class>
  <method>logMessage</method>
  <thread>1</thread>
  <message>os = Windows 10 64bit</message>
  <nestedLevel>0</nestedLevel>
  <property name="os">Windows 10 64bit</property>
</record>
<record>
  <date>2020-02-03T16:41:45</date>
  <millis>1580766105624</millis>
  <sequence>3</sequence>
  <level>RUN_DATA</level>
  <class>com.kms.katalon.core.logging.XmlKeywordLogger</class>
  <method>logMessage</method>
  <thread>1</thread>
  <message>hostAddress = 10.60.6.13</message>
  <nestedLevel>0</nestedLevel>
  <property name="hostAddress">10.60.6.13</property>
</record>
<record>
  <date>2020-02-03T16:41:45</date>
  <millis>1580766105625</millis>
  <sequence>4</sequence>
  <level>RUN_DATA</level>
  <class>com.kms.katalon.core.logging.XmlKeywordLogger</class>
  <method>logMessage</method>
  <thread>1</thread>
  <message>katalonVersion = 7.1.0.1</message>
  <nestedLevel>0</nestedLevel>
  <property name="katalonVersion">7.1.0.1</property>
</record>
<record>
  <date>2020-02-03T16:41:45</date>
  <millis>1580766105809</millis>
  <sequence>5</sequence>
  <level>START</level>
  <class>com.kms.katalon.core.logging.XmlKeywordLogger</class>
  <method>startTest</method>
  <thread>1</thread>
  <message>Start Test Case : Test Cases/Ejecutivo_Responsable/EjecutivoResponsable2</message>
  <nestedLevel>1</nestedLevel>
  <property name="name">Test Cases/Ejecutivo_Responsable/EjecutivoResponsable2</property>
  <property name="description"></property>
  <property name="id">Test Cases/Ejecutivo_Responsable/EjecutivoResponsable2</property>
  <property name="source">F:\\Proyectos\\CAF_FlujoCorrespondencia\\Test Cases\\Ejecutivo_Responsable\\EjecutivoResponsable2.tc</property>
  <property name="tag"></property>
  <property name="isOptional">false</property>
</record>
<record>
  <date>2020-02-03T16:41:46</date>
  <millis>1580766106081</millis>
  <sequence>7</sequence>
  <level>START</level>
  <class>com.kms.katalon.core.logging.XmlKeywordLogger</class>
  <method>startKeyword</method>
  <thread>1</thread>
  <message>Start action : callTestCase(findTestCase(\&amp;quot;Representante/InicioSesion_AccesoCorreo\&amp;quot;), [:], STOP_ON_FAILURE)</message>
  <nestedLevel>1</nestedLevel>
  <property name="startLine">19</property>
  <property name="stepIndex">1</property>
</record>
<record>
  <date>2020-02-03T16:41:46</date>
  <millis>1580766106254</millis>
  <sequence>10</sequence>
  <level>START</level>
  <class>com.kms.katalon.core.logging.XmlKeywordLogger</class>
  <method>startTest</method>
  <thread>1</thread>
  <message>Start Test Case : Test Cases/Representante/InicioSesion_AccesoCorreo</message>
  <nestedLevel>2</nestedLevel>
  <property name="name">Test Cases/Representante/InicioSesion_AccesoCorreo</property>
  <property name="description"></property>
  <property name="id">Test Cases/Representante/InicioSesion_AccesoCorreo</property>
  <property name="source">F:\\Proyectos\\CAF_FlujoCorrespondencia\\Test Cases\\Representante\\InicioSesion_AccesoCorreo.tc</property>
  <property name="tag"></property>
  <property name="isOptional">false</property>
</record>
<record>
  <date>2020-02-03T16:41:46</date>
  <millis>1580766106396</millis>
  <sequence>12</sequence>
  <level>START</level>
  <class>com.kms.katalon.core.logging.XmlKeywordLogger</class>
  <method>startKeyword</method>
  <thread>1</thread>
  <message>Start action : openBrowser(\&amp;quot;\&amp;quot;)</message>
  <nestedLevel>1</nestedLevel>
  <property name="startLine">19</property>
  <property name="stepIndex">1</property>
</record>
<record>
  <date>2020-02-03T16:41:46</date>
  <millis>1580766106535</millis>
  <sequence>14</sequence>
  <level>INFO</level>
  <class>com.kms.katalon.core.logging.XmlKeywordLogger</class>
  <method>logMessage</method>
  <thread>1</thread>
  <message>Starting &amp;apos;Chrome&amp;apos; driver</message>
  <nestedLevel>2</nestedLevel>
</record>
<record>
  <date>2020-02-03T16:41:46</date>
  <millis>1580766106565</millis>
  <sequence>16</sequence>
  <level>INFO</level>
  <class>com.kms.katalon.core.logging.XmlKeywordLogger</class>
  <method>logMessage</method>
  <thread>1</thread>
  <message>Action delay is set to 0 seconds</message>
  <nestedLevel>2</nestedLevel>
</record>
<record>
  <date>2020-02-03T16:41:53</date>
  <millis>1580766113353</millis>
  <sequence>18</sequence>
  <level>RUN_DATA</level>
  <class>com.kms.katalon.core.logging.XmlKeywordLogger</class>
  <method>logMessage</method>
  <thread>1</thread>
  <message>sessionId = 5cac6e710aebd0b6d3eb502006ee317c</message>
  <nestedLevel>2</nestedLevel>
  <property name="sessionId">5cac6e710aebd0b6d3eb502006ee317c</property>
</record>
<record>
  <date>2020-02-03T16:41:53</date>
  <millis>1580766113383</millis>
  <sequence>19</sequence>
  <level>RUN_DATA</level>
  <class>com.kms.katalon.core.logging.XmlKeywordLogger</class>
  <method>logMessage</method>
  <thread>1</thread>
  <message>browser = Chrome 79.0.3945.130</message>
  <nestedLevel>2</nestedLevel>
  <property name="browser">Chrome 79.0.3945.130</property>
</record>
<record>
  <date>2020-02-03T16:41:53</date>
  <millis>1580766113383</millis>
  <sequence>20</sequence>
  <level>RUN_DATA</level>
  <class>com.kms.katalon.core.logging.XmlKeywordLogger</class>
  <method>logMessage</method>
  <thread>1</thread>
  <message>platform = Windows 10</message>
  <nestedLevel>2</nestedLevel>
  <property name="platform">Windows 10</property>
</record>
<record>
  <date>2020-02-03T16:41:53</date>
  <millis>1580766113384</millis>
  <sequence>21</sequence>
  <level>RUN_DATA</level>
  <class>com.kms.katalon.core.logging.XmlKeywordLogger</class>
  <method>logMessage</method>
  <thread>1</thread>
  <message>seleniumVersion = 3.141.59</message>
  <nestedLevel>2</nestedLevel>
  <property name="seleniumVersion">3.141.59</property>
</record>
<record>
  <date>2020-02-03T16:41:53</date>
  <millis>1580766113384</millis>
  <sequence>22</sequence>
  <level>RUN_DATA</level>
  <class>com.kms.katalon.core.logging.XmlKeywordLogger</class>
  <method>logMessage</method>
  <thread>1</thread>
  <message>proxyInformation = ProxyInformation{proxyOption=NO_PROXY, proxyServerType=HTTP, password=, proxyServerAddress=, proxyServerPort=-1}</message>
  <nestedLevel>2</nestedLevel>
  <property name="proxyInformation">ProxyInformation{proxyOption=NO_PROXY, proxyServerType=HTTP, password=, proxyServerAddress=, proxyServerPort=-1}</property>
</record>
<record>
  <date>2020-02-03T16:41:53</date>
  <millis>1580766113439</millis>
  <sequence>23</sequence>
  <level>PASSED</level>
  <class>com.kms.katalon.core.logging.XmlKeywordLogger</class>
  <method>logMessage</method>
  <thread>1</thread>
  <message>Browser is opened with url: &amp;apos;&amp;apos;</message>
  <nestedLevel>2</nestedLevel>
</record>
<record>
  <date>2020-02-03T16:41:53</date>
  <millis>1580766113440</millis>
  <sequence>24</sequence>
  <level>END</level>
  <class>com.kms.katalon.core.logging.XmlKeywordLogger</class>
  <method>endKeyword</method>
  <thread>1</thread>
  <message>End action : openBrowser(\&amp;quot;\&amp;quot;)</message>
  <nestedLevel>1</nestedLevel>
</record>
<record>
  <date>2020-02-03T16:41:53</date>
  <millis>1580766113440</millis>
  <sequence>25</sequence>
  <level>START</level>
  <class>com.kms.katalon.core.logging.XmlKeywordLogger</class>
  <method>startKeyword</method>
  <thread>1</thread>
  <message>Start action : navigateToUrl(\&amp;quot;https://login.microsoftonline.com/common/oauth2/authorize?client_id=00000002-0000-0ff1-ce00-000000000000&amp;amp;redirect_uri=https%3a%2f%2foutlook.office365.com%2fowa%2f&amp;amp;resource=00000002-0000-0ff1-ce00-000000000000&amp;amp;response_mode=form_post&amp;amp;response_type=code+id_token&amp;amp;scope=openid&amp;amp;msafed=0&amp;amp;client-request-id=90e6bfa9-e6ec-46ab-82c3-1c848ab25309&amp;amp;protectedtoken=true&amp;amp;nonce=637105585405285449.f41578f0-f800-4006-b334-7ecc8f885085&amp;amp;state=DcsxEoAwCAVRouNxMD8GAh5HM9Jaen0p9nVbiGjNlqwgIRvdGlRdBXqkcu4hTc0DHA6wAIPv3oXtmdPDXeFa8t3q-131Bw\&amp;quot;)</message>
  <nestedLevel>1</nestedLevel>
  <property name="startLine">21</property>
  <property name="stepIndex">2</property>
</record>
<record>
  <date>2020-02-03T16:41:56</date>
  <millis>1580766116083</millis>
  <sequence>28</sequence>
  <level>PASSED</level>
  <class>com.kms.katalon.core.logging.XmlKeywordLogger</class>
  <method>logMessage</method>
  <thread>1</thread>
  <message>Navigate to &amp;apos;https://login.microsoftonline.com/common/oauth2/authorize?client_id=00000002-0000-0ff1-ce00-000000000000&amp;amp;redirect_uri=https%3a%2f%2foutlook.office365.com%2fowa%2f&amp;amp;resource=00000002-0000-0ff1-ce00-000000000000&amp;amp;response_mode=form_post&amp;amp;response_type=code+id_token&amp;amp;scope=openid&amp;amp;msafed=0&amp;amp;client-request-id=90e6bfa9-e6ec-46ab-82c3-1c848ab25309&amp;amp;protectedtoken=true&amp;amp;nonce=637105585405285449.f41578f0-f800-4006-b334-7ecc8f885085&amp;amp;state=DcsxEoAwCAVRouNxMD8GAh5HM9Jaen0p9nVbiGjNlqwgIRvdGlRdBXqkcu4hTc0DHA6wAIPv3oXtmdPDXeFa8t3q-131Bw&amp;apos; successfully</message>
  <nestedLevel>2</nestedLevel>
</record>
<record>
  <date>2020-02-03T16:41:56</date>
  <millis>1580766116084</millis>
  <sequence>29</sequence>
  <level>END</level>
  <class>com.kms.katalon.core.logging.XmlKeywordLogger</class>
  <method>endKeyword</method>
  <thread>1</thread>
  <message>End action : navigateToUrl(\&amp;quot;https://login.microsoftonline.com/common/oauth2/authorize?client_id=00000002-0000-0ff1-ce00-000000000000&amp;amp;redirect_uri=https%3a%2f%2foutlook.office365.com%2fowa%2f&amp;amp;resource=00000002-0000-0ff1-ce00-000000000000&amp;amp;response_mode=form_post&amp;amp;response_type=code+id_token&amp;amp;scope=openid&amp;amp;msafed=0&amp;amp;client-request-id=90e6bfa9-e6ec-46ab-82c3-1c848ab25309&amp;amp;protectedtoken=true&amp;amp;nonce=637105585405285449.f41578f0-f800-4006-b334-7ecc8f885085&amp;amp;state=DcsxEoAwCAVRouNxMD8GAh5HM9Jaen0p9nVbiGjNlqwgIRvdGlRdBXqkcu4hTc0DHA6wAIPv3oXtmdPDXeFa8t3q-131Bw\&amp;quot;)</message>
  <nestedLevel>1</nestedLevel>
</record>
<record>
  <date>2020-02-03T16:41:56</date>
  <millis>1580766116084</millis>
  <sequence>30</sequence>
  <level>START</level>
  <class>com.kms.katalon.core.logging.XmlKeywordLogger</class>
  <method>startKeyword</method>
  <thread>1</thread>
  <message>Start action : setText(findTestObject(\&amp;quot;Object Repository/Representante/input_to continue to Outlook_loginfmt\&amp;quot;), \&amp;quot;Lgarciaa@intergrupo.com\&amp;quot;)</message>
  <nestedLevel>1</nestedLevel>
  <property name="startLine">23</property>
  <property name="stepIndex">3</property>
</record>
<record>
  <date>2020-02-03T16:41:56</date>
  <millis>1580766116786</millis>
  <sequence>40</sequence>
  <level>PASSED</level>
  <class>com.kms.katalon.core.logging.XmlKeywordLogger</class>
  <method>logMessage</method>
  <thread>1</thread>
  <message>Text &amp;apos;Lgarciaa@intergrupo.com&amp;apos; is set on object &amp;apos;Object Repository/Representante/input_to continue to Outlook_loginfmt&amp;apos;</message>
  <nestedLevel>2</nestedLevel>
</record>
<record>
  <date>2020-02-03T16:41:56</date>
  <millis>1580766116787</millis>
  <sequence>41</sequence>
  <level>END</level>
  <class>com.kms.katalon.core.logging.XmlKeywordLogger</class>
  <method>endKeyword</method>
  <thread>1</thread>
  <message>End action : setText(findTestObject(\&amp;quot;Object Repository/Representante/input_to continue to Outlook_loginfmt\&amp;quot;), \&amp;quot;Lgarciaa@intergrupo.com\&amp;quot;)</message>
  <nestedLevel>1</nestedLevel>
</record>
<record>
  <date>2020-02-03T16:41:56</date>
  <millis>1580766116787</millis>
  <sequence>42</sequence>
  <level>START</level>
  <class>com.kms.katalon.core.logging.XmlKeywordLogger</class>
  <method>startKeyword</method>
  <thread>1</thread>
  <message>Start action : click(findTestObject(\&amp;quot;Object Repository/Representante/input_to continue to Outlook_idSIButton9\&amp;quot;))</message>
  <nestedLevel>1</nestedLevel>
  <property name="startLine">25</property>
  <property name="stepIndex">4</property>
</record>
<record>
  <date>2020-02-03T16:41:57</date>
  <millis>1580766117264</millis>
  <sequence>52</sequence>
  <level>PASSED</level>
  <class>com.kms.katalon.core.logging.XmlKeywordLogger</class>
  <method>logMessage</method>
  <thread>1</thread>
  <message>Object: &amp;apos;Object Repository/Representante/input_to continue to Outlook_idSIButton9&amp;apos; is clicked on</message>
  <nestedLevel>2</nestedLevel>
</record>
<record>
  <date>2020-02-03T16:41:57</date>
  <millis>1580766117264</millis>
  <sequence>53</sequence>
  <level>END</level>
  <class>com.kms.katalon.core.logging.XmlKeywordLogger</class>
  <method>endKeyword</method>
  <thread>1</thread>
  <message>End action : click(findTestObject(\&amp;quot;Object Repository/Representante/input_to continue to Outlook_idSIButton9\&amp;quot;))</message>
  <nestedLevel>1</nestedLevel>
</record>
<record>
  <date>2020-02-03T16:41:57</date>
  <millis>1580766117265</millis>
  <sequence>54</sequence>
  <level>START</level>
  <class>com.kms.katalon.core.logging.XmlKeywordLogger</class>
  <method>startKeyword</method>
  <thread>1</thread>
  <message>Start action : setEncryptedText(findTestObject(\&amp;quot;Object Repository/Representante/input_Enter password_passwd\&amp;quot;), \&amp;quot;YnyZeNHKKv151x7zcIrwww==\&amp;quot;)</message>
  <nestedLevel>1</nestedLevel>
  <property name="startLine">27</property>
  <property name="stepIndex">5</property>
</record>
<record>
  <date>2020-02-03T16:41:58</date>
  <millis>1580766118568</millis>
  <sequence>64</sequence>
  <level>PASSED</level>
  <class>com.kms.katalon.core.logging.XmlKeywordLogger</class>
  <method>logMessage</method>
  <thread>1</thread>
  <message>Text ****** has been set on object &amp;apos;Object Repository/Representante/input_Enter password_passwd&amp;apos;</message>
  <nestedLevel>2</nestedLevel>
</record>
<record>
  <date>2020-02-03T16:41:58</date>
  <millis>1580766118568</millis>
  <sequence>65</sequence>
  <level>END</level>
  <class>com.kms.katalon.core.logging.XmlKeywordLogger</class>
  <method>endKeyword</method>
  <thread>1</thread>
  <message>End action : setEncryptedText(findTestObject(\&amp;quot;Object Repository/Representante/input_Enter password_passwd\&amp;quot;), \&amp;quot;YnyZeNHKKv151x7zcIrwww==\&amp;quot;)</message>
  <nestedLevel>1</nestedLevel>
</record>
<record>
  <date>2020-02-03T16:41:58</date>
  <millis>1580766118569</millis>
  <sequence>66</sequence>
  <level>START</level>
  <class>com.kms.katalon.core.logging.XmlKeywordLogger</class>
  <method>startKeyword</method>
  <thread>1</thread>
  <message>Start action : click(findTestObject(\&amp;quot;Object Repository/Representante/input_to continue to Outlook_idSIButton9\&amp;quot;))</message>
  <nestedLevel>1</nestedLevel>
  <property name="startLine">29</property>
  <property name="stepIndex">6</property>
</record>
<record>
  <date>2020-02-03T16:41:59</date>
  <millis>1580766119755</millis>
  <sequence>76</sequence>
  <level>PASSED</level>
  <class>com.kms.katalon.core.logging.XmlKeywordLogger</class>
  <method>logMessage</method>
  <thread>1</thread>
  <message>Object: &amp;apos;Object Repository/Representante/input_to continue to Outlook_idSIButton9&amp;apos; is clicked on</message>
  <nestedLevel>2</nestedLevel>
</record>
<record>
  <date>2020-02-03T16:41:59</date>
  <millis>1580766119756</millis>
  <sequence>77</sequence>
  <level>END</level>
  <class>com.kms.katalon.core.logging.XmlKeywordLogger</class>
  <method>endKeyword</method>
  <thread>1</thread>
  <message>End action : click(findTestObject(\&amp;quot;Object Repository/Representante/input_to continue to Outlook_idSIButton9\&amp;quot;))</message>
  <nestedLevel>1</nestedLevel>
</record>
<record>
  <date>2020-02-03T16:41:59</date>
  <millis>1580766119756</millis>
  <sequence>78</sequence>
  <level>START</level>
  <class>com.kms.katalon.core.logging.XmlKeywordLogger</class>
  <method>startKeyword</method>
  <thread>1</thread>
  <message>Start action : click(findTestObject(\&amp;quot;Object Repository/Representante/input_concat(Don  t show this again)_idBtn_Back\&amp;quot;))</message>
  <nestedLevel>1</nestedLevel>
  <property name="startLine">31</property>
  <property name="stepIndex">7</property>
</record>
<record>
  <date>2020-02-03T16:42:03</date>
  <millis>1580766123335</millis>
  <sequence>88</sequence>
  <level>PASSED</level>
  <class>com.kms.katalon.core.logging.XmlKeywordLogger</class>
  <method>logMessage</method>
  <thread>1</thread>
  <message>Object: &amp;apos;Object Repository/Representante/input_concat(Don  t show this again)_idBtn_Back&amp;apos; is clicked on</message>
  <nestedLevel>2</nestedLevel>
</record>
<record>
  <date>2020-02-03T16:42:03</date>
  <millis>1580766123335</millis>
  <sequence>89</sequence>
  <level>END</level>
  <class>com.kms.katalon.core.logging.XmlKeywordLogger</class>
  <method>endKeyword</method>
  <thread>1</thread>
  <message>End action : click(findTestObject(\&amp;quot;Object Repository/Representante/input_concat(Don  t show this again)_idBtn_Back\&amp;quot;))</message>
  <nestedLevel>1</nestedLevel>
</record>
<record>
  <date>2020-02-03T16:42:03</date>
  <millis>1580766123335</millis>
  <sequence>90</sequence>
  <level>START</level>
  <class>com.kms.katalon.core.logging.XmlKeywordLogger</class>
  <method>startKeyword</method>
  <thread>1</thread>
  <message>Start action : maximizeWindow(STOP_ON_FAILURE)</message>
  <nestedLevel>1</nestedLevel>
  <property name="startLine">33</property>
  <property name="stepIndex">8</property>
</record>
<record>
  <date>2020-02-03T16:42:07</date>
  <millis>1580766127636</millis>
  <sequence>92</sequence>
  <level>PASSED</level>
  <class>com.kms.katalon.core.logging.XmlKeywordLogger</class>
  <method>logMessage</method>
  <thread>1</thread>
  <message>Current window maximized</message>
  <nestedLevel>2</nestedLevel>
</record>
<record>
  <date>2020-02-03T16:42:07</date>
  <millis>1580766127636</millis>
  <sequence>93</sequence>
  <level>END</level>
  <class>com.kms.katalon.core.logging.XmlKeywordLogger</class>
  <method>endKeyword</method>
  <thread>1</thread>
  <message>End action : maximizeWindow(STOP_ON_FAILURE)</message>
  <nestedLevel>1</nestedLevel>
</record>
<record>
  <date>2020-02-03T16:42:07</date>
  <millis>1580766127637</millis>
  <sequence>94</sequence>
  <level>PASSED</level>
  <class>com.kms.katalon.core.logging.XmlKeywordLogger</class>
  <method>logMessage</method>
  <thread>1</thread>
  <message>Test Cases/Representante/InicioSesion_AccesoCorreo</message>
  <nestedLevel>2</nestedLevel>
</record>
<record>
  <date>2020-02-03T16:42:07</date>
  <millis>1580766127637</millis>
  <sequence>95</sequence>
  <level>END</level>
  <class>com.kms.katalon.core.logging.XmlKeywordLogger</class>
  <method>endTest</method>
  <thread>1</thread>
  <message>End Test Case : Test Cases/Representante/InicioSesion_AccesoCorreo</message>
  <nestedLevel>1</nestedLevel>
</record>
<record>
  <date>2020-02-03T16:42:07</date>
  <millis>1580766127640</millis>
  <sequence>96</sequence>
  <level>PASSED</level>
  <class>com.kms.katalon.core.logging.XmlKeywordLogger</class>
  <method>logMessage</method>
  <thread>1</thread>
  <message>Call Test Case &amp;apos;Test Cases/Representante/InicioSesion_AccesoCorreo&amp;apos; successfully</message>
  <nestedLevel>1</nestedLevel>
</record>
<record>
  <date>2020-02-03T16:42:07</date>
  <millis>1580766127640</millis>
  <sequence>97</sequence>
  <level>END</level>
  <class>com.kms.katalon.core.logging.XmlKeywordLogger</class>
  <method>endKeyword</method>
  <thread>1</thread>
  <message>End action : callTestCase(findTestCase(\&amp;quot;Representante/InicioSesion_AccesoCorreo\&amp;quot;), [:], STOP_ON_FAILURE)</message>
  <nestedLevel>1</nestedLevel>
</record>
<record>
  <date>2020-02-03T16:42:07</date>
  <millis>1580766127641</millis>
  <sequence>98</sequence>
  <level>START</level>
  <class>com.kms.katalon.core.logging.XmlKeywordLogger</class>
  <method>startKeyword</method>
  <thread>1</thread>
  <message>Start action : click(findTestObject(\&amp;quot;EjecutivoResponsable2/span_20200002 PRUEBA - APROBACIN EJECUTIVO RESPONSABLE\&amp;quot;))</message>
  <nestedLevel>1</nestedLevel>
  <property name="startLine">21</property>
  <property name="stepIndex">2</property>
</record>
<record>
  <date>2020-02-03T16:42:11</date>
  <millis>1580766131154</millis>
  <sequence>108</sequence>
  <level>PASSED</level>
  <class>com.kms.katalon.core.logging.XmlKeywordLogger</class>
  <method>logMessage</method>
  <thread>1</thread>
  <message>Object: &amp;apos;Object Repository/EjecutivoResponsable2/span_20200002 PRUEBA - APROBACIN EJECUTIVO RESPONSABLE&amp;apos; is clicked on</message>
  <nestedLevel>1</nestedLevel>
</record>
<record>
  <date>2020-02-03T16:42:11</date>
  <millis>1580766131154</millis>
  <sequence>109</sequence>
  <level>END</level>
  <class>com.kms.katalon.core.logging.XmlKeywordLogger</class>
  <method>endKeyword</method>
  <thread>1</thread>
  <message>End action : click(findTestObject(\&amp;quot;EjecutivoResponsable2/span_20200002 PRUEBA - APROBACIN EJECUTIVO RESPONSABLE\&amp;quot;))</message>
  <nestedLevel>1</nestedLevel>
</record>
<record>
  <date>2020-02-03T16:42:11</date>
  <millis>1580766131154</millis>
  <sequence>110</sequence>
  <level>START</level>
  <class>com.kms.katalon.core.logging.XmlKeywordLogger</class>
  <method>startKeyword</method>
  <thread>1</thread>
  <message>Start action : click(findTestObject(\&amp;quot;EjecutivoResponsable2/a_CORRESPONDENCIA\&amp;quot;))</message>
  <nestedLevel>1</nestedLevel>
  <property name="startLine">23</property>
  <property name="stepIndex">3</property>
</record>
<record>
  <date>2020-02-03T16:42:11</date>
  <millis>1580766131847</millis>
  <sequence>120</sequence>
  <level>PASSED</level>
  <class>com.kms.katalon.core.logging.XmlKeywordLogger</class>
  <method>logMessage</method>
  <thread>1</thread>
  <message>Object: &amp;apos;Object Repository/EjecutivoResponsable2/a_CORRESPONDENCIA&amp;apos; is clicked on</message>
  <nestedLevel>1</nestedLevel>
</record>
<record>
  <date>2020-02-03T16:42:11</date>
  <millis>1580766131847</millis>
  <sequence>121</sequence>
  <level>END</level>
  <class>com.kms.katalon.core.logging.XmlKeywordLogger</class>
  <method>endKeyword</method>
  <thread>1</thread>
  <message>End action : click(findTestObject(\&amp;quot;EjecutivoResponsable2/a_CORRESPONDENCIA\&amp;quot;))</message>
  <nestedLevel>1</nestedLevel>
</record>
<record>
  <date>2020-02-03T16:42:11</date>
  <millis>1580766131847</millis>
  <sequence>122</sequence>
  <level>START</level>
  <class>com.kms.katalon.core.logging.XmlKeywordLogger</class>
  <method>startKeyword</method>
  <thread>1</thread>
  <message>Start action : switchToWindowTitle(\&amp;quot;Control Correspondencia - 20200002\&amp;quot;)</message>
  <nestedLevel>1</nestedLevel>
  <property name="startLine">25</property>
  <property name="stepIndex">4</property>
</record>
<record>
  <date>2020-02-03T16:42:15</date>
  <millis>1580766135989</millis>
  <sequence>125</sequence>
  <level>PASSED</level>
  <class>com.kms.katalon.core.logging.XmlKeywordLogger</class>
  <method>logMessage</method>
  <thread>1</thread>
  <message>Switched to window with title: &amp;apos;Control Correspondencia - 20200002&amp;apos;</message>
  <nestedLevel>1</nestedLevel>
</record>
<record>
  <date>2020-02-03T16:42:15</date>
  <millis>1580766135989</millis>
  <sequence>126</sequence>
  <level>END</level>
  <class>com.kms.katalon.core.logging.XmlKeywordLogger</class>
  <method>endKeyword</method>
  <thread>1</thread>
  <message>End action : switchToWindowTitle(\&amp;quot;Control Correspondencia - 20200002\&amp;quot;)</message>
  <nestedLevel>1</nestedLevel>
</record>
<record>
  <date>2020-02-03T16:42:15</date>
  <millis>1580766135989</millis>
  <sequence>127</sequence>
  <level>START</level>
  <class>com.kms.katalon.core.logging.XmlKeywordLogger</class>
  <method>startKeyword</method>
  <thread>1</thread>
  <message>Start action : setText(findTestObject(\&amp;quot;EjecutivoResponsable2/div_httpstasksintergrupocomlogin_pagephpreturnmain_pagephp\&amp;quot;), \&amp;quot;link portal\&amp;quot;)</message>
  <nestedLevel>1</nestedLevel>
  <property name="startLine">27</property>
  <property name="stepIndex">5</property>
</record>
<record>
  <date>2020-02-03T16:42:16</date>
  <millis>1580766136634</millis>
  <sequence>137</sequence>
  <level>PASSED</level>
  <class>com.kms.katalon.core.logging.XmlKeywordLogger</class>
  <method>logMessage</method>
  <thread>1</thread>
  <message>Text &amp;apos;link portal&amp;apos; is set on object &amp;apos;Object Repository/EjecutivoResponsable2/div_httpstasksintergrupocomlogin_pagephpreturnmain_pagephp&amp;apos;</message>
  <nestedLevel>1</nestedLevel>
</record>
<record>
  <date>2020-02-03T16:42:16</date>
  <millis>1580766136635</millis>
  <sequence>138</sequence>
  <level>END</level>
  <class>com.kms.katalon.core.logging.XmlKeywordLogger</class>
  <method>endKeyword</method>
  <thread>1</thread>
  <message>End action : setText(findTestObject(\&amp;quot;EjecutivoResponsable2/div_httpstasksintergrupocomlogin_pagephpreturnmain_pagephp\&amp;quot;), \&amp;quot;link portal\&amp;quot;)</message>
  <nestedLevel>1</nestedLevel>
</record>
<record>
  <date>2020-02-03T16:42:16</date>
  <millis>1580766136635</millis>
  <sequence>139</sequence>
  <level>START</level>
  <class>com.kms.katalon.core.logging.XmlKeywordLogger</class>
  <method>startKeyword</method>
  <thread>1</thread>
  <message>Start action : click(findTestObject(\&amp;quot;EjecutivoResponsable2/label_GESTIN ADMINISTRATIVA\&amp;quot;))</message>
  <nestedLevel>1</nestedLevel>
  <property name="startLine">29</property>
  <property name="stepIndex">6</property>
</record>
<record>
  <date>2020-02-03T16:42:17</date>
  <millis>1580766137160</millis>
  <sequence>149</sequence>
  <level>PASSED</level>
  <class>com.kms.katalon.core.logging.XmlKeywordLogger</class>
  <method>logMessage</method>
  <thread>1</thread>
  <message>Object: &amp;apos;Object Repository/EjecutivoResponsable2/label_GESTIN ADMINISTRATIVA&amp;apos; is clicked on</message>
  <nestedLevel>1</nestedLevel>
</record>
<record>
  <date>2020-02-03T16:42:17</date>
  <millis>1580766137160</millis>
  <sequence>150</sequence>
  <level>END</level>
  <class>com.kms.katalon.core.logging.XmlKeywordLogger</class>
  <method>endKeyword</method>
  <thread>1</thread>
  <message>End action : click(findTestObject(\&amp;quot;EjecutivoResponsable2/label_GESTIN ADMINISTRATIVA\&amp;quot;))</message>
  <nestedLevel>1</nestedLevel>
</record>
<record>
  <date>2020-02-03T16:42:17</date>
  <millis>1580766137160</millis>
  <sequence>151</sequence>
  <level>START</level>
  <class>com.kms.katalon.core.logging.XmlKeywordLogger</class>
  <method>startKeyword</method>
  <thread>1</thread>
  <message>Start action : click(findTestObject(\&amp;quot;EjecutivoResponsable2/button_Completar tarea de aprobacin_Toggle35\&amp;quot;))</message>
  <nestedLevel>1</nestedLevel>
  <property name="startLine">31</property>
  <property name="stepIndex">7</property>
</record>
